[2023-02-07 21:51:30:1025] [32m[restartedMain][0;39m [34mINFO [0;39m org.springframework.boot.StartupInfoLogger.? :Starting CodeMeetsApplication using Java 11.0.18 on DESKTOP-0UFK5I4 with PID 21404 (F:\download\2th\PJT1\local\S08P12D109\backend\target\classes started by jinuk in F:\download\2th\PJT1\local\S08P12D109\backend)
[2023-02-07 21:51:30:1029] [32m[restartedMain][0;39m [34mINFO [0;39m org.springframework.boot.SpringApplication.logStartupProfileInfo :No active profile set, falling back to 1 default profile: "default"
[2023-02-07 21:51:30:1080] [32m[restartedMain][0;39m [34mINFO [0;39m org.springframework.boot.logging.DeferredLog.logTo :Devtools property defaults active! Set 'spring.devtools.add-properties' to 'false' to disable
[2023-02-07 21:51:30:1081] [32m[restartedMain][0;39m [34mINFO [0;39m org.springframework.boot.logging.DeferredLog.logTo :For additional web related logging consider setting the 'logging.level.web' property to 'DEBUG'
[2023-02-07 21:51:31:2591] [32m[restartedMain][0;39m [34mINFO [0;39m org.springframework.boot.web.embedded.tomcat.TomcatWebServer.initialize :Tomcat initialized with port(s): 18081 (http)
[2023-02-07 21:51:31:2604] [32m[restartedMain][0;39m [34mINFO [0;39m org.apache.juli.logging.DirectJDKLog.log :Starting service [Tomcat]
[2023-02-07 21:51:31:2604] [32m[restartedMain][0;39m [34mINFO [0;39m org.apache.juli.logging.DirectJDKLog.log :Starting Servlet engine: [Apache Tomcat/9.0.70]
[2023-02-07 21:51:31:2731] [32m[restartedMain][0;39m [34mINFO [0;39m org.apache.juli.logging.DirectJDKLog.log :Initializing Spring embedded WebApplicationContext
[2023-02-07 21:51:31:2732] [32m[restartedMain][0;39m [34mINFO [0;39m org.springframework.boot.web.servlet.context.ServletWebServerApplicationContext.prepareWebApplicationContext :Root WebApplicationContext: initialization completed in 1650 ms
[2023-02-07 21:51:32:3287] [32m[restartedMain][0;39m [34mINFO [0;39m com.hypeboy.codemeets.controller.FileController.<init> :F:\download\2th\PJT1\local\S08P12D109\backend\images
[2023-02-07 21:51:32:3288] [32m[restartedMain][0;39m [34mINFO [0;39m com.hypeboy.codemeets.controller.FileController.<init> :F:\download\2th\PJT1\local\S08P12D109\backend\notice
[2023-02-07 21:51:32:3789] [32m[restartedMain][0;39m [34mINFO [0;39m org.springframework.boot.devtools.autoconfigure.OptionalLiveReloadServer.startServer :LiveReload server is running on port 35729
[2023-02-07 21:51:33:4050] [32m[restartedMain][0;39m [34mINFO [0;39m org.springframework.security.web.DefaultSecurityFilterChain.<init> :Will not secure Ant [pattern='/v2/api-docs']
[2023-02-07 21:51:33:4051] [32m[restartedMain][0;39m [34mINFO [0;39m org.springframework.security.web.DefaultSecurityFilterChain.<init> :Will not secure Ant [pattern='/swagger-resources/**']
[2023-02-07 21:51:33:4052] [32m[restartedMain][0;39m [34mINFO [0;39m org.springframework.security.web.DefaultSecurityFilterChain.<init> :Will not secure Ant [pattern='/swagger-ui.html']
[2023-02-07 21:51:33:4052] [32m[restartedMain][0;39m [34mINFO [0;39m org.springframework.security.web.DefaultSecurityFilterChain.<init> :Will not secure Ant [pattern='/webjars/**']
[2023-02-07 21:51:33:4052] [32m[restartedMain][0;39m [34mINFO [0;39m org.springframework.security.web.DefaultSecurityFilterChain.<init> :Will not secure Ant [pattern='/swagger/**']
[2023-02-07 21:51:33:4053] [32m[restartedMain][0;39m [34mINFO [0;39m org.springframework.security.web.DefaultSecurityFilterChain.<init> :Will not secure Ant [pattern='/sign-api/exception']
[2023-02-07 21:51:33:4054] [32m[restartedMain][0;39m [34mINFO [0;39m org.springframework.security.web.DefaultSecurityFilterChain.<init> :Will not secure Ant [pattern='/v3/api-docs/**']
[2023-02-07 21:51:33:4054] [32m[restartedMain][0;39m [34mINFO [0;39m org.springframework.security.web.DefaultSecurityFilterChain.<init> :Will not secure Ant [pattern='/swagger-ui/**']
[2023-02-07 21:51:33:4080] [32m[restartedMain][0;39m [34mINFO [0;39m org.springframework.security.web.DefaultSecurityFilterChain.<init> :Will secure any request with [org.springframework.security.web.session.DisableEncodeUrlFilter@408c6bff, org.springframework.security.web.context.request.async.WebAsyncManagerIntegrationFilter@76cade24, org.springframework.security.web.context.SecurityContextPersistenceFilter@2fda6da6, org.springframework.security.web.header.HeaderWriterFilter@4c622602, org.springframework.security.web.authentication.logout.LogoutFilter@b0492e5, com.hypeboy.codemeets.config.security.JwtAuthenticationFilter@75772501, org.springframework.security.web.savedrequest.RequestCacheAwareFilter@3149ab10, org.springframework.security.web.servletapi.SecurityContextHolderAwareRequestFilter@294b227e, org.springframework.security.web.authentication.AnonymousAuthenticationFilter@495a3231, org.springframework.security.web.session.SessionManagementFilter@7e8dc910, org.springframework.security.web.access.ExceptionTranslationFilter@2d59fbcb, org.springframework.security.web.access.intercept.FilterSecurityInterceptor@4295db63]
[2023-02-07 21:51:33:4214] [32m[restartedMain][0;39m [34mINFO [0;39m org.springframework.boot.web.embedded.tomcat.TomcatWebServer.start :Tomcat started on port(s): 18081 (http) with context path ''
[2023-02-07 21:51:33:4771] [32m[restartedMain][0;39m [34mINFO [0;39m org.springframework.boot.StartupInfoLogger.logStarted :Started CodeMeetsApplication in 4.08 seconds (JVM running for 6.796)
[2023-02-07 21:51:47:18922] [32m[File Watcher][0;39m [34mINFO [0;39m ?.? :Restarting due to 1 class path change (0 additions, 0 deletions, 1 modification)
[2023-02-07 21:51:49:19981] [32m[Thread-12][0;39m [34mINFO [0;39m org.apache.juli.logging.DirectJDKLog.log :Stopping service [Tomcat]
[2023-02-07 21:51:49:20139] [32m[restartedMain][0;39m [34mINFO [0;39m org.springframework.boot.StartupInfoLogger.logStarting :Starting CodeMeetsApplication using Java 11.0.18 on DESKTOP-0UFK5I4 with PID 21404 (F:\download\2th\PJT1\local\S08P12D109\backend\target\classes started by jinuk in F:\download\2th\PJT1\local\S08P12D109\backend)
[2023-02-07 21:51:49:20140] [32m[restartedMain][0;39m [34mINFO [0;39m org.springframework.boot.SpringApplication.logStartupProfileInfo :No active profile set, falling back to 1 default profile: "default"
[2023-02-07 21:51:49:20588] [32m[restartedMain][0;39m [34mINFO [0;39m org.springframework.boot.web.embedded.tomcat.TomcatWebServer.initialize :Tomcat initialized with port(s): 18081 (http)
[2023-02-07 21:51:49:20589] [32m[restartedMain][0;39m [34mINFO [0;39m org.apache.juli.logging.DirectJDKLog.log :Starting service [Tomcat]
[2023-02-07 21:51:49:20589] [32m[restartedMain][0;39m [34mINFO [0;39m org.apache.juli.logging.DirectJDKLog.log :Starting Servlet engine: [Apache Tomcat/9.0.70]
[2023-02-07 21:51:49:20627] [32m[restartedMain][0;39m [34mINFO [0;39m org.apache.juli.logging.DirectJDKLog.log :Initializing Spring embedded WebApplicationContext
[2023-02-07 21:51:49:20628] [32m[restartedMain][0;39m [34mINFO [0;39m org.springframework.boot.web.servlet.context.ServletWebServerApplicationContext.prepareWebApplicationContext :Root WebApplicationContext: initialization completed in 485 ms
[2023-02-07 21:51:49:20793] [32m[restartedMain][0;39m [34mINFO [0;39m com.hypeboy.codemeets.controller.FileController.<init> :F:\download\2th\PJT1\local\S08P12D109\backend\images
[2023-02-07 21:51:49:20794] [32m[restartedMain][0;39m [34mINFO [0;39m com.hypeboy.codemeets.controller.FileController.<init> :F:\download\2th\PJT1\local\S08P12D109\backend\notice
[2023-02-07 21:51:49:20906] [32m[restartedMain][0;39m [34mINFO [0;39m org.springframework.boot.devtools.autoconfigure.OptionalLiveReloadServer.startServer :LiveReload server is running on port 35729
[2023-02-07 21:51:49:20951] [32m[restartedMain][0;39m [34mINFO [0;39m org.springframework.security.web.DefaultSecurityFilterChain.<init> :Will not secure Ant [pattern='/v2/api-docs']
[2023-02-07 21:51:49:20952] [32m[restartedMain][0;39m [34mINFO [0;39m org.springframework.security.web.DefaultSecurityFilterChain.<init> :Will not secure Ant [pattern='/swagger-resources/**']
[2023-02-07 21:51:49:20952] [32m[restartedMain][0;39m [34mINFO [0;39m org.springframework.security.web.DefaultSecurityFilterChain.<init> :Will not secure Ant [pattern='/swagger-ui.html']
[2023-02-07 21:51:49:20952] [32m[restartedMain][0;39m [34mINFO [0;39m org.springframework.security.web.DefaultSecurityFilterChain.<init> :Will not secure Ant [pattern='/webjars/**']
[2023-02-07 21:51:49:20953] [32m[restartedMain][0;39m [34mINFO [0;39m org.springframework.security.web.DefaultSecurityFilterChain.<init> :Will not secure Ant [pattern='/swagger/**']
[2023-02-07 21:51:49:20953] [32m[restartedMain][0;39m [34mINFO [0;39m org.springframework.security.web.DefaultSecurityFilterChain.<init> :Will not secure Ant [pattern='/sign-api/exception']
[2023-02-07 21:51:49:20953] [32m[restartedMain][0;39m [34mINFO [0;39m org.springframework.security.web.DefaultSecurityFilterChain.<init> :Will not secure Ant [pattern='/v3/api-docs/**']
[2023-02-07 21:51:49:20954] [32m[restartedMain][0;39m [34mINFO [0;39m org.springframework.security.web.DefaultSecurityFilterChain.<init> :Will not secure Ant [pattern='/swagger-ui/**']
[2023-02-07 21:51:49:20960] [32m[restartedMain][0;39m [34mINFO [0;39m org.springframework.security.web.DefaultSecurityFilterChain.<init> :Will secure any request with [org.springframework.security.web.session.DisableEncodeUrlFilter@4b88d751, org.springframework.security.web.context.request.async.WebAsyncManagerIntegrationFilter@43b119db, org.springframework.security.web.context.SecurityContextPersistenceFilter@7a1dc282, org.springframework.security.web.header.HeaderWriterFilter@10923cb5, org.springframework.security.web.authentication.logout.LogoutFilter@1250035f, com.hypeboy.codemeets.config.security.JwtAuthenticationFilter@38a55f27, org.springframework.security.web.savedrequest.RequestCacheAwareFilter@4c4d4deb, org.springframework.security.web.servletapi.SecurityContextHolderAwareRequestFilter@4d3ba743, org.springframework.security.web.authentication.AnonymousAuthenticationFilter@147f3731, org.springframework.security.web.session.SessionManagementFilter@7b260369, org.springframework.security.web.access.ExceptionTranslationFilter@1254965c, org.springframework.security.web.access.intercept.FilterSecurityInterceptor@5efe510b]
[2023-02-07 21:51:50:20995] [32m[restartedMain][0;39m [34mINFO [0;39m org.springframework.boot.web.embedded.tomcat.TomcatWebServer.start :Tomcat started on port(s): 18081 (http) with context path ''
[2023-02-07 21:51:50:21212] [32m[restartedMain][0;39m [34mINFO [0;39m org.springframework.boot.StartupInfoLogger.logStarted :Started CodeMeetsApplication in 1.15 seconds (JVM running for 23.237)
[2023-02-07 21:51:50:21214] [32m[restartedMain][0;39m [34mINFO [0;39m org.springframework.boot.devtools.autoconfigure.ConditionEvaluationDeltaLoggingListener.onApplicationEvent :Condition evaluation unchanged
[2023-02-07 21:52:46:77084] [32m[File Watcher][0;39m [34mINFO [0;39m ?.? :Restarting due to 1 class path change (0 additions, 0 deletions, 1 modification)
[2023-02-07 21:52:47:78150] [32m[Thread-15][0;39m [34mINFO [0;39m org.apache.juli.logging.DirectJDKLog.log :Stopping service [Tomcat]
[2023-02-07 21:52:47:78301] [32m[restartedMain][0;39m [34mINFO [0;39m org.springframework.boot.StartupInfoLogger.logStarting :Starting CodeMeetsApplication using Java 11.0.18 on DESKTOP-0UFK5I4 with PID 21404 (F:\download\2th\PJT1\local\S08P12D109\backend\target\classes started by jinuk in F:\download\2th\PJT1\local\S08P12D109\backend)
[2023-02-07 21:52:47:78301] [32m[restartedMain][0;39m [34mINFO [0;39m org.springframework.boot.SpringApplication.logStartupProfileInfo :No active profile set, falling back to 1 default profile: "default"
[2023-02-07 21:52:47:78706] [32m[restartedMain][0;39m [34mINFO [0;39m org.springframework.boot.web.embedded.tomcat.TomcatWebServer.initialize :Tomcat initialized with port(s): 18081 (http)
[2023-02-07 21:52:47:78707] [32m[restartedMain][0;39m [34mINFO [0;39m org.apache.juli.logging.DirectJDKLog.log :Starting service [Tomcat]
[2023-02-07 21:52:47:78707] [32m[restartedMain][0;39m [34mINFO [0;39m org.apache.juli.logging.DirectJDKLog.log :Starting Servlet engine: [Apache Tomcat/9.0.70]
[2023-02-07 21:52:47:78750] [32m[restartedMain][0;39m [34mINFO [0;39m org.apache.juli.logging.DirectJDKLog.log :Initializing Spring embedded WebApplicationContext
[2023-02-07 21:52:47:78750] [32m[restartedMain][0;39m [34mINFO [0;39m org.springframework.boot.web.servlet.context.ServletWebServerApplicationContext.prepareWebApplicationContext :Root WebApplicationContext: initialization completed in 447 ms
[2023-02-07 21:52:47:78925] [32m[restartedMain][0;39m [34mINFO [0;39m com.hypeboy.codemeets.controller.FileController.<init> :F:\download\2th\PJT1\local\S08P12D109\backend\images
[2023-02-07 21:52:47:78925] [32m[restartedMain][0;39m [34mINFO [0;39m com.hypeboy.codemeets.controller.FileController.<init> :F:\download\2th\PJT1\local\S08P12D109\backend\notice
[2023-02-07 21:52:48:79034] [32m[restartedMain][0;39m [34mINFO [0;39m org.springframework.boot.devtools.autoconfigure.OptionalLiveReloadServer.startServer :LiveReload server is running on port 35729
[2023-02-07 21:52:48:79086] [32m[restartedMain][0;39m [34mINFO [0;39m org.springframework.security.web.DefaultSecurityFilterChain.<init> :Will not secure Ant [pattern='/v2/api-docs']
[2023-02-07 21:52:48:79086] [32m[restartedMain][0;39m [34mINFO [0;39m org.springframework.security.web.DefaultSecurityFilterChain.<init> :Will not secure Ant [pattern='/swagger-resources/**']
[2023-02-07 21:52:48:79087] [32m[restartedMain][0;39m [34mINFO [0;39m org.springframework.security.web.DefaultSecurityFilterChain.<init> :Will not secure Ant [pattern='/swagger-ui.html']
[2023-02-07 21:52:48:79087] [32m[restartedMain][0;39m [34mINFO [0;39m org.springframework.security.web.DefaultSecurityFilterChain.<init> :Will not secure Ant [pattern='/webjars/**']
[2023-02-07 21:52:48:79087] [32m[restartedMain][0;39m [34mINFO [0;39m org.springframework.security.web.DefaultSecurityFilterChain.<init> :Will not secure Ant [pattern='/swagger/**']
[2023-02-07 21:52:48:79087] [32m[restartedMain][0;39m [34mINFO [0;39m org.springframework.security.web.DefaultSecurityFilterChain.<init> :Will not secure Ant [pattern='/sign-api/exception']
[2023-02-07 21:52:48:79088] [32m[restartedMain][0;39m [34mINFO [0;39m org.springframework.security.web.DefaultSecurityFilterChain.<init> :Will not secure Ant [pattern='/v3/api-docs/**']
[2023-02-07 21:52:48:79088] [32m[restartedMain][0;39m [34mINFO [0;39m org.springframework.security.web.DefaultSecurityFilterChain.<init> :Will not secure Ant [pattern='/swagger-ui/**']
[2023-02-07 21:52:48:79091] [32m[restartedMain][0;39m [34mINFO [0;39m org.springframework.security.web.DefaultSecurityFilterChain.<init> :Will secure any request with [org.springframework.security.web.session.DisableEncodeUrlFilter@a07756, org.springframework.security.web.context.request.async.WebAsyncManagerIntegrationFilter@18fe4533, org.springframework.security.web.context.SecurityContextPersistenceFilter@1db2404a, org.springframework.security.web.header.HeaderWriterFilter@2bcca86b, org.springframework.security.web.authentication.logout.LogoutFilter@6b5c545c, com.hypeboy.codemeets.config.security.JwtAuthenticationFilter@1f305191, org.springframework.security.web.savedrequest.RequestCacheAwareFilter@298f5fa, org.springframework.security.web.servletapi.SecurityContextHolderAwareRequestFilter@4cd98a32, org.springframework.security.web.authentication.AnonymousAuthenticationFilter@2b3858e5, org.springframework.security.web.session.SessionManagementFilter@6dd8b95a, org.springframework.security.web.access.ExceptionTranslationFilter@726dbb15, org.springframework.security.web.access.intercept.FilterSecurityInterceptor@5c8d0634]
[2023-02-07 21:52:48:79113] [32m[restartedMain][0;39m [34mINFO [0;39m org.springframework.boot.web.embedded.tomcat.TomcatWebServer.start :Tomcat started on port(s): 18081 (http) with context path ''
[2023-02-07 21:52:48:79310] [32m[restartedMain][0;39m [34mINFO [0;39m org.springframework.boot.StartupInfoLogger.logStarted :Started CodeMeetsApplication in 1.102 seconds (JVM running for 81.335)
[2023-02-07 21:52:48:79312] [32m[restartedMain][0;39m [34mINFO [0;39m org.springframework.boot.devtools.autoconfigure.ConditionEvaluationDeltaLoggingListener.onApplicationEvent :Condition evaluation unchanged
[2023-02-07 21:52:50:81593] [32m[File Watcher][0;39m [34mINFO [0;39m ?.? :Restarting due to 1 class path change (0 additions, 0 deletions, 1 modification)
[2023-02-07 21:52:51:82613] [32m[Thread-23][0;39m [34mINFO [0;39m org.apache.juli.logging.DirectJDKLog.log :Stopping service [Tomcat]
[2023-02-07 21:52:51:82743] [32m[restartedMain][0;39m [34mINFO [0;39m org.springframework.boot.StartupInfoLogger.logStarting :Starting CodeMeetsApplication using Java 11.0.18 on DESKTOP-0UFK5I4 with PID 21404 (F:\download\2th\PJT1\local\S08P12D109\backend\target\classes started by jinuk in F:\download\2th\PJT1\local\S08P12D109\backend)
[2023-02-07 21:52:51:82744] [32m[restartedMain][0;39m [34mINFO [0;39m org.springframework.boot.SpringApplication.logStartupProfileInfo :No active profile set, falling back to 1 default profile: "default"
[2023-02-07 21:52:52:83226] [32m[restartedMain][0;39m [34mINFO [0;39m org.springframework.boot.web.embedded.tomcat.TomcatWebServer.initialize :Tomcat initialized with port(s): 18081 (http)
[2023-02-07 21:52:52:83228] [32m[restartedMain][0;39m [34mINFO [0;39m org.apache.juli.logging.DirectJDKLog.log :Starting service [Tomcat]
[2023-02-07 21:52:52:83228] [32m[restartedMain][0;39m [34mINFO [0;39m org.apache.juli.logging.DirectJDKLog.log :Starting Servlet engine: [Apache Tomcat/9.0.70]
[2023-02-07 21:52:52:83270] [32m[restartedMain][0;39m [34mINFO [0;39m org.apache.juli.logging.DirectJDKLog.log :Initializing Spring embedded WebApplicationContext
[2023-02-07 21:52:52:83271] [32m[restartedMain][0;39m [34mINFO [0;39m org.springframework.boot.web.servlet.context.ServletWebServerApplicationContext.prepareWebApplicationContext :Root WebApplicationContext: initialization completed in 525 ms
[2023-02-07 21:52:52:83464] [32m[restartedMain][0;39m [34mINFO [0;39m com.hypeboy.codemeets.controller.FileController.<init> :F:\download\2th\PJT1\local\S08P12D109\backend\images
[2023-02-07 21:52:52:83464] [32m[restartedMain][0;39m [34mINFO [0;39m com.hypeboy.codemeets.controller.FileController.<init> :F:\download\2th\PJT1\local\S08P12D109\backend\notice
[2023-02-07 21:52:52:83617] [32m[restartedMain][0;39m [34mINFO [0;39m org.springframework.boot.devtools.autoconfigure.OptionalLiveReloadServer.startServer :LiveReload server is running on port 35729
[2023-02-07 21:52:52:83704] [32m[restartedMain][0;39m [34mINFO [0;39m org.springframework.security.web.DefaultSecurityFilterChain.<init> :Will not secure Ant [pattern='/v2/api-docs']
[2023-02-07 21:52:52:83704] [32m[restartedMain][0;39m [34mINFO [0;39m org.springframework.security.web.DefaultSecurityFilterChain.<init> :Will not secure Ant [pattern='/swagger-resources/**']
[2023-02-07 21:52:52:83705] [32m[restartedMain][0;39m [34mINFO [0;39m org.springframework.security.web.DefaultSecurityFilterChain.<init> :Will not secure Ant [pattern='/swagger-ui.html']
[2023-02-07 21:52:52:83705] [32m[restartedMain][0;39m [34mINFO [0;39m org.springframework.security.web.DefaultSecurityFilterChain.<init> :Will not secure Ant [pattern='/webjars/**']
[2023-02-07 21:52:52:83706] [32m[restartedMain][0;39m [34mINFO [0;39m org.springframework.security.web.DefaultSecurityFilterChain.<init> :Will not secure Ant [pattern='/swagger/**']
[2023-02-07 21:52:52:83706] [32m[restartedMain][0;39m [34mINFO [0;39m org.springframework.security.web.DefaultSecurityFilterChain.<init> :Will not secure Ant [pattern='/sign-api/exception']
[2023-02-07 21:52:52:83707] [32m[restartedMain][0;39m [34mINFO [0;39m org.springframework.security.web.DefaultSecurityFilterChain.<init> :Will not secure Ant [pattern='/v3/api-docs/**']
[2023-02-07 21:52:52:83707] [32m[restartedMain][0;39m [34mINFO [0;39m org.springframework.security.web.DefaultSecurityFilterChain.<init> :Will not secure Ant [pattern='/swagger-ui/**']
[2023-02-07 21:52:52:83715] [32m[restartedMain][0;39m [34mINFO [0;39m org.springframework.security.web.DefaultSecurityFilterChain.<init> :Will secure any request with [org.springframework.security.web.session.DisableEncodeUrlFilter@20c30ebd, org.springframework.security.web.context.request.async.WebAsyncManagerIntegrationFilter@2782c416, org.springframework.security.web.context.SecurityContextPersistenceFilter@4fa4d725, org.springframework.security.web.header.HeaderWriterFilter@77d869b4, org.springframework.security.web.authentication.logout.LogoutFilter@7f850b3, com.hypeboy.codemeets.config.security.JwtAuthenticationFilter@7ba94edb, org.springframework.security.web.savedrequest.RequestCacheAwareFilter@433d7456, org.springframework.security.web.servletapi.SecurityContextHolderAwareRequestFilter@771c304c, org.springframework.security.web.authentication.AnonymousAuthenticationFilter@27a3ad6c, org.springframework.security.web.session.SessionManagementFilter@768df08f, org.springframework.security.web.access.ExceptionTranslationFilter@4fe86fa8, org.springframework.security.web.access.intercept.FilterSecurityInterceptor@77857a78]
[2023-02-07 21:52:52:83762] [32m[restartedMain][0;39m [34mINFO [0;39m org.springframework.boot.web.embedded.tomcat.TomcatWebServer.start :Tomcat started on port(s): 18081 (http) with context path ''
[2023-02-07 21:52:53:84162] [32m[restartedMain][0;39m [34mINFO [0;39m org.springframework.boot.StartupInfoLogger.logStarted :Started CodeMeetsApplication in 1.488 seconds (JVM running for 86.187)
[2023-02-07 21:52:53:84165] [32m[restartedMain][0;39m [34mINFO [0;39m org.springframework.boot.devtools.autoconfigure.ConditionEvaluationDeltaLoggingListener.onApplicationEvent :Condition evaluation unchanged
[2023-02-07 21:53:08:99637] [32m[File Watcher][0;39m [34mINFO [0;39m ?.? :Restarting due to 1 class path change (0 additions, 0 deletions, 1 modification)
[2023-02-07 21:53:09:100598] [32m[Thread-31][0;39m [34mINFO [0;39m org.apache.juli.logging.DirectJDKLog.log :Stopping service [Tomcat]
[2023-02-07 21:53:09:100744] [32m[restartedMain][0;39m [34mINFO [0;39m org.springframework.boot.StartupInfoLogger.logStarting :Starting CodeMeetsApplication using Java 11.0.18 on DESKTOP-0UFK5I4 with PID 21404 (F:\download\2th\PJT1\local\S08P12D109\backend\target\classes started by jinuk in F:\download\2th\PJT1\local\S08P12D109\backend)
[2023-02-07 21:53:09:100745] [32m[restartedMain][0;39m [34mINFO [0;39m org.springframework.boot.SpringApplication.logStartupProfileInfo :No active profile set, falling back to 1 default profile: "default"
[2023-02-07 21:53:10:101148] [32m[restartedMain][0;39m [34mINFO [0;39m org.springframework.boot.web.embedded.tomcat.TomcatWebServer.initialize :Tomcat initialized with port(s): 18081 (http)
[2023-02-07 21:53:10:101150] [32m[restartedMain][0;39m [34mINFO [0;39m org.apache.juli.logging.DirectJDKLog.log :Starting service [Tomcat]
[2023-02-07 21:53:10:101150] [32m[restartedMain][0;39m [34mINFO [0;39m org.apache.juli.logging.DirectJDKLog.log :Starting Servlet engine: [Apache Tomcat/9.0.70]
[2023-02-07 21:53:10:101184] [32m[restartedMain][0;39m [34mINFO [0;39m org.apache.juli.logging.DirectJDKLog.log :Initializing Spring embedded WebApplicationContext
[2023-02-07 21:53:10:101185] [32m[restartedMain][0;39m [34mINFO [0;39m org.springframework.boot.web.servlet.context.ServletWebServerApplicationContext.prepareWebApplicationContext :Root WebApplicationContext: initialization completed in 438 ms
[2023-02-07 21:53:10:101308] [32m[restartedMain][0;39m [34mINFO [0;39m com.hypeboy.codemeets.controller.FileController.<init> :F:\download\2th\PJT1\local\S08P12D109\backend\images
[2023-02-07 21:53:10:101309] [32m[restartedMain][0;39m [34mINFO [0;39m com.hypeboy.codemeets.controller.FileController.<init> :F:\download\2th\PJT1\local\S08P12D109\backend\notice
[2023-02-07 21:53:10:101428] [32m[restartedMain][0;39m [34mINFO [0;39m org.springframework.boot.devtools.autoconfigure.OptionalLiveReloadServer.startServer :LiveReload server is running on port 35729
[2023-02-07 21:53:10:101475] [32m[restartedMain][0;39m [34mINFO [0;39m org.springframework.security.web.DefaultSecurityFilterChain.<init> :Will not secure Ant [pattern='/v2/api-docs']
[2023-02-07 21:53:10:101476] [32m[restartedMain][0;39m [34mINFO [0;39m org.springframework.security.web.DefaultSecurityFilterChain.<init> :Will not secure Ant [pattern='/swagger-resources/**']
[2023-02-07 21:53:10:101476] [32m[restartedMain][0;39m [34mINFO [0;39m org.springframework.security.web.DefaultSecurityFilterChain.<init> :Will not secure Ant [pattern='/swagger-ui.html']
[2023-02-07 21:53:10:101476] [32m[restartedMain][0;39m [34mINFO [0;39m org.springframework.security.web.DefaultSecurityFilterChain.<init> :Will not secure Ant [pattern='/webjars/**']
[2023-02-07 21:53:10:101477] [32m[restartedMain][0;39m [34mINFO [0;39m org.springframework.security.web.DefaultSecurityFilterChain.<init> :Will not secure Ant [pattern='/swagger/**']
[2023-02-07 21:53:10:101477] [32m[restartedMain][0;39m [34mINFO [0;39m org.springframework.security.web.DefaultSecurityFilterChain.<init> :Will not secure Ant [pattern='/sign-api/exception']
[2023-02-07 21:53:10:101477] [32m[restartedMain][0;39m [34mINFO [0;39m org.springframework.security.web.DefaultSecurityFilterChain.<init> :Will not secure Ant [pattern='/v3/api-docs/**']
[2023-02-07 21:53:10:101477] [32m[restartedMain][0;39m [34mINFO [0;39m org.springframework.security.web.DefaultSecurityFilterChain.<init> :Will not secure Ant [pattern='/swagger-ui/**']
[2023-02-07 21:53:10:101481] [32m[restartedMain][0;39m [34mINFO [0;39m org.springframework.security.web.DefaultSecurityFilterChain.<init> :Will secure any request with [org.springframework.security.web.session.DisableEncodeUrlFilter@33ff6879, org.springframework.security.web.context.request.async.WebAsyncManagerIntegrationFilter@4f974b9c, org.springframework.security.web.context.SecurityContextPersistenceFilter@1bc9c307, org.springframework.security.web.header.HeaderWriterFilter@3b143555, org.springframework.security.web.authentication.logout.LogoutFilter@83de37f, com.hypeboy.codemeets.config.security.JwtAuthenticationFilter@7e68096d, org.springframework.security.web.savedrequest.RequestCacheAwareFilter@652e4936, org.springframework.security.web.servletapi.SecurityContextHolderAwareRequestFilter@7f0a665b, org.springframework.security.web.authentication.AnonymousAuthenticationFilter@2173be22, org.springframework.security.web.session.SessionManagementFilter@26408a24, org.springframework.security.web.access.ExceptionTranslationFilter@201bd058, org.springframework.security.web.access.intercept.FilterSecurityInterceptor@47231cee]
[2023-02-07 21:53:10:101506] [32m[restartedMain][0;39m [34mINFO [0;39m org.springframework.boot.web.embedded.tomcat.TomcatWebServer.start :Tomcat started on port(s): 18081 (http) with context path ''
[2023-02-07 21:53:10:101685] [32m[restartedMain][0;39m [34mINFO [0;39m org.springframework.boot.StartupInfoLogger.logStarted :Started CodeMeetsApplication in 1.029 seconds (JVM running for 103.71)
[2023-02-07 21:53:10:101686] [32m[restartedMain][0;39m [34mINFO [0;39m org.springframework.boot.devtools.autoconfigure.ConditionEvaluationDeltaLoggingListener.onApplicationEvent :Condition evaluation unchanged
[2023-02-07 21:55:19:230131] [32m[File Watcher][0;39m [34mINFO [0;39m ?.? :Restarting due to 1 class path change (0 additions, 0 deletions, 1 modification)
[2023-02-07 21:55:20:231159] [32m[Thread-39][0;39m [34mINFO [0;39m org.apache.juli.logging.DirectJDKLog.log :Stopping service [Tomcat]
[2023-02-07 21:55:20:231306] [32m[restartedMain][0;39m [34mINFO [0;39m org.springframework.boot.StartupInfoLogger.logStarting :Starting CodeMeetsApplication using Java 11.0.18 on DESKTOP-0UFK5I4 with PID 21404 (F:\download\2th\PJT1\local\S08P12D109\backend\target\classes started by jinuk in F:\download\2th\PJT1\local\S08P12D109\backend)
[2023-02-07 21:55:20:231306] [32m[restartedMain][0;39m [34mINFO [0;39m org.springframework.boot.SpringApplication.logStartupProfileInfo :No active profile set, falling back to 1 default profile: "default"
[2023-02-07 21:55:20:231835] [32m[restartedMain][0;39m [34mINFO [0;39m org.springframework.boot.web.embedded.tomcat.TomcatWebServer.initialize :Tomcat initialized with port(s): 18081 (http)
[2023-02-07 21:55:20:231836] [32m[restartedMain][0;39m [34mINFO [0;39m org.apache.juli.logging.DirectJDKLog.log :Starting service [Tomcat]
[2023-02-07 21:55:20:231837] [32m[restartedMain][0;39m [34mINFO [0;39m org.apache.juli.logging.DirectJDKLog.log :Starting Servlet engine: [Apache Tomcat/9.0.70]
[2023-02-07 21:55:20:231893] [32m[restartedMain][0;39m [34mINFO [0;39m org.apache.juli.logging.DirectJDKLog.log :Initializing Spring embedded WebApplicationContext
[2023-02-07 21:55:20:231893] [32m[restartedMain][0;39m [34mINFO [0;39m org.springframework.boot.web.servlet.context.ServletWebServerApplicationContext.prepareWebApplicationContext :Root WebApplicationContext: initialization completed in 585 ms
[2023-02-07 21:55:21:232064] [32m[restartedMain][0;39m [34mINFO [0;39m com.hypeboy.codemeets.controller.FileController.<init> :F:\download\2th\PJT1\local\S08P12D109\backend\images
[2023-02-07 21:55:21:232065] [32m[restartedMain][0;39m [34mINFO [0;39m com.hypeboy.codemeets.controller.FileController.<init> :F:\download\2th\PJT1\local\S08P12D109\backend\notice
[2023-02-07 21:55:21:232168] [32m[restartedMain][0;39m [34mINFO [0;39m org.springframework.boot.devtools.autoconfigure.OptionalLiveReloadServer.startServer :LiveReload server is running on port 35729
[2023-02-07 21:55:21:232216] [32m[restartedMain][0;39m [34mINFO [0;39m org.springframework.security.web.DefaultSecurityFilterChain.<init> :Will not secure Ant [pattern='/v2/api-docs']
[2023-02-07 21:55:21:232217] [32m[restartedMain][0;39m [34mINFO [0;39m org.springframework.security.web.DefaultSecurityFilterChain.<init> :Will not secure Ant [pattern='/swagger-resources/**']
[2023-02-07 21:55:21:232217] [32m[restartedMain][0;39m [34mINFO [0;39m org.springframework.security.web.DefaultSecurityFilterChain.<init> :Will not secure Ant [pattern='/swagger-ui.html']
[2023-02-07 21:55:21:232217] [32m[restartedMain][0;39m [34mINFO [0;39m org.springframework.security.web.DefaultSecurityFilterChain.<init> :Will not secure Ant [pattern='/webjars/**']
[2023-02-07 21:55:21:232217] [32m[restartedMain][0;39m [34mINFO [0;39m org.springframework.security.web.DefaultSecurityFilterChain.<init> :Will not secure Ant [pattern='/swagger/**']
[2023-02-07 21:55:21:232217] [32m[restartedMain][0;39m [34mINFO [0;39m org.springframework.security.web.DefaultSecurityFilterChain.<init> :Will not secure Ant [pattern='/sign-api/exception']
[2023-02-07 21:55:21:232218] [32m[restartedMain][0;39m [34mINFO [0;39m org.springframework.security.web.DefaultSecurityFilterChain.<init> :Will not secure Ant [pattern='/v3/api-docs/**']
[2023-02-07 21:55:21:232218] [32m[restartedMain][0;39m [34mINFO [0;39m org.springframework.security.web.DefaultSecurityFilterChain.<init> :Will not secure Ant [pattern='/swagger-ui/**']
[2023-02-07 21:55:21:232223] [32m[restartedMain][0;39m [34mINFO [0;39m org.springframework.security.web.DefaultSecurityFilterChain.<init> :Will secure any request with [org.springframework.security.web.session.DisableEncodeUrlFilter@68d11d6c, org.springframework.security.web.context.request.async.WebAsyncManagerIntegrationFilter@7674d9b4, org.springframework.security.web.context.SecurityContextPersistenceFilter@bf9c29f, org.springframework.security.web.header.HeaderWriterFilter@572a6b0c, org.springframework.security.web.authentication.logout.LogoutFilter@5a150db3, com.hypeboy.codemeets.config.security.JwtAuthenticationFilter@44e6bab, org.springframework.security.web.savedrequest.RequestCacheAwareFilter@322a772a, org.springframework.security.web.servletapi.SecurityContextHolderAwareRequestFilter@365c1868, org.springframework.security.web.authentication.AnonymousAuthenticationFilter@53ae5e26, org.springframework.security.web.session.SessionManagementFilter@3a72774d, org.springframework.security.web.access.ExceptionTranslationFilter@6a9a7e14, org.springframework.security.web.access.intercept.FilterSecurityInterceptor@6ea73206]
[2023-02-07 21:55:21:232255] [32m[restartedMain][0;39m [34mINFO [0;39m org.springframework.boot.web.embedded.tomcat.TomcatWebServer.start :Tomcat started on port(s): 18081 (http) with context path ''
[2023-02-07 21:55:21:232472] [32m[restartedMain][0;39m [34mINFO [0;39m org.springframework.boot.StartupInfoLogger.logStarted :Started CodeMeetsApplication in 1.246 seconds (JVM running for 234.497)
[2023-02-07 21:55:21:232474] [32m[restartedMain][0;39m [34mINFO [0;39m org.springframework.boot.devtools.autoconfigure.ConditionEvaluationDeltaLoggingListener.onApplicationEvent :Condition evaluation unchanged
[2023-02-07 21:55:26:237718] [32m[http-nio-0.0.0.0-18081-exec-1][0;39m [34mINFO [0;39m ?.? :Initializing Spring DispatcherServlet 'dispatcherServlet'
[2023-02-07 21:55:26:237719] [32m[http-nio-0.0.0.0-18081-exec-1][0;39m [34mINFO [0;39m org.springframework.web.servlet.FrameworkServlet.initServletBean :Initializing Servlet 'dispatcherServlet'
[2023-02-07 21:55:26:237720] [32m[http-nio-0.0.0.0-18081-exec-1][0;39m [34mINFO [0;39m org.springframework.web.servlet.FrameworkServlet.initServletBean :Completed initialization in 1 ms
[2023-02-07 21:55:46:257906] [32m[http-nio-0.0.0.0-18081-exec-9][0;39m [34mINFO [0;39m com.hypeboy.codemeets.config.security.JwtAuthenticationFilter.doFilterInternal :[doFilterInternal] token 값 추출 완료. token : null
[2023-02-07 21:55:46:257907] [32m[http-nio-0.0.0.0-18081-exec-9][0;39m [34mINFO [0;39m com.hypeboy.codemeets.config.security.JwtAuthenticationFilter.doFilterInternal :[doFilterInternal] token 값 유효성 체크 시작
[2023-02-07 21:55:46:257943] [32m[http-nio-0.0.0.0-18081-exec-9][0;39m [34mINFO [0;39m com.zaxxer.hikari.HikariDataSource.getConnection :HikariPool-1 - Starting...
[2023-02-07 21:55:47:258194] [32m[http-nio-0.0.0.0-18081-exec-9][0;39m [34mINFO [0;39m com.zaxxer.hikari.HikariDataSource.getConnection :HikariPool-1 - Start completed.
[2023-02-07 21:55:47:258210] [32m[http-nio-0.0.0.0-18081-exec-9][0;39m [34mINFO [0;39m com.hypeboy.codemeets.controller.LoginController.login :login - 호출
[2023-02-07 21:55:47:258212] [32m[http-nio-0.0.0.0-18081-exec-9][0;39m [34mINFO [0;39m com.hypeboy.codemeets.model.service.LoginServiceImpl.login :login - 실행
[2023-02-07 21:55:47:258271] [32m[http-nio-0.0.0.0-18081-exec-9][0;39m [34mINFO [0;39m com.hypeboy.codemeets.model.service.LoginServiceImpl.login :LoginServiceImpl login - LoginDto(userPk=1, userId=admin01, password={bcrypt}$2a$10$YOqPUQEvsUeodwWbn.JFx.CMNvVhTknm2vUz2HlIRlmLTVcjfn6CK, token=-, userActive=1)
[2023-02-07 21:55:47:258375] [32m[http-nio-0.0.0.0-18081-exec-9][0;39m [34mINFO [0;39m com.hypeboy.codemeets.controller.LoginController.login :LoginController - login LoginDto(userPk=1, userId=admin01, password={bcrypt}$2a$10$YOqPUQEvsUeodwWbn.JFx.CMNvVhTknm2vUz2HlIRlmLTVcjfn6CK, token=-, userActive=1)
[2023-02-07 21:55:47:258404] [32m[http-nio-0.0.0.0-18081-exec-9][0;39m [34mINFO [0;39m com.hypeboy.codemeets.model.service.LoginServiceImpl.saveRefreshToken :saveRefreshToken - 실행
[2023-02-07 21:55:59:270938] [32m[http-nio-0.0.0.0-18081-exec-10][0;39m [34mINFO [0;39m com.hypeboy.codemeets.config.security.JwtAuthenticationFilter.doFilterInternal :[doFilterInternal] token 값 추출 완료. token : null
[2023-02-07 21:55:59:270938] [32m[http-nio-0.0.0.0-18081-exec-10][0;39m [34mINFO [0;39m com.hypeboy.codemeets.config.security.JwtAuthenticationFilter.doFilterInternal :[doFilterInternal] token 값 유효성 체크 시작
[2023-02-07 21:55:59:270941] [32m[http-nio-0.0.0.0-18081-exec-10][0;39m [34mINFO [0;39m com.hypeboy.codemeets.controller.GroupController.groupList :group list 호출
[2023-02-07 21:55:59:270959] [32m[http-nio-0.0.0.0-18081-exec-10][0;39m [34mINFO [0;39m com.hypeboy.codemeets.controller.GroupController.groupList :사용가능한 토큰입니다
[2023-02-07 21:55:59:270960] [32m[http-nio-0.0.0.0-18081-exec-10][0;39m [34mINFO [0;39m com.hypeboy.codemeets.controller.GroupController.groupList :userPk - 1
[2023-02-07 21:56:00:270982] [32m[http-nio-0.0.0.0-18081-exec-10][0;39m [34mINFO [0;39m com.hypeboy.codemeets.controller.GroupController.groupList :gpList 호출
[2023-02-07 21:56:00:270994] [32m[http-nio-0.0.0.0-18081-exec-10][0;39m [34mINFO [0;39m com.hypeboy.codemeets.controller.GroupController.groupList :[GroupListDto(cnt=0, groupName=그룹만들기테스트2, nickname=asdddd, count=0, callStartTime=null, groupPk=0, userPk=0, managerId=24, total=0, GroupUrl=null), GroupListDto(cnt=0, groupName=그룹만들기테스트3, nickname=asdddd, count=0, callStartTime=null, groupPk=0, userPk=0, managerId=24, total=0, GroupUrl=null), GroupListDto(cnt=0, groupName=그룹만들기테스트3, nickname=asdddd, count=0, callStartTime=null, groupPk=0, userPk=0, managerId=24, total=0, GroupUrl=null), GroupListDto(cnt=0, groupName=그룹만들기테스트3, nickname=asdddd, count=0, callStartTime=null, groupPk=0, userPk=0, managerId=24, total=0, GroupUrl=null), GroupListDto(cnt=0, groupName=string, nickname=asdddd, count=0, callStartTime=null, groupPk=0, userPk=0, managerId=24, total=0, GroupUrl=null), GroupListDto(cnt=0, groupName=string, nickname=asdddd, count=0, callStartTime=null, groupPk=0, userPk=0, managerId=24, total=0, GroupUrl=null), GroupListDto(cnt=0, groupName=ssssss, nickname=asdddd, count=0, callStartTime=null, groupPk=0, userPk=0, managerId=24, total=0, GroupUrl=null), GroupListDto(cnt=0, groupName=ssssss, nickname=asdddd, count=0, callStartTime=null, groupPk=0, userPk=0, managerId=24, total=0, GroupUrl=null), GroupListDto(cnt=0, groupName=ttttt, nickname=asdddd, count=0, callStartTime=null, groupPk=0, userPk=0, managerId=24, total=0, GroupUrl=null), GroupListDto(cnt=0, groupName=ttttt, nickname=asdddd, count=0, callStartTime=null, groupPk=0, userPk=0, managerId=24, total=0, GroupUrl=null), GroupListDto(cnt=0, groupName=그룹만들기테스트, nickname=asdddd, count=0, callStartTime=null, groupPk=0, userPk=0, managerId=24, total=0, GroupUrl=null), GroupListDto(cnt=0, groupName=string, nickname=asdddd, count=0, callStartTime=null, groupPk=0, userPk=0, managerId=1, total=0, GroupUrl=null)]
[2023-02-07 21:56:00:270995] [32m[http-nio-0.0.0.0-18081-exec-10][0;39m [34mINFO [0;39m com.hypeboy.codemeets.controller.GroupController.groupList :[9, 10, 11, 12, 13, 14, 15, 16, 17, 18, 8, 66, 0, 68, 69, 71, 73, 74, 76, 78, 79, 80, 81, 82, 83, 85, 101]
[2023-02-07 21:56:56:327744] [32m[File Watcher][0;39m [34mINFO [0;39m org.springframework.boot.devtools.autoconfigure.LocalDevToolsAutoConfiguration$RestartingClassPathChangeChangedEventListener.onApplicationEvent :Restarting due to 1 class path change (0 additions, 0 deletions, 1 modification)
[2023-02-07 21:56:57:328699] [32m[Thread-47][0;39m [34mINFO [0;39m org.apache.juli.logging.DirectJDKLog.log :Stopping service [Tomcat]
[2023-02-07 21:56:57:328701] [32m[Thread-47][0;39m [34mINFO [0;39m org.apache.juli.logging.DirectJDKLog.log :Destroying Spring FrameworkServlet 'dispatcherServlet'
[2023-02-07 21:56:57:328708] [32m[Thread-47][0;39m [34mINFO [0;39m com.zaxxer.hikari.HikariDataSource.close :HikariPool-1 - Shutdown initiated...
[2023-02-07 21:56:57:328803] [32m[Thread-47][0;39m [34mINFO [0;39m com.zaxxer.hikari.HikariDataSource.close :HikariPool-1 - Shutdown completed.
[2023-02-07 21:56:58:329112] [32m[restartedMain][0;39m [34mINFO [0;39m org.springframework.boot.StartupInfoLogger.logStarting :Starting CodeMeetsApplication using Java 11.0.18 on DESKTOP-0UFK5I4 with PID 21404 (F:\download\2th\PJT1\local\S08P12D109\backend\target\classes started by jinuk in F:\download\2th\PJT1\local\S08P12D109\backend)
[2023-02-07 21:56:58:329112] [32m[restartedMain][0;39m [34mINFO [0;39m org.springframework.boot.SpringApplication.logStartupProfileInfo :No active profile set, falling back to 1 default profile: "default"
[2023-02-07 21:56:58:329557] [32m[restartedMain][0;39m [34mINFO [0;39m org.springframework.boot.web.embedded.tomcat.TomcatWebServer.initialize :Tomcat initialized with port(s): 18081 (http)
[2023-02-07 21:56:58:329558] [32m[restartedMain][0;39m [34mINFO [0;39m org.apache.juli.logging.DirectJDKLog.log :Starting service [Tomcat]
[2023-02-07 21:56:58:329558] [32m[restartedMain][0;39m [34mINFO [0;39m org.apache.juli.logging.DirectJDKLog.log :Starting Servlet engine: [Apache Tomcat/9.0.70]
[2023-02-07 21:56:58:329593] [32m[restartedMain][0;39m [34mINFO [0;39m org.apache.juli.logging.DirectJDKLog.log :Initializing Spring embedded WebApplicationContext
[2023-02-07 21:56:58:329593] [32m[restartedMain][0;39m [34mINFO [0;39m org.springframework.boot.web.servlet.context.ServletWebServerApplicationContext.prepareWebApplicationContext :Root WebApplicationContext: initialization completed in 478 ms
[2023-02-07 21:56:58:329718] [32m[restartedMain][0;39m [34mINFO [0;39m com.hypeboy.codemeets.controller.FileController.<init> :F:\download\2th\PJT1\local\S08P12D109\backend\images
[2023-02-07 21:56:58:329718] [32m[restartedMain][0;39m [34mINFO [0;39m com.hypeboy.codemeets.controller.FileController.<init> :F:\download\2th\PJT1\local\S08P12D109\backend\notice
[2023-02-07 21:56:58:329837] [32m[restartedMain][0;39m [34mINFO [0;39m org.springframework.boot.devtools.autoconfigure.OptionalLiveReloadServer.startServer :LiveReload server is running on port 35729
[2023-02-07 21:56:58:329904] [32m[restartedMain][0;39m [34mINFO [0;39m org.springframework.security.web.DefaultSecurityFilterChain.<init> :Will not secure Ant [pattern='/v2/api-docs']
[2023-02-07 21:56:58:329905] [32m[restartedMain][0;39m [34mINFO [0;39m org.springframework.security.web.DefaultSecurityFilterChain.<init> :Will not secure Ant [pattern='/swagger-resources/**']
[2023-02-07 21:56:58:329905] [32m[restartedMain][0;39m [34mINFO [0;39m org.springframework.security.web.DefaultSecurityFilterChain.<init> :Will not secure Ant [pattern='/swagger-ui.html']
[2023-02-07 21:56:58:329905] [32m[restartedMain][0;39m [34mINFO [0;39m org.springframework.security.web.DefaultSecurityFilterChain.<init> :Will not secure Ant [pattern='/webjars/**']
[2023-02-07 21:56:58:329906] [32m[restartedMain][0;39m [34mINFO [0;39m org.springframework.security.web.DefaultSecurityFilterChain.<init> :Will not secure Ant [pattern='/swagger/**']
[2023-02-07 21:56:58:329906] [32m[restartedMain][0;39m [34mINFO [0;39m org.springframework.security.web.DefaultSecurityFilterChain.<init> :Will not secure Ant [pattern='/sign-api/exception']
[2023-02-07 21:56:58:329906] [32m[restartedMain][0;39m [34mINFO [0;39m org.springframework.security.web.DefaultSecurityFilterChain.<init> :Will not secure Ant [pattern='/v3/api-docs/**']
[2023-02-07 21:56:58:329906] [32m[restartedMain][0;39m [34mINFO [0;39m org.springframework.security.web.DefaultSecurityFilterChain.<init> :Will not secure Ant [pattern='/swagger-ui/**']
[2023-02-07 21:56:58:329911] [32m[restartedMain][0;39m [34mINFO [0;39m org.springframework.security.web.DefaultSecurityFilterChain.<init> :Will secure any request with [org.springframework.security.web.session.DisableEncodeUrlFilter@46908195, org.springframework.security.web.context.request.async.WebAsyncManagerIntegrationFilter@60c1bea0, org.springframework.security.web.context.SecurityContextPersistenceFilter@42148c3d, org.springframework.security.web.header.HeaderWriterFilter@45f3c1dc, org.springframework.security.web.authentication.logout.LogoutFilter@7c011144, com.hypeboy.codemeets.config.security.JwtAuthenticationFilter@5f83ee2c, org.springframework.security.web.savedrequest.RequestCacheAwareFilter@1b8f2d45, org.springframework.security.web.servletapi.SecurityContextHolderAwareRequestFilter@4029f2c9, org.springframework.security.web.authentication.AnonymousAuthenticationFilter@697fbf7a, org.springframework.security.web.session.SessionManagementFilter@54e1d00b, org.springframework.security.web.access.ExceptionTranslationFilter@1ed8e351, org.springframework.security.web.access.intercept.FilterSecurityInterceptor@6fcb2036]
[2023-02-07 21:56:58:329934] [32m[restartedMain][0;39m [34mINFO [0;39m org.springframework.boot.web.embedded.tomcat.TomcatWebServer.start :Tomcat started on port(s): 18081 (http) with context path ''
[2023-02-07 21:56:59:330115] [32m[restartedMain][0;39m [34mINFO [0;39m org.springframework.boot.StartupInfoLogger.logStarted :Started CodeMeetsApplication in 1.193 seconds (JVM running for 332.14)
[2023-02-07 21:56:59:330117] [32m[restartedMain][0;39m [34mINFO [0;39m org.springframework.boot.devtools.autoconfigure.ConditionEvaluationDeltaLoggingListener.onApplicationEvent :Condition evaluation unchanged
[2023-02-07 21:57:02:333956] [32m[http-nio-0.0.0.0-18081-exec-1][0;39m [34mINFO [0;39m ?.? :Initializing Spring DispatcherServlet 'dispatcherServlet'
[2023-02-07 21:57:02:333957] [32m[http-nio-0.0.0.0-18081-exec-1][0;39m [34mINFO [0;39m org.springframework.web.servlet.FrameworkServlet.initServletBean :Initializing Servlet 'dispatcherServlet'
[2023-02-07 21:57:02:333958] [32m[http-nio-0.0.0.0-18081-exec-1][0;39m [34mINFO [0;39m org.springframework.web.servlet.FrameworkServlet.initServletBean :Completed initialization in 1 ms
[2023-02-07 21:57:02:333959] [32m[http-nio-0.0.0.0-18081-exec-1][0;39m [34mINFO [0;39m com.hypeboy.codemeets.config.security.JwtAuthenticationFilter.doFilterInternal :[doFilterInternal] token 값 추출 완료. token : null
[2023-02-07 21:57:02:333959] [32m[http-nio-0.0.0.0-18081-exec-1][0;39m [34mINFO [0;39m com.hypeboy.codemeets.config.security.JwtAuthenticationFilter.doFilterInternal :[doFilterInternal] token 값 유효성 체크 시작
[2023-02-07 21:57:02:333961] [32m[http-nio-0.0.0.0-18081-exec-1][0;39m [34mINFO [0;39m com.hypeboy.codemeets.controller.GroupController.groupList :group list 호출
[2023-02-07 21:57:02:333962] [32m[http-nio-0.0.0.0-18081-exec-1][0;39m [34mINFO [0;39m com.hypeboy.codemeets.controller.GroupController.groupList :사용가능한 토큰입니다
[2023-02-07 21:57:02:333963] [32m[http-nio-0.0.0.0-18081-exec-1][0;39m [34mINFO [0;39m com.hypeboy.codemeets.controller.GroupController.groupList :userPk - 1
[2023-02-07 21:57:02:333964] [32m[http-nio-0.0.0.0-18081-exec-1][0;39m [34mINFO [0;39m com.zaxxer.hikari.HikariDataSource.getConnection :HikariPool-2 - Starting...
[2023-02-07 21:57:03:334123] [32m[http-nio-0.0.0.0-18081-exec-1][0;39m [34mINFO [0;39m com.zaxxer.hikari.HikariDataSource.getConnection :HikariPool-2 - Start completed.
[2023-02-07 21:57:03:334134] [32m[http-nio-0.0.0.0-18081-exec-1][0;39m [34mINFO [0;39m com.hypeboy.codemeets.controller.GroupController.groupList :gpList 호출
[2023-02-07 21:57:03:334144] [32m[http-nio-0.0.0.0-18081-exec-1][0;39m [34mINFO [0;39m com.hypeboy.codemeets.controller.GroupController.groupList :[GroupListDto(cnt=0, groupName=그룹만들기테스트2, nickname=asdddd, count=0, callStartTime=null, groupPk=0, userPk=0, managerId=24, total=0, groupUrl=null), GroupListDto(cnt=0, groupName=그룹만들기테스트3, nickname=asdddd, count=0, callStartTime=null, groupPk=0, userPk=0, managerId=24, total=0, groupUrl=null), GroupListDto(cnt=0, groupName=그룹만들기테스트3, nickname=asdddd, count=0, callStartTime=null, groupPk=0, userPk=0, managerId=24, total=0, groupUrl=null), GroupListDto(cnt=0, groupName=그룹만들기테스트3, nickname=asdddd, count=0, callStartTime=null, groupPk=0, userPk=0, managerId=24, total=0, groupUrl=null), GroupListDto(cnt=0, groupName=string, nickname=asdddd, count=0, callStartTime=null, groupPk=0, userPk=0, managerId=24, total=0, groupUrl=null), GroupListDto(cnt=0, groupName=string, nickname=asdddd, count=0, callStartTime=null, groupPk=0, userPk=0, managerId=24, total=0, groupUrl=null), GroupListDto(cnt=0, groupName=ssssss, nickname=asdddd, count=0, callStartTime=null, groupPk=0, userPk=0, managerId=24, total=0, groupUrl=null), GroupListDto(cnt=0, groupName=ssssss, nickname=asdddd, count=0, callStartTime=null, groupPk=0, userPk=0, managerId=24, total=0, groupUrl=null), GroupListDto(cnt=0, groupName=ttttt, nickname=asdddd, count=0, callStartTime=null, groupPk=0, userPk=0, managerId=24, total=0, groupUrl=null), GroupListDto(cnt=0, groupName=ttttt, nickname=asdddd, count=0, callStartTime=null, groupPk=0, userPk=0, managerId=24, total=0, groupUrl=null), GroupListDto(cnt=0, groupName=그룹만들기테스트, nickname=asdddd, count=0, callStartTime=null, groupPk=0, userPk=0, managerId=24, total=0, groupUrl=null), GroupListDto(cnt=0, groupName=string, nickname=asdddd, count=0, callStartTime=null, groupPk=0, userPk=0, managerId=1, total=0, groupUrl=null)]
[2023-02-07 21:57:03:334144] [32m[http-nio-0.0.0.0-18081-exec-1][0;39m [34mINFO [0;39m com.hypeboy.codemeets.controller.GroupController.groupList :[9, 10, 11, 12, 13, 14, 15, 16, 17, 18, 8, 66, 0, 68, 69, 71, 73, 74, 76, 78, 79, 80, 81, 82, 83, 85, 101]
[2023-02-07 21:57:05:336569] [32m[http-nio-0.0.0.0-18081-exec-2][0;39m [34mINFO [0;39m com.hypeboy.codemeets.config.security.JwtAuthenticationFilter.doFilterInternal :[doFilterInternal] token 값 추출 완료. token : null
[2023-02-07 21:57:05:336569] [32m[http-nio-0.0.0.0-18081-exec-2][0;39m [34mINFO [0;39m com.hypeboy.codemeets.config.security.JwtAuthenticationFilter.doFilterInternal :[doFilterInternal] token 값 유효성 체크 시작
[2023-02-07 21:57:05:336571] [32m[http-nio-0.0.0.0-18081-exec-2][0;39m [34mINFO [0;39m com.hypeboy.codemeets.controller.GroupController.groupList :group list 호출
[2023-02-07 21:57:05:336571] [32m[http-nio-0.0.0.0-18081-exec-2][0;39m [34mINFO [0;39m com.hypeboy.codemeets.controller.GroupController.groupList :사용가능한 토큰입니다
[2023-02-07 21:57:05:336572] [32m[http-nio-0.0.0.0-18081-exec-2][0;39m [34mINFO [0;39m com.hypeboy.codemeets.controller.GroupController.groupList :userPk - 1
[2023-02-07 21:57:05:336593] [32m[http-nio-0.0.0.0-18081-exec-2][0;39m [34mINFO [0;39m com.hypeboy.codemeets.controller.GroupController.groupList :gpList 호출
[2023-02-07 21:57:05:336602] [32m[http-nio-0.0.0.0-18081-exec-2][0;39m [34mINFO [0;39m com.hypeboy.codemeets.controller.GroupController.groupList :[GroupListDto(cnt=0, groupName=그룹만들기테스트2, nickname=asdddd, count=0, callStartTime=null, groupPk=0, userPk=0, managerId=24, total=0, groupUrl=null), GroupListDto(cnt=0, groupName=그룹만들기테스트3, nickname=asdddd, count=0, callStartTime=null, groupPk=0, userPk=0, managerId=24, total=0, groupUrl=null), GroupListDto(cnt=0, groupName=그룹만들기테스트3, nickname=asdddd, count=0, callStartTime=null, groupPk=0, userPk=0, managerId=24, total=0, groupUrl=null), GroupListDto(cnt=0, groupName=그룹만들기테스트3, nickname=asdddd, count=0, callStartTime=null, groupPk=0, userPk=0, managerId=24, total=0, groupUrl=null), GroupListDto(cnt=0, groupName=string, nickname=asdddd, count=0, callStartTime=null, groupPk=0, userPk=0, managerId=24, total=0, groupUrl=null), GroupListDto(cnt=0, groupName=string, nickname=asdddd, count=0, callStartTime=null, groupPk=0, userPk=0, managerId=24, total=0, groupUrl=null), GroupListDto(cnt=0, groupName=ssssss, nickname=asdddd, count=0, callStartTime=null, groupPk=0, userPk=0, managerId=24, total=0, groupUrl=null), GroupListDto(cnt=0, groupName=ssssss, nickname=asdddd, count=0, callStartTime=null, groupPk=0, userPk=0, managerId=24, total=0, groupUrl=null), GroupListDto(cnt=0, groupName=ttttt, nickname=asdddd, count=0, callStartTime=null, groupPk=0, userPk=0, managerId=24, total=0, groupUrl=null), GroupListDto(cnt=0, groupName=ttttt, nickname=asdddd, count=0, callStartTime=null, groupPk=0, userPk=0, managerId=24, total=0, groupUrl=null), GroupListDto(cnt=0, groupName=그룹만들기테스트, nickname=asdddd, count=0, callStartTime=null, groupPk=0, userPk=0, managerId=24, total=0, groupUrl=null), GroupListDto(cnt=0, groupName=string, nickname=asdddd, count=0, callStartTime=null, groupPk=0, userPk=0, managerId=1, total=0, groupUrl=null)]
[2023-02-07 21:57:05:336602] [32m[http-nio-0.0.0.0-18081-exec-2][0;39m [34mINFO [0;39m com.hypeboy.codemeets.controller.GroupController.groupList :[9, 10, 11, 12, 13, 14, 15, 16, 17, 18, 8, 66, 0, 68, 69, 71, 73, 74, 76, 78, 79, 80, 81, 82, 83, 85, 101]
[2023-02-07 21:57:37:368585] [32m[File Watcher][0;39m [34mINFO [0;39m org.springframework.boot.devtools.autoconfigure.LocalDevToolsAutoConfiguration$RestartingClassPathChangeChangedEventListener.onApplicationEvent :Restarting due to 1 class path change (0 additions, 0 deletions, 1 modification)
[2023-02-07 21:57:38:369541] [32m[Thread-55][0;39m [34mINFO [0;39m org.apache.juli.logging.DirectJDKLog.log :Stopping service [Tomcat]
[2023-02-07 21:57:38:369542] [32m[Thread-55][0;39m [34mINFO [0;39m org.apache.juli.logging.DirectJDKLog.log :Destroying Spring FrameworkServlet 'dispatcherServlet'
[2023-02-07 21:57:38:369550] [32m[Thread-55][0;39m [34mINFO [0;39m com.zaxxer.hikari.HikariDataSource.close :HikariPool-2 - Shutdown initiated...
[2023-02-07 21:57:38:369647] [32m[Thread-55][0;39m [34mINFO [0;39m com.zaxxer.hikari.HikariDataSource.close :HikariPool-2 - Shutdown completed.
[2023-02-07 21:57:39:369987] [32m[restartedMain][0;39m [34mINFO [0;39m org.springframework.boot.StartupInfoLogger.logStarting :Starting CodeMeetsApplication using Java 11.0.18 on DESKTOP-0UFK5I4 with PID 21404 (F:\download\2th\PJT1\local\S08P12D109\backend\target\classes started by jinuk in F:\download\2th\PJT1\local\S08P12D109\backend)
[2023-02-07 21:57:39:369987] [32m[restartedMain][0;39m [34mINFO [0;39m org.springframework.boot.SpringApplication.logStartupProfileInfo :No active profile set, falling back to 1 default profile: "default"
[2023-02-07 21:57:39:370438] [32m[restartedMain][0;39m [34mINFO [0;39m org.springframework.boot.web.embedded.tomcat.TomcatWebServer.initialize :Tomcat initialized with port(s): 18081 (http)
[2023-02-07 21:57:39:370438] [32m[restartedMain][0;39m [34mINFO [0;39m org.apache.juli.logging.DirectJDKLog.log :Starting service [Tomcat]
[2023-02-07 21:57:39:370438] [32m[restartedMain][0;39m [34mINFO [0;39m org.apache.juli.logging.DirectJDKLog.log :Starting Servlet engine: [Apache Tomcat/9.0.70]
[2023-02-07 21:57:39:370476] [32m[restartedMain][0;39m [34mINFO [0;39m org.apache.juli.logging.DirectJDKLog.log :Initializing Spring embedded WebApplicationContext
[2023-02-07 21:57:39:370476] [32m[restartedMain][0;39m [34mINFO [0;39m org.springframework.boot.web.servlet.context.ServletWebServerApplicationContext.prepareWebApplicationContext :Root WebApplicationContext: initialization completed in 487 ms
[2023-02-07 21:57:39:370600] [32m[restartedMain][0;39m [34mINFO [0;39m com.hypeboy.codemeets.controller.FileController.<init> :F:\download\2th\PJT1\local\S08P12D109\backend\images
[2023-02-07 21:57:39:370600] [32m[restartedMain][0;39m [34mINFO [0;39m com.hypeboy.codemeets.controller.FileController.<init> :F:\download\2th\PJT1\local\S08P12D109\backend\notice
[2023-02-07 21:57:39:370724] [32m[restartedMain][0;39m [34mINFO [0;39m org.springframework.boot.devtools.autoconfigure.OptionalLiveReloadServer.startServer :LiveReload server is running on port 35729
[2023-02-07 21:57:39:370791] [32m[restartedMain][0;39m [34mINFO [0;39m org.springframework.security.web.DefaultSecurityFilterChain.<init> :Will not secure Ant [pattern='/v2/api-docs']
[2023-02-07 21:57:39:370791] [32m[restartedMain][0;39m [34mINFO [0;39m org.springframework.security.web.DefaultSecurityFilterChain.<init> :Will not secure Ant [pattern='/swagger-resources/**']
[2023-02-07 21:57:39:370792] [32m[restartedMain][0;39m [34mINFO [0;39m org.springframework.security.web.DefaultSecurityFilterChain.<init> :Will not secure Ant [pattern='/swagger-ui.html']
[2023-02-07 21:57:39:370792] [32m[restartedMain][0;39m [34mINFO [0;39m org.springframework.security.web.DefaultSecurityFilterChain.<init> :Will not secure Ant [pattern='/webjars/**']
[2023-02-07 21:57:39:370792] [32m[restartedMain][0;39m [34mINFO [0;39m org.springframework.security.web.DefaultSecurityFilterChain.<init> :Will not secure Ant [pattern='/swagger/**']
[2023-02-07 21:57:39:370792] [32m[restartedMain][0;39m [34mINFO [0;39m org.springframework.security.web.DefaultSecurityFilterChain.<init> :Will not secure Ant [pattern='/sign-api/exception']
[2023-02-07 21:57:39:370793] [32m[restartedMain][0;39m [34mINFO [0;39m org.springframework.security.web.DefaultSecurityFilterChain.<init> :Will not secure Ant [pattern='/v3/api-docs/**']
[2023-02-07 21:57:39:370793] [32m[restartedMain][0;39m [34mINFO [0;39m org.springframework.security.web.DefaultSecurityFilterChain.<init> :Will not secure Ant [pattern='/swagger-ui/**']
[2023-02-07 21:57:39:370799] [32m[restartedMain][0;39m [34mINFO [0;39m org.springframework.security.web.DefaultSecurityFilterChain.<init> :Will secure any request with [org.springframework.security.web.session.DisableEncodeUrlFilter@78da7750, org.springframework.security.web.context.request.async.WebAsyncManagerIntegrationFilter@7704086, org.springframework.security.web.context.SecurityContextPersistenceFilter@62c4788f, org.springframework.security.web.header.HeaderWriterFilter@31f18c3a, org.springframework.security.web.authentication.logout.LogoutFilter@6bf75f1c, com.hypeboy.codemeets.config.security.JwtAuthenticationFilter@24d3b810, org.springframework.security.web.savedrequest.RequestCacheAwareFilter@52daf486, org.springframework.security.web.servletapi.SecurityContextHolderAwareRequestFilter@6ff722bb, org.springframework.security.web.authentication.AnonymousAuthenticationFilter@232f53b5, org.springframework.security.web.session.SessionManagementFilter@3acfe961, org.springframework.security.web.access.ExceptionTranslationFilter@5e1dd67f, org.springframework.security.web.access.intercept.FilterSecurityInterceptor@711eccab]
[2023-02-07 21:57:39:370843] [32m[restartedMain][0;39m [34mINFO [0;39m org.springframework.boot.web.embedded.tomcat.TomcatWebServer.start :Tomcat started on port(s): 18081 (http) with context path ''
[2023-02-07 21:57:39:370971] [32m[http-nio-0.0.0.0-18081-exec-1][0;39m [34mINFO [0;39m org.apache.juli.logging.DirectJDKLog.log :Initializing Spring DispatcherServlet 'dispatcherServlet'
[2023-02-07 21:57:39:370973] [32m[http-nio-0.0.0.0-18081-exec-1][0;39m [34mINFO [0;39m org.springframework.web.servlet.FrameworkServlet.initServletBean :Initializing Servlet 'dispatcherServlet'
[2023-02-07 21:57:39:370975] [32m[http-nio-0.0.0.0-18081-exec-1][0;39m [34mINFO [0;39m org.springframework.web.servlet.FrameworkServlet.initServletBean :Completed initialization in 2 ms
[2023-02-07 21:57:39:370976] [32m[http-nio-0.0.0.0-18081-exec-1][0;39m [34mINFO [0;39m com.hypeboy.codemeets.config.security.JwtAuthenticationFilter.doFilterInternal :[doFilterInternal] token 값 추출 완료. token : null
[2023-02-07 21:57:39:370976] [32m[http-nio-0.0.0.0-18081-exec-1][0;39m [34mINFO [0;39m com.hypeboy.codemeets.config.security.JwtAuthenticationFilter.doFilterInternal :[doFilterInternal] token 값 유효성 체크 시작
[2023-02-07 21:57:39:370978] [32m[http-nio-0.0.0.0-18081-exec-1][0;39m [34mINFO [0;39m com.hypeboy.codemeets.controller.GroupController.groupList :group list 호출
[2023-02-07 21:57:40:370980] [32m[http-nio-0.0.0.0-18081-exec-1][0;39m [34mINFO [0;39m com.hypeboy.codemeets.controller.GroupController.groupList :사용가능한 토큰입니다
[2023-02-07 21:57:40:370982] [32m[http-nio-0.0.0.0-18081-exec-1][0;39m [34mINFO [0;39m com.hypeboy.codemeets.controller.GroupController.groupList :userPk - 1
[2023-02-07 21:57:40:370982] [32m[http-nio-0.0.0.0-18081-exec-1][0;39m [34mINFO [0;39m com.zaxxer.hikari.HikariDataSource.getConnection :HikariPool-3 - Starting...
[2023-02-07 21:57:40:371126] [32m[http-nio-0.0.0.0-18081-exec-1][0;39m [34mINFO [0;39m com.zaxxer.hikari.HikariDataSource.getConnection :HikariPool-3 - Start completed.
[2023-02-07 21:57:40:371137] [32m[http-nio-0.0.0.0-18081-exec-1][0;39m [34mINFO [0;39m com.hypeboy.codemeets.controller.GroupController.groupList :gpList 호출
[2023-02-07 21:57:40:371148] [32m[http-nio-0.0.0.0-18081-exec-1][0;39m [34mINFO [0;39m com.hypeboy.codemeets.controller.GroupController.groupList :[GroupListDto(cnt=0, groupName=그룹만들기테스트2, nickname=asdddd, count=0, callStartTime=null, groupPk=0, userPk=0, managerId=24, total=0, groupUrl=RandomStringUtils.randomNumeric(6)), GroupListDto(cnt=0, groupName=그룹만들기테스트3, nickname=asdddd, count=0, callStartTime=null, groupPk=0, userPk=0, managerId=24, total=0, groupUrl=692427), GroupListDto(cnt=0, groupName=그룹만들기테스트3, nickname=asdddd, count=0, callStartTime=null, groupPk=0, userPk=0, managerId=24, total=0, groupUrl=R**a%f H9X), GroupListDto(cnt=0, groupName=그룹만들기테스트3, nickname=asdddd, count=0, callStartTime=null, groupPk=0, userPk=0, managerId=24, total=0, groupUrl=3PrCkeiGgT), GroupListDto(cnt=0, groupName=string, nickname=asdddd, count=0, callStartTime=null, groupPk=0, userPk=0, managerId=24, total=0, groupUrl=K8Zqkr8GD5), GroupListDto(cnt=0, groupName=string, nickname=asdddd, count=0, callStartTime=null, groupPk=0, userPk=0, managerId=24, total=0, groupUrl=bmMFBUHaSJ), GroupListDto(cnt=0, groupName=ssssss, nickname=asdddd, count=0, callStartTime=null, groupPk=0, userPk=0, managerId=24, total=0, groupUrl=xvWFBUO6Rp), GroupListDto(cnt=0, groupName=ssssss, nickname=asdddd, count=0, callStartTime=null, groupPk=0, userPk=0, managerId=24, total=0, groupUrl=J0auIUwDjT), GroupListDto(cnt=0, groupName=ttttt, nickname=asdddd, count=0, callStartTime=null, groupPk=0, userPk=0, managerId=24, total=0, groupUrl=m1sS43ti0B), GroupListDto(cnt=0, groupName=ttttt, nickname=asdddd, count=0, callStartTime=null, groupPk=0, userPk=0, managerId=24, total=0, groupUrl=87sSvszm7P), GroupListDto(cnt=0, groupName=그룹만들기테스트, nickname=asdddd, count=0, callStartTime=null, groupPk=0, userPk=0, managerId=24, total=0, groupUrl=rul테스트), GroupListDto(cnt=0, groupName=string, nickname=asdddd, count=0, callStartTime=null, groupPk=0, userPk=0, managerId=1, total=0, groupUrl=uuWcGPFkbg)]
[2023-02-07 21:57:40:371149] [32m[http-nio-0.0.0.0-18081-exec-1][0;39m [34mINFO [0;39m com.hypeboy.codemeets.controller.GroupController.groupList :[9, 10, 11, 12, 13, 14, 15, 16, 17, 18, 8, 66, 0, 68, 69, 71, 73, 74, 76, 78, 79, 80, 81, 82, 83, 85, 101]
[2023-02-07 21:57:40:371202] [32m[restartedMain][0;39m [34mINFO [0;39m org.springframework.boot.StartupInfoLogger.logStarted :Started CodeMeetsApplication in 1.413 seconds (JVM running for 373.227)
[2023-02-07 21:57:40:371206] [32m[restartedMain][0;39m [34mINFO [0;39m org.springframework.boot.devtools.autoconfigure.ConditionEvaluationDeltaLoggingListener.onApplicationEvent :Condition evaluation unchanged
[2023-02-07 22:03:04:695275] [32m[RMI TCP Connection(31)-127.0.0.1][0;39m [34mINFO [0;39m org.springframework.boot.admin.SpringApplicationAdminMXBeanRegistrar$SpringApplicationAdmin.shutdown :Application shutdown requested.
[2023-02-07 22:03:05:696286] [32m[RMI TCP Connection(31)-127.0.0.1][0;39m [34mINFO [0;39m org.apache.juli.logging.DirectJDKLog.log :Stopping service [Tomcat]
[2023-02-07 22:03:05:696287] [32m[RMI TCP Connection(31)-127.0.0.1][0;39m [34mINFO [0;39m org.apache.juli.logging.DirectJDKLog.log :Destroying Spring FrameworkServlet 'dispatcherServlet'
[2023-02-07 22:03:05:696298] [32m[RMI TCP Connection(31)-127.0.0.1][0;39m [34mINFO [0;39m com.zaxxer.hikari.HikariDataSource.close :HikariPool-3 - Shutdown initiated...
[2023-02-07 22:03:05:696394] [32m[RMI TCP Connection(31)-127.0.0.1][0;39m [34mINFO [0;39m com.zaxxer.hikari.HikariDataSource.close :HikariPool-3 - Shutdown completed.
