[2023-02-01 18:31:18:3125] [32m[restartedMain][0;39m [31mWARN [0;39m org.springframework.boot.autoconfigure.security.servlet.UserDetailsServiceAutoConfiguration.getOrDeducePassword :

Using generated security password: 8b079ce9-5bed-477a-89e0-675747fe96a3

This generated password is for development use only. Your security configuration must be updated before running your application in production.

[2023-02-01 18:31:19:4207] [32m[restartedMain][0;39m [31mWARN [0;39m org.springframework.security.config.annotation.web.builders.WebSecurity.performBuild :You are asking Spring Security to ignore Ant [pattern='/v2/api-docs']. This is not recommended -- please use permitAll via HttpSecurity#authorizeHttpRequests instead.
[2023-02-01 18:31:19:4209] [32m[restartedMain][0;39m [31mWARN [0;39m org.springframework.security.config.annotation.web.builders.WebSecurity.performBuild :You are asking Spring Security to ignore Ant [pattern='/swagger-resources/**']. This is not recommended -- please use permitAll via HttpSecurity#authorizeHttpRequests instead.
[2023-02-01 18:31:19:4210] [32m[restartedMain][0;39m [31mWARN [0;39m org.springframework.security.config.annotation.web.builders.WebSecurity.performBuild :You are asking Spring Security to ignore Ant [pattern='/swagger-ui.html']. This is not recommended -- please use permitAll via HttpSecurity#authorizeHttpRequests instead.
[2023-02-01 18:31:19:4210] [32m[restartedMain][0;39m [31mWARN [0;39m org.springframework.security.config.annotation.web.builders.WebSecurity.performBuild :You are asking Spring Security to ignore Ant [pattern='/webjars/**']. This is not recommended -- please use permitAll via HttpSecurity#authorizeHttpRequests instead.
[2023-02-01 18:31:19:4210] [32m[restartedMain][0;39m [31mWARN [0;39m org.springframework.security.config.annotation.web.builders.WebSecurity.performBuild :You are asking Spring Security to ignore Ant [pattern='/swagger/**']. This is not recommended -- please use permitAll via HttpSecurity#authorizeHttpRequests instead.
[2023-02-01 18:31:19:4211] [32m[restartedMain][0;39m [31mWARN [0;39m org.springframework.security.config.annotation.web.builders.WebSecurity.performBuild :You are asking Spring Security to ignore Ant [pattern='/sign-api/exception']. This is not recommended -- please use permitAll via HttpSecurity#authorizeHttpRequests instead.
[2023-02-01 18:31:19:4212] [32m[restartedMain][0;39m [31mWARN [0;39m org.springframework.security.config.annotation.web.builders.WebSecurity.performBuild :You are asking Spring Security to ignore Ant [pattern='/v3/api-docs/**']. This is not recommended -- please use permitAll via HttpSecurity#authorizeHttpRequests instead.
[2023-02-01 18:31:19:4212] [32m[restartedMain][0;39m [31mWARN [0;39m org.springframework.security.config.annotation.web.builders.WebSecurity.performBuild :You are asking Spring Security to ignore Ant [pattern='/swagger-ui/**']. This is not recommended -- please use permitAll via HttpSecurity#authorizeHttpRequests instead.
[2023-02-01 18:31:19:4618] [32m[restartedMain][0;39m [31mWARN [0;39m springfox.documentation.swagger.readers.operation.OperationImplicitParameterReader.modelSpecification :Unable to interpret the implicit parameter configuration with dataType: String, dataTypeClass: class java.lang.Void
[2023-02-01 18:31:19:4624] [32m[restartedMain][0;39m [31mWARN [0;39m springfox.documentation.swagger.readers.operation.OperationImplicitParameterReader.modelSpecification :Unable to interpret the implicit parameter configuration with dataType: String, dataTypeClass: class java.lang.Void
[2023-02-01 18:31:19:4639] [32m[restartedMain][0;39m [31mWARN [0;39m springfox.documentation.swagger.readers.operation.OperationImplicitParameterReader.modelSpecification :Unable to interpret the implicit parameter configuration with dataType: String, dataTypeClass: class java.lang.Void
[2023-02-01 18:31:19:4644] [32m[restartedMain][0;39m [31mWARN [0;39m springfox.documentation.swagger.readers.operation.OperationImplicitParameterReader.modelSpecification :Unable to interpret the implicit parameter configuration with dataType: String, dataTypeClass: class java.lang.Void
[2023-02-01 18:31:19:4680] [32m[restartedMain][0;39m [31mWARN [0;39m springfox.documentation.swagger.readers.operation.OperationImplicitParameterReader.modelSpecification :Unable to interpret the implicit parameter configuration with dataType: String, dataTypeClass: class java.lang.Void
[2023-02-01 18:31:19:4695] [32m[restartedMain][0;39m [31mWARN [0;39m springfox.documentation.swagger.readers.operation.OperationImplicitParameterReader.modelSpecification :Unable to interpret the implicit parameter configuration with dataType: String, dataTypeClass: class java.lang.Void
[2023-02-01 18:31:19:4699] [32m[restartedMain][0;39m [31mWARN [0;39m springfox.documentation.swagger.readers.operation.OperationImplicitParameterReader.modelSpecification :Unable to interpret the implicit parameter configuration with dataType: String, dataTypeClass: class java.lang.Void
[2023-02-01 18:31:20:4777] [32m[restartedMain][0;39m [31mWARN [0;39m springfox.documentation.swagger.readers.operation.OperationImplicitParameterReader.modelSpecification :Unable to interpret the implicit parameter configuration with dataType: String, dataTypeClass: class java.lang.Void
[2023-02-01 18:31:20:4787] [32m[restartedMain][0;39m [31mWARN [0;39m springfox.documentation.swagger.readers.operation.OperationImplicitParameterReader.modelSpecification :Unable to interpret the implicit parameter configuration with dataType: String, dataTypeClass: class java.lang.Void
[2023-02-01 18:31:20:4791] [32m[restartedMain][0;39m [31mWARN [0;39m springfox.documentation.swagger.readers.operation.OperationImplicitParameterReader.modelSpecification :Unable to interpret the implicit parameter configuration with dataType: String, dataTypeClass: class java.lang.Void
[2023-02-01 18:31:20:4795] [32m[restartedMain][0;39m [31mWARN [0;39m springfox.documentation.swagger.readers.operation.OperationImplicitParameterReader.modelSpecification :Unable to interpret the implicit parameter configuration with dataType: String, dataTypeClass: class java.lang.Void
[2023-02-01 18:31:20:4799] [32m[restartedMain][0;39m [31mWARN [0;39m springfox.documentation.swagger.readers.operation.OperationImplicitParameterReader.modelSpecification :Unable to interpret the implicit parameter configuration with dataType: String, dataTypeClass: class java.lang.Void
[2023-02-01 18:31:20:4807] [32m[restartedMain][0;39m [31mWARN [0;39m springfox.documentation.swagger.readers.operation.OperationImplicitParameterReader.modelSpecification :Unable to interpret the implicit parameter configuration with dataType: String, dataTypeClass: class java.lang.Void
[2023-02-01 18:35:17:241844] [32m[RMI TCP Connection(11)-127.0.0.1][0;39m [31mWARN [0;39m ?.? :The web application [ROOT] appears to have started a thread named [HikariPool-1 housekeeper] but has failed to stop it. This is very likely to create a memory leak. Stack trace of thread:
 java.base@11.0.18/jdk.internal.misc.Unsafe.park(Native Method)
 java.base@11.0.18/java.util.concurrent.locks.LockSupport.parkNanos(LockSupport.java:234)
 java.base@11.0.18/java.util.concurrent.locks.AbstractQueuedSynchronizer$ConditionObject.awaitNanos(AbstractQueuedSynchronizer.java:2123)
 java.base@11.0.18/java.util.concurrent.ScheduledThreadPoolExecutor$DelayedWorkQueue.take(ScheduledThreadPoolExecutor.java:1182)
 java.base@11.0.18/java.util.concurrent.ScheduledThreadPoolExecutor$DelayedWorkQueue.take(ScheduledThreadPoolExecutor.java:899)
 java.base@11.0.18/java.util.concurrent.ThreadPoolExecutor.getTask(ThreadPoolExecutor.java:1054)
 java.base@11.0.18/java.util.concurrent.ThreadPoolExecutor.runWorker(ThreadPoolExecutor.java:1114)
 java.base@11.0.18/java.util.concurrent.ThreadPoolExecutor$Worker.run(ThreadPoolExecutor.java:628)
 java.base@11.0.18/java.lang.Thread.run(Thread.java:829)
[2023-02-01 18:35:25:2474] [32m[restartedMain][0;39m [31mWARN [0;39m org.springframework.boot.autoconfigure.security.servlet.UserDetailsServiceAutoConfiguration.getOrDeducePassword :

Using generated security password: 5ef310ec-f79b-4179-b281-f99a5425d0ab

This generated password is for development use only. Your security configuration must be updated before running your application in production.

[2023-02-01 18:35:25:3314] [32m[restartedMain][0;39m [31mWARN [0;39m org.springframework.security.config.annotation.web.builders.WebSecurity.performBuild :You are asking Spring Security to ignore Ant [pattern='/v2/api-docs']. This is not recommended -- please use permitAll via HttpSecurity#authorizeHttpRequests instead.
[2023-02-01 18:35:25:3316] [32m[restartedMain][0;39m [31mWARN [0;39m org.springframework.security.config.annotation.web.builders.WebSecurity.performBuild :You are asking Spring Security to ignore Ant [pattern='/swagger-resources/**']. This is not recommended -- please use permitAll via HttpSecurity#authorizeHttpRequests instead.
[2023-02-01 18:35:25:3316] [32m[restartedMain][0;39m [31mWARN [0;39m org.springframework.security.config.annotation.web.builders.WebSecurity.performBuild :You are asking Spring Security to ignore Ant [pattern='/swagger-ui.html']. This is not recommended -- please use permitAll via HttpSecurity#authorizeHttpRequests instead.
[2023-02-01 18:35:25:3317] [32m[restartedMain][0;39m [31mWARN [0;39m org.springframework.security.config.annotation.web.builders.WebSecurity.performBuild :You are asking Spring Security to ignore Ant [pattern='/webjars/**']. This is not recommended -- please use permitAll via HttpSecurity#authorizeHttpRequests instead.
[2023-02-01 18:35:25:3317] [32m[restartedMain][0;39m [31mWARN [0;39m org.springframework.security.config.annotation.web.builders.WebSecurity.performBuild :You are asking Spring Security to ignore Ant [pattern='/swagger/**']. This is not recommended -- please use permitAll via HttpSecurity#authorizeHttpRequests instead.
[2023-02-01 18:35:25:3317] [32m[restartedMain][0;39m [31mWARN [0;39m org.springframework.security.config.annotation.web.builders.WebSecurity.performBuild :You are asking Spring Security to ignore Ant [pattern='/sign-api/exception']. This is not recommended -- please use permitAll via HttpSecurity#authorizeHttpRequests instead.
[2023-02-01 18:35:25:3318] [32m[restartedMain][0;39m [31mWARN [0;39m org.springframework.security.config.annotation.web.builders.WebSecurity.performBuild :You are asking Spring Security to ignore Ant [pattern='/v3/api-docs/**']. This is not recommended -- please use permitAll via HttpSecurity#authorizeHttpRequests instead.
[2023-02-01 18:35:25:3318] [32m[restartedMain][0;39m [31mWARN [0;39m org.springframework.security.config.annotation.web.builders.WebSecurity.performBuild :You are asking Spring Security to ignore Ant [pattern='/swagger-ui/**']. This is not recommended -- please use permitAll via HttpSecurity#authorizeHttpRequests instead.
[2023-02-01 18:35:26:3677] [32m[restartedMain][0;39m [31mWARN [0;39m springfox.documentation.swagger.readers.operation.OperationImplicitParameterReader.modelSpecification :Unable to interpret the implicit parameter configuration with dataType: String, dataTypeClass: class java.lang.Void
[2023-02-01 18:35:26:3685] [32m[restartedMain][0;39m [31mWARN [0;39m springfox.documentation.swagger.readers.operation.OperationImplicitParameterReader.modelSpecification :Unable to interpret the implicit parameter configuration with dataType: String, dataTypeClass: class java.lang.Void
[2023-02-01 18:35:26:3694] [32m[restartedMain][0;39m [31mWARN [0;39m springfox.documentation.swagger.readers.operation.OperationImplicitParameterReader.modelSpecification :Unable to interpret the implicit parameter configuration with dataType: String, dataTypeClass: class java.lang.Void
[2023-02-01 18:35:26:3697] [32m[restartedMain][0;39m [31mWARN [0;39m springfox.documentation.swagger.readers.operation.OperationImplicitParameterReader.modelSpecification :Unable to interpret the implicit parameter configuration with dataType: String, dataTypeClass: class java.lang.Void
[2023-02-01 18:35:26:3720] [32m[restartedMain][0;39m [31mWARN [0;39m springfox.documentation.swagger.readers.operation.OperationImplicitParameterReader.modelSpecification :Unable to interpret the implicit parameter configuration with dataType: String, dataTypeClass: class java.lang.Void
[2023-02-01 18:35:26:3727] [32m[restartedMain][0;39m [31mWARN [0;39m springfox.documentation.swagger.readers.operation.OperationImplicitParameterReader.modelSpecification :Unable to interpret the implicit parameter configuration with dataType: String, dataTypeClass: class java.lang.Void
[2023-02-01 18:35:26:3730] [32m[restartedMain][0;39m [31mWARN [0;39m springfox.documentation.swagger.readers.operation.OperationImplicitParameterReader.modelSpecification :Unable to interpret the implicit parameter configuration with dataType: String, dataTypeClass: class java.lang.Void
[2023-02-01 18:35:26:3780] [32m[restartedMain][0;39m [31mWARN [0;39m springfox.documentation.swagger.readers.operation.OperationImplicitParameterReader.modelSpecification :Unable to interpret the implicit parameter configuration with dataType: String, dataTypeClass: class java.lang.Void
[2023-02-01 18:35:26:3785] [32m[restartedMain][0;39m [31mWARN [0;39m springfox.documentation.swagger.readers.operation.OperationImplicitParameterReader.modelSpecification :Unable to interpret the implicit parameter configuration with dataType: String, dataTypeClass: class java.lang.Void
[2023-02-01 18:35:26:3787] [32m[restartedMain][0;39m [31mWARN [0;39m springfox.documentation.swagger.readers.operation.OperationImplicitParameterReader.modelSpecification :Unable to interpret the implicit parameter configuration with dataType: String, dataTypeClass: class java.lang.Void
[2023-02-01 18:35:26:3790] [32m[restartedMain][0;39m [31mWARN [0;39m springfox.documentation.swagger.readers.operation.OperationImplicitParameterReader.modelSpecification :Unable to interpret the implicit parameter configuration with dataType: String, dataTypeClass: class java.lang.Void
[2023-02-01 18:35:26:3792] [32m[restartedMain][0;39m [31mWARN [0;39m springfox.documentation.swagger.readers.operation.OperationImplicitParameterReader.modelSpecification :Unable to interpret the implicit parameter configuration with dataType: String, dataTypeClass: class java.lang.Void
[2023-02-01 18:35:26:3797] [32m[restartedMain][0;39m [31mWARN [0;39m springfox.documentation.swagger.readers.operation.OperationImplicitParameterReader.modelSpecification :Unable to interpret the implicit parameter configuration with dataType: String, dataTypeClass: class java.lang.Void
[2023-02-01 18:37:13:2729] [32m[restartedMain][0;39m [31mWARN [0;39m org.springframework.boot.autoconfigure.security.servlet.UserDetailsServiceAutoConfiguration.getOrDeducePassword :

Using generated security password: 9977ae03-d5a4-42eb-9050-eab8e7692b53

This generated password is for development use only. Your security configuration must be updated before running your application in production.

[2023-02-01 18:37:14:3611] [32m[restartedMain][0;39m [31mWARN [0;39m org.springframework.security.config.annotation.web.builders.WebSecurity.performBuild :You are asking Spring Security to ignore Ant [pattern='/v2/api-docs']. This is not recommended -- please use permitAll via HttpSecurity#authorizeHttpRequests instead.
[2023-02-01 18:37:14:3613] [32m[restartedMain][0;39m [31mWARN [0;39m org.springframework.security.config.annotation.web.builders.WebSecurity.performBuild :You are asking Spring Security to ignore Ant [pattern='/swagger-resources/**']. This is not recommended -- please use permitAll via HttpSecurity#authorizeHttpRequests instead.
[2023-02-01 18:37:14:3613] [32m[restartedMain][0;39m [31mWARN [0;39m org.springframework.security.config.annotation.web.builders.WebSecurity.performBuild :You are asking Spring Security to ignore Ant [pattern='/swagger-ui.html']. This is not recommended -- please use permitAll via HttpSecurity#authorizeHttpRequests instead.
[2023-02-01 18:37:14:3613] [32m[restartedMain][0;39m [31mWARN [0;39m org.springframework.security.config.annotation.web.builders.WebSecurity.performBuild :You are asking Spring Security to ignore Ant [pattern='/webjars/**']. This is not recommended -- please use permitAll via HttpSecurity#authorizeHttpRequests instead.
[2023-02-01 18:37:14:3614] [32m[restartedMain][0;39m [31mWARN [0;39m org.springframework.security.config.annotation.web.builders.WebSecurity.performBuild :You are asking Spring Security to ignore Ant [pattern='/swagger/**']. This is not recommended -- please use permitAll via HttpSecurity#authorizeHttpRequests instead.
[2023-02-01 18:37:14:3614] [32m[restartedMain][0;39m [31mWARN [0;39m org.springframework.security.config.annotation.web.builders.WebSecurity.performBuild :You are asking Spring Security to ignore Ant [pattern='/sign-api/exception']. This is not recommended -- please use permitAll via HttpSecurity#authorizeHttpRequests instead.
[2023-02-01 18:37:14:3614] [32m[restartedMain][0;39m [31mWARN [0;39m org.springframework.security.config.annotation.web.builders.WebSecurity.performBuild :You are asking Spring Security to ignore Ant [pattern='/v3/api-docs/**']. This is not recommended -- please use permitAll via HttpSecurity#authorizeHttpRequests instead.
[2023-02-01 18:37:14:3615] [32m[restartedMain][0;39m [31mWARN [0;39m org.springframework.security.config.annotation.web.builders.WebSecurity.performBuild :You are asking Spring Security to ignore Ant [pattern='/swagger-ui/**']. This is not recommended -- please use permitAll via HttpSecurity#authorizeHttpRequests instead.
[2023-02-01 18:37:14:3963] [32m[restartedMain][0;39m [31mWARN [0;39m springfox.documentation.swagger.readers.operation.OperationImplicitParameterReader.modelSpecification :Unable to interpret the implicit parameter configuration with dataType: String, dataTypeClass: class java.lang.Void
[2023-02-01 18:37:14:3968] [32m[restartedMain][0;39m [31mWARN [0;39m springfox.documentation.swagger.readers.operation.OperationImplicitParameterReader.modelSpecification :Unable to interpret the implicit parameter configuration with dataType: String, dataTypeClass: class java.lang.Void
[2023-02-01 18:37:14:3979] [32m[restartedMain][0;39m [31mWARN [0;39m springfox.documentation.swagger.readers.operation.OperationImplicitParameterReader.modelSpecification :Unable to interpret the implicit parameter configuration with dataType: String, dataTypeClass: class java.lang.Void
[2023-02-01 18:37:14:3983] [32m[restartedMain][0;39m [31mWARN [0;39m springfox.documentation.swagger.readers.operation.OperationImplicitParameterReader.modelSpecification :Unable to interpret the implicit parameter configuration with dataType: String, dataTypeClass: class java.lang.Void
[2023-02-01 18:37:14:4006] [32m[restartedMain][0;39m [31mWARN [0;39m springfox.documentation.swagger.readers.operation.OperationImplicitParameterReader.modelSpecification :Unable to interpret the implicit parameter configuration with dataType: String, dataTypeClass: class java.lang.Void
[2023-02-01 18:37:14:4014] [32m[restartedMain][0;39m [31mWARN [0;39m springfox.documentation.swagger.readers.operation.OperationImplicitParameterReader.modelSpecification :Unable to interpret the implicit parameter configuration with dataType: String, dataTypeClass: class java.lang.Void
[2023-02-01 18:37:14:4017] [32m[restartedMain][0;39m [31mWARN [0;39m springfox.documentation.swagger.readers.operation.OperationImplicitParameterReader.modelSpecification :Unable to interpret the implicit parameter configuration with dataType: String, dataTypeClass: class java.lang.Void
[2023-02-01 18:37:14:4069] [32m[restartedMain][0;39m [31mWARN [0;39m springfox.documentation.swagger.readers.operation.OperationImplicitParameterReader.modelSpecification :Unable to interpret the implicit parameter configuration with dataType: String, dataTypeClass: class java.lang.Void
[2023-02-01 18:37:14:4075] [32m[restartedMain][0;39m [31mWARN [0;39m springfox.documentation.swagger.readers.operation.OperationImplicitParameterReader.modelSpecification :Unable to interpret the implicit parameter configuration with dataType: String, dataTypeClass: class java.lang.Void
[2023-02-01 18:37:14:4077] [32m[restartedMain][0;39m [31mWARN [0;39m springfox.documentation.swagger.readers.operation.OperationImplicitParameterReader.modelSpecification :Unable to interpret the implicit parameter configuration with dataType: String, dataTypeClass: class java.lang.Void
[2023-02-01 18:37:14:4080] [32m[restartedMain][0;39m [31mWARN [0;39m springfox.documentation.swagger.readers.operation.OperationImplicitParameterReader.modelSpecification :Unable to interpret the implicit parameter configuration with dataType: String, dataTypeClass: class java.lang.Void
[2023-02-01 18:37:14:4083] [32m[restartedMain][0;39m [31mWARN [0;39m springfox.documentation.swagger.readers.operation.OperationImplicitParameterReader.modelSpecification :Unable to interpret the implicit parameter configuration with dataType: String, dataTypeClass: class java.lang.Void
[2023-02-01 18:37:14:4089] [32m[restartedMain][0;39m [31mWARN [0;39m springfox.documentation.swagger.readers.operation.OperationImplicitParameterReader.modelSpecification :Unable to interpret the implicit parameter configuration with dataType: String, dataTypeClass: class java.lang.Void
[2023-02-01 18:37:22:11966] [32m[restartedMain][0;39m [31mWARN [0;39m org.springframework.boot.autoconfigure.security.servlet.UserDetailsServiceAutoConfiguration.getOrDeducePassword :

Using generated security password: 14bbf7f1-9a17-4a5d-a495-edf6755d066e

This generated password is for development use only. Your security configuration must be updated before running your application in production.

[2023-02-01 18:37:23:12248] [32m[restartedMain][0;39m [31mWARN [0;39m org.springframework.security.config.annotation.web.builders.WebSecurity.performBuild :You are asking Spring Security to ignore Ant [pattern='/v2/api-docs']. This is not recommended -- please use permitAll via HttpSecurity#authorizeHttpRequests instead.
[2023-02-01 18:37:23:12248] [32m[restartedMain][0;39m [31mWARN [0;39m org.springframework.security.config.annotation.web.builders.WebSecurity.performBuild :You are asking Spring Security to ignore Ant [pattern='/swagger-resources/**']. This is not recommended -- please use permitAll via HttpSecurity#authorizeHttpRequests instead.
[2023-02-01 18:37:23:12249] [32m[restartedMain][0;39m [31mWARN [0;39m org.springframework.security.config.annotation.web.builders.WebSecurity.performBuild :You are asking Spring Security to ignore Ant [pattern='/swagger-ui.html']. This is not recommended -- please use permitAll via HttpSecurity#authorizeHttpRequests instead.
[2023-02-01 18:37:23:12249] [32m[restartedMain][0;39m [31mWARN [0;39m org.springframework.security.config.annotation.web.builders.WebSecurity.performBuild :You are asking Spring Security to ignore Ant [pattern='/webjars/**']. This is not recommended -- please use permitAll via HttpSecurity#authorizeHttpRequests instead.
[2023-02-01 18:37:23:12249] [32m[restartedMain][0;39m [31mWARN [0;39m org.springframework.security.config.annotation.web.builders.WebSecurity.performBuild :You are asking Spring Security to ignore Ant [pattern='/swagger/**']. This is not recommended -- please use permitAll via HttpSecurity#authorizeHttpRequests instead.
[2023-02-01 18:37:23:12250] [32m[restartedMain][0;39m [31mWARN [0;39m org.springframework.security.config.annotation.web.builders.WebSecurity.performBuild :You are asking Spring Security to ignore Ant [pattern='/sign-api/exception']. This is not recommended -- please use permitAll via HttpSecurity#authorizeHttpRequests instead.
[2023-02-01 18:37:23:12250] [32m[restartedMain][0;39m [31mWARN [0;39m org.springframework.security.config.annotation.web.builders.WebSecurity.performBuild :You are asking Spring Security to ignore Ant [pattern='/v3/api-docs/**']. This is not recommended -- please use permitAll via HttpSecurity#authorizeHttpRequests instead.
[2023-02-01 18:37:23:12250] [32m[restartedMain][0;39m [31mWARN [0;39m org.springframework.security.config.annotation.web.builders.WebSecurity.performBuild :You are asking Spring Security to ignore Ant [pattern='/swagger-ui/**']. This is not recommended -- please use permitAll via HttpSecurity#authorizeHttpRequests instead.
[2023-02-01 18:37:23:12348] [32m[restartedMain][0;39m [31mWARN [0;39m springfox.documentation.swagger.readers.operation.OperationImplicitParameterReader.modelSpecification :Unable to interpret the implicit parameter configuration with dataType: String, dataTypeClass: class java.lang.Void
[2023-02-01 18:37:23:12350] [32m[restartedMain][0;39m [31mWARN [0;39m springfox.documentation.swagger.readers.operation.OperationImplicitParameterReader.modelSpecification :Unable to interpret the implicit parameter configuration with dataType: String, dataTypeClass: class java.lang.Void
[2023-02-01 18:37:23:12356] [32m[restartedMain][0;39m [31mWARN [0;39m springfox.documentation.swagger.readers.operation.OperationImplicitParameterReader.modelSpecification :Unable to interpret the implicit parameter configuration with dataType: String, dataTypeClass: class java.lang.Void
[2023-02-01 18:37:23:12358] [32m[restartedMain][0;39m [31mWARN [0;39m springfox.documentation.swagger.readers.operation.OperationImplicitParameterReader.modelSpecification :Unable to interpret the implicit parameter configuration with dataType: String, dataTypeClass: class java.lang.Void
[2023-02-01 18:37:23:12374] [32m[restartedMain][0;39m [31mWARN [0;39m springfox.documentation.swagger.readers.operation.OperationImplicitParameterReader.modelSpecification :Unable to interpret the implicit parameter configuration with dataType: String, dataTypeClass: class java.lang.Void
[2023-02-01 18:37:23:12380] [32m[restartedMain][0;39m [31mWARN [0;39m springfox.documentation.swagger.readers.operation.OperationImplicitParameterReader.modelSpecification :Unable to interpret the implicit parameter configuration with dataType: String, dataTypeClass: class java.lang.Void
[2023-02-01 18:37:23:12382] [32m[restartedMain][0;39m [31mWARN [0;39m springfox.documentation.swagger.readers.operation.OperationImplicitParameterReader.modelSpecification :Unable to interpret the implicit parameter configuration with dataType: String, dataTypeClass: class java.lang.Void
[2023-02-01 18:37:23:12428] [32m[restartedMain][0;39m [31mWARN [0;39m springfox.documentation.swagger.readers.operation.OperationImplicitParameterReader.modelSpecification :Unable to interpret the implicit parameter configuration with dataType: String, dataTypeClass: class java.lang.Void
[2023-02-01 18:37:23:12433] [32m[restartedMain][0;39m [31mWARN [0;39m springfox.documentation.swagger.readers.operation.OperationImplicitParameterReader.modelSpecification :Unable to interpret the implicit parameter configuration with dataType: String, dataTypeClass: class java.lang.Void
[2023-02-01 18:37:23:12435] [32m[restartedMain][0;39m [31mWARN [0;39m springfox.documentation.swagger.readers.operation.OperationImplicitParameterReader.modelSpecification :Unable to interpret the implicit parameter configuration with dataType: String, dataTypeClass: class java.lang.Void
[2023-02-01 18:37:23:12437] [32m[restartedMain][0;39m [31mWARN [0;39m springfox.documentation.swagger.readers.operation.OperationImplicitParameterReader.modelSpecification :Unable to interpret the implicit parameter configuration with dataType: String, dataTypeClass: class java.lang.Void
[2023-02-01 18:37:23:12438] [32m[restartedMain][0;39m [31mWARN [0;39m springfox.documentation.swagger.readers.operation.OperationImplicitParameterReader.modelSpecification :Unable to interpret the implicit parameter configuration with dataType: String, dataTypeClass: class java.lang.Void
[2023-02-01 18:37:23:12443] [32m[restartedMain][0;39m [31mWARN [0;39m springfox.documentation.swagger.readers.operation.OperationImplicitParameterReader.modelSpecification :Unable to interpret the implicit parameter configuration with dataType: String, dataTypeClass: class java.lang.Void
[2023-02-01 18:39:11:120963] [32m[RMI TCP Connection(10)-127.0.0.1][0;39m [31mWARN [0;39m ?.? :The web application [ROOT] appears to have started a thread named [HikariPool-1 housekeeper] but has failed to stop it. This is very likely to create a memory leak. Stack trace of thread:
 java.base@11.0.18/jdk.internal.misc.Unsafe.park(Native Method)
 java.base@11.0.18/java.util.concurrent.locks.LockSupport.parkNanos(LockSupport.java:234)
 java.base@11.0.18/java.util.concurrent.locks.AbstractQueuedSynchronizer$ConditionObject.awaitNanos(AbstractQueuedSynchronizer.java:2123)
 java.base@11.0.18/java.util.concurrent.ScheduledThreadPoolExecutor$DelayedWorkQueue.take(ScheduledThreadPoolExecutor.java:1182)
 java.base@11.0.18/java.util.concurrent.ScheduledThreadPoolExecutor$DelayedWorkQueue.take(ScheduledThreadPoolExecutor.java:899)
 java.base@11.0.18/java.util.concurrent.ThreadPoolExecutor.getTask(ThreadPoolExecutor.java:1054)
 java.base@11.0.18/java.util.concurrent.ThreadPoolExecutor.runWorker(ThreadPoolExecutor.java:1114)
 java.base@11.0.18/java.util.concurrent.ThreadPoolExecutor$Worker.run(ThreadPoolExecutor.java:628)
 java.base@11.0.18/java.lang.Thread.run(Thread.java:829)
[2023-02-01 18:39:19:2748] [32m[restartedMain][0;39m [31mWARN [0;39m org.springframework.boot.autoconfigure.security.servlet.UserDetailsServiceAutoConfiguration.getOrDeducePassword :

Using generated security password: 43f04878-8ea2-463a-9f27-a22e65e168b1

This generated password is for development use only. Your security configuration must be updated before running your application in production.

[2023-02-01 18:39:20:3894] [32m[restartedMain][0;39m [31mWARN [0;39m org.springframework.security.config.annotation.web.builders.WebSecurity.performBuild :You are asking Spring Security to ignore Ant [pattern='/v2/api-docs']. This is not recommended -- please use permitAll via HttpSecurity#authorizeHttpRequests instead.
[2023-02-01 18:39:20:3896] [32m[restartedMain][0;39m [31mWARN [0;39m org.springframework.security.config.annotation.web.builders.WebSecurity.performBuild :You are asking Spring Security to ignore Ant [pattern='/swagger-resources/**']. This is not recommended -- please use permitAll via HttpSecurity#authorizeHttpRequests instead.
[2023-02-01 18:39:20:3897] [32m[restartedMain][0;39m [31mWARN [0;39m org.springframework.security.config.annotation.web.builders.WebSecurity.performBuild :You are asking Spring Security to ignore Ant [pattern='/swagger-ui.html']. This is not recommended -- please use permitAll via HttpSecurity#authorizeHttpRequests instead.
[2023-02-01 18:39:20:3898] [32m[restartedMain][0;39m [31mWARN [0;39m org.springframework.security.config.annotation.web.builders.WebSecurity.performBuild :You are asking Spring Security to ignore Ant [pattern='/webjars/**']. This is not recommended -- please use permitAll via HttpSecurity#authorizeHttpRequests instead.
[2023-02-01 18:39:20:3899] [32m[restartedMain][0;39m [31mWARN [0;39m org.springframework.security.config.annotation.web.builders.WebSecurity.performBuild :You are asking Spring Security to ignore Ant [pattern='/swagger/**']. This is not recommended -- please use permitAll via HttpSecurity#authorizeHttpRequests instead.
[2023-02-01 18:39:20:3899] [32m[restartedMain][0;39m [31mWARN [0;39m org.springframework.security.config.annotation.web.builders.WebSecurity.performBuild :You are asking Spring Security to ignore Ant [pattern='/sign-api/exception']. This is not recommended -- please use permitAll via HttpSecurity#authorizeHttpRequests instead.
[2023-02-01 18:39:20:3900] [32m[restartedMain][0;39m [31mWARN [0;39m org.springframework.security.config.annotation.web.builders.WebSecurity.performBuild :You are asking Spring Security to ignore Ant [pattern='/v3/api-docs/**']. This is not recommended -- please use permitAll via HttpSecurity#authorizeHttpRequests instead.
[2023-02-01 18:39:20:3901] [32m[restartedMain][0;39m [31mWARN [0;39m org.springframework.security.config.annotation.web.builders.WebSecurity.performBuild :You are asking Spring Security to ignore Ant [pattern='/swagger-ui/**']. This is not recommended -- please use permitAll via HttpSecurity#authorizeHttpRequests instead.
[2023-02-01 18:39:20:4302] [32m[restartedMain][0;39m [31mWARN [0;39m springfox.documentation.swagger.readers.operation.OperationImplicitParameterReader.modelSpecification :Unable to interpret the implicit parameter configuration with dataType: String, dataTypeClass: class java.lang.Void
[2023-02-01 18:39:20:4308] [32m[restartedMain][0;39m [31mWARN [0;39m springfox.documentation.swagger.readers.operation.OperationImplicitParameterReader.modelSpecification :Unable to interpret the implicit parameter configuration with dataType: String, dataTypeClass: class java.lang.Void
[2023-02-01 18:39:20:4320] [32m[restartedMain][0;39m [31mWARN [0;39m springfox.documentation.swagger.readers.operation.OperationImplicitParameterReader.modelSpecification :Unable to interpret the implicit parameter configuration with dataType: String, dataTypeClass: class java.lang.Void
[2023-02-01 18:39:20:4324] [32m[restartedMain][0;39m [31mWARN [0;39m springfox.documentation.swagger.readers.operation.OperationImplicitParameterReader.modelSpecification :Unable to interpret the implicit parameter configuration with dataType: String, dataTypeClass: class java.lang.Void
[2023-02-01 18:39:20:4352] [32m[restartedMain][0;39m [31mWARN [0;39m springfox.documentation.swagger.readers.operation.OperationImplicitParameterReader.modelSpecification :Unable to interpret the implicit parameter configuration with dataType: String, dataTypeClass: class java.lang.Void
[2023-02-01 18:39:20:4362] [32m[restartedMain][0;39m [31mWARN [0;39m springfox.documentation.swagger.readers.operation.OperationImplicitParameterReader.modelSpecification :Unable to interpret the implicit parameter configuration with dataType: String, dataTypeClass: class java.lang.Void
[2023-02-01 18:39:20:4365] [32m[restartedMain][0;39m [31mWARN [0;39m springfox.documentation.swagger.readers.operation.OperationImplicitParameterReader.modelSpecification :Unable to interpret the implicit parameter configuration with dataType: String, dataTypeClass: class java.lang.Void
[2023-02-01 18:39:20:4415] [32m[restartedMain][0;39m [31mWARN [0;39m springfox.documentation.swagger.readers.operation.OperationImplicitParameterReader.modelSpecification :Unable to interpret the implicit parameter configuration with dataType: String, dataTypeClass: class java.lang.Void
[2023-02-01 18:39:20:4424] [32m[restartedMain][0;39m [31mWARN [0;39m springfox.documentation.swagger.readers.operation.OperationImplicitParameterReader.modelSpecification :Unable to interpret the implicit parameter configuration with dataType: String, dataTypeClass: class java.lang.Void
[2023-02-01 18:39:20:4430] [32m[restartedMain][0;39m [31mWARN [0;39m springfox.documentation.swagger.readers.operation.OperationImplicitParameterReader.modelSpecification :Unable to interpret the implicit parameter configuration with dataType: String, dataTypeClass: class java.lang.Void
[2023-02-01 18:39:20:4434] [32m[restartedMain][0;39m [31mWARN [0;39m springfox.documentation.swagger.readers.operation.OperationImplicitParameterReader.modelSpecification :Unable to interpret the implicit parameter configuration with dataType: String, dataTypeClass: class java.lang.Void
[2023-02-01 18:39:20:4438] [32m[restartedMain][0;39m [31mWARN [0;39m springfox.documentation.swagger.readers.operation.OperationImplicitParameterReader.modelSpecification :Unable to interpret the implicit parameter configuration with dataType: String, dataTypeClass: class java.lang.Void
[2023-02-01 18:39:20:4445] [32m[restartedMain][0;39m [31mWARN [0;39m springfox.documentation.swagger.readers.operation.OperationImplicitParameterReader.modelSpecification :Unable to interpret the implicit parameter configuration with dataType: String, dataTypeClass: class java.lang.Void
[2023-02-01 18:44:48:332654] [32m[Thread-12][0;39m [31mWARN [0;39m org.apache.juli.logging.DirectJDKLog.log :The web application [ROOT] appears to have started a thread named [HikariPool-1 housekeeper] but has failed to stop it. This is very likely to create a memory leak. Stack trace of thread:
 java.base@11.0.18/jdk.internal.misc.Unsafe.park(Native Method)
 java.base@11.0.18/java.util.concurrent.locks.LockSupport.parkNanos(LockSupport.java:234)
 java.base@11.0.18/java.util.concurrent.locks.AbstractQueuedSynchronizer$ConditionObject.awaitNanos(AbstractQueuedSynchronizer.java:2123)
 java.base@11.0.18/java.util.concurrent.ScheduledThreadPoolExecutor$DelayedWorkQueue.take(ScheduledThreadPoolExecutor.java:1182)
 java.base@11.0.18/java.util.concurrent.ScheduledThreadPoolExecutor$DelayedWorkQueue.take(ScheduledThreadPoolExecutor.java:899)
 java.base@11.0.18/java.util.concurrent.ThreadPoolExecutor.getTask(ThreadPoolExecutor.java:1054)
 java.base@11.0.18/java.util.concurrent.ThreadPoolExecutor.runWorker(ThreadPoolExecutor.java:1114)
 java.base@11.0.18/java.util.concurrent.ThreadPoolExecutor$Worker.run(ThreadPoolExecutor.java:628)
 java.base@11.0.18/java.lang.Thread.run(Thread.java:829)
[2023-02-01 18:44:49:333554] [32m[restartedMain][0;39m [31mWARN [0;39m org.springframework.boot.autoconfigure.security.servlet.UserDetailsServiceAutoConfiguration.getOrDeducePassword :

Using generated security password: efb9c835-d131-4bcf-b51d-f2be985f60a5

This generated password is for development use only. Your security configuration must be updated before running your application in production.

[2023-02-01 18:44:50:333838] [32m[restartedMain][0;39m [31mWARN [0;39m org.springframework.security.config.annotation.web.builders.WebSecurity.performBuild :You are asking Spring Security to ignore Ant [pattern='/v2/api-docs']. This is not recommended -- please use permitAll via HttpSecurity#authorizeHttpRequests instead.
[2023-02-01 18:44:50:333838] [32m[restartedMain][0;39m [31mWARN [0;39m org.springframework.security.config.annotation.web.builders.WebSecurity.performBuild :You are asking Spring Security to ignore Ant [pattern='/swagger-resources/**']. This is not recommended -- please use permitAll via HttpSecurity#authorizeHttpRequests instead.
[2023-02-01 18:44:50:333839] [32m[restartedMain][0;39m [31mWARN [0;39m org.springframework.security.config.annotation.web.builders.WebSecurity.performBuild :You are asking Spring Security to ignore Ant [pattern='/swagger-ui.html']. This is not recommended -- please use permitAll via HttpSecurity#authorizeHttpRequests instead.
[2023-02-01 18:44:50:333839] [32m[restartedMain][0;39m [31mWARN [0;39m org.springframework.security.config.annotation.web.builders.WebSecurity.performBuild :You are asking Spring Security to ignore Ant [pattern='/webjars/**']. This is not recommended -- please use permitAll via HttpSecurity#authorizeHttpRequests instead.
[2023-02-01 18:44:50:333839] [32m[restartedMain][0;39m [31mWARN [0;39m org.springframework.security.config.annotation.web.builders.WebSecurity.performBuild :You are asking Spring Security to ignore Ant [pattern='/swagger/**']. This is not recommended -- please use permitAll via HttpSecurity#authorizeHttpRequests instead.
[2023-02-01 18:44:50:333840] [32m[restartedMain][0;39m [31mWARN [0;39m org.springframework.security.config.annotation.web.builders.WebSecurity.performBuild :You are asking Spring Security to ignore Ant [pattern='/sign-api/exception']. This is not recommended -- please use permitAll via HttpSecurity#authorizeHttpRequests instead.
[2023-02-01 18:44:50:333840] [32m[restartedMain][0;39m [31mWARN [0;39m org.springframework.security.config.annotation.web.builders.WebSecurity.performBuild :You are asking Spring Security to ignore Ant [pattern='/v3/api-docs/**']. This is not recommended -- please use permitAll via HttpSecurity#authorizeHttpRequests instead.
[2023-02-01 18:44:50:333840] [32m[restartedMain][0;39m [31mWARN [0;39m org.springframework.security.config.annotation.web.builders.WebSecurity.performBuild :You are asking Spring Security to ignore Ant [pattern='/swagger-ui/**']. This is not recommended -- please use permitAll via HttpSecurity#authorizeHttpRequests instead.
[2023-02-01 18:44:50:333925] [32m[restartedMain][0;39m [31mWARN [0;39m springfox.documentation.swagger.readers.operation.OperationImplicitParameterReader.modelSpecification :Unable to interpret the implicit parameter configuration with dataType: String, dataTypeClass: class java.lang.Void
[2023-02-01 18:44:50:333926] [32m[restartedMain][0;39m [31mWARN [0;39m springfox.documentation.swagger.readers.operation.OperationImplicitParameterReader.modelSpecification :Unable to interpret the implicit parameter configuration with dataType: String, dataTypeClass: class java.lang.Void
[2023-02-01 18:44:50:333933] [32m[restartedMain][0;39m [31mWARN [0;39m springfox.documentation.swagger.readers.operation.OperationImplicitParameterReader.modelSpecification :Unable to interpret the implicit parameter configuration with dataType: String, dataTypeClass: class java.lang.Void
[2023-02-01 18:44:50:333935] [32m[restartedMain][0;39m [31mWARN [0;39m springfox.documentation.swagger.readers.operation.OperationImplicitParameterReader.modelSpecification :Unable to interpret the implicit parameter configuration with dataType: String, dataTypeClass: class java.lang.Void
[2023-02-01 18:44:50:333952] [32m[restartedMain][0;39m [31mWARN [0;39m springfox.documentation.swagger.readers.operation.OperationImplicitParameterReader.modelSpecification :Unable to interpret the implicit parameter configuration with dataType: String, dataTypeClass: class java.lang.Void
[2023-02-01 18:44:50:333957] [32m[restartedMain][0;39m [31mWARN [0;39m springfox.documentation.swagger.readers.operation.OperationImplicitParameterReader.modelSpecification :Unable to interpret the implicit parameter configuration with dataType: String, dataTypeClass: class java.lang.Void
[2023-02-01 18:44:50:333959] [32m[restartedMain][0;39m [31mWARN [0;39m springfox.documentation.swagger.readers.operation.OperationImplicitParameterReader.modelSpecification :Unable to interpret the implicit parameter configuration with dataType: String, dataTypeClass: class java.lang.Void
[2023-02-01 18:44:50:334004] [32m[restartedMain][0;39m [31mWARN [0;39m springfox.documentation.swagger.readers.operation.OperationImplicitParameterReader.modelSpecification :Unable to interpret the implicit parameter configuration with dataType: String, dataTypeClass: class java.lang.Void
[2023-02-01 18:44:50:334011] [32m[restartedMain][0;39m [31mWARN [0;39m springfox.documentation.swagger.readers.operation.OperationImplicitParameterReader.modelSpecification :Unable to interpret the implicit parameter configuration with dataType: String, dataTypeClass: class java.lang.Void
[2023-02-01 18:44:50:334013] [32m[restartedMain][0;39m [31mWARN [0;39m springfox.documentation.swagger.readers.operation.OperationImplicitParameterReader.modelSpecification :Unable to interpret the implicit parameter configuration with dataType: String, dataTypeClass: class java.lang.Void
[2023-02-01 18:44:50:334015] [32m[restartedMain][0;39m [31mWARN [0;39m springfox.documentation.swagger.readers.operation.OperationImplicitParameterReader.modelSpecification :Unable to interpret the implicit parameter configuration with dataType: String, dataTypeClass: class java.lang.Void
[2023-02-01 18:44:50:334017] [32m[restartedMain][0;39m [31mWARN [0;39m springfox.documentation.swagger.readers.operation.OperationImplicitParameterReader.modelSpecification :Unable to interpret the implicit parameter configuration with dataType: String, dataTypeClass: class java.lang.Void
[2023-02-01 18:44:50:334021] [32m[restartedMain][0;39m [31mWARN [0;39m springfox.documentation.swagger.readers.operation.OperationImplicitParameterReader.modelSpecification :Unable to interpret the implicit parameter configuration with dataType: String, dataTypeClass: class java.lang.Void
[2023-02-01 18:46:10:414020] [32m[Thread-15][0;39m [31mWARN [0;39m ?.? :The web application [ROOT] appears to have started a thread named [HikariPool-2 housekeeper] but has failed to stop it. This is very likely to create a memory leak. Stack trace of thread:
 java.base@11.0.18/jdk.internal.misc.Unsafe.park(Native Method)
 java.base@11.0.18/java.util.concurrent.locks.LockSupport.parkNanos(LockSupport.java:234)
 java.base@11.0.18/java.util.concurrent.locks.AbstractQueuedSynchronizer$ConditionObject.awaitNanos(AbstractQueuedSynchronizer.java:2123)
 java.base@11.0.18/java.util.concurrent.ScheduledThreadPoolExecutor$DelayedWorkQueue.take(ScheduledThreadPoolExecutor.java:1182)
 java.base@11.0.18/java.util.concurrent.ScheduledThreadPoolExecutor$DelayedWorkQueue.take(ScheduledThreadPoolExecutor.java:899)
 java.base@11.0.18/java.util.concurrent.ThreadPoolExecutor.getTask(ThreadPoolExecutor.java:1054)
 java.base@11.0.18/java.util.concurrent.ThreadPoolExecutor.runWorker(ThreadPoolExecutor.java:1114)
 java.base@11.0.18/java.util.concurrent.ThreadPoolExecutor$Worker.run(ThreadPoolExecutor.java:628)
 java.base@11.0.18/java.lang.Thread.run(Thread.java:829)
[2023-02-01 18:46:11:414936] [32m[restartedMain][0;39m [31mWARN [0;39m org.springframework.boot.autoconfigure.security.servlet.UserDetailsServiceAutoConfiguration.getOrDeducePassword :

Using generated security password: 54e69086-7f6b-4ebd-b614-1cd11a3b3a42

This generated password is for development use only. Your security configuration must be updated before running your application in production.

[2023-02-01 18:46:11:415223] [32m[restartedMain][0;39m [31mWARN [0;39m org.springframework.security.config.annotation.web.builders.WebSecurity.performBuild :You are asking Spring Security to ignore Ant [pattern='/v2/api-docs']. This is not recommended -- please use permitAll via HttpSecurity#authorizeHttpRequests instead.
[2023-02-01 18:46:11:415224] [32m[restartedMain][0;39m [31mWARN [0;39m org.springframework.security.config.annotation.web.builders.WebSecurity.performBuild :You are asking Spring Security to ignore Ant [pattern='/swagger-resources/**']. This is not recommended -- please use permitAll via HttpSecurity#authorizeHttpRequests instead.
[2023-02-01 18:46:11:415224] [32m[restartedMain][0;39m [31mWARN [0;39m org.springframework.security.config.annotation.web.builders.WebSecurity.performBuild :You are asking Spring Security to ignore Ant [pattern='/swagger-ui.html']. This is not recommended -- please use permitAll via HttpSecurity#authorizeHttpRequests instead.
[2023-02-01 18:46:11:415224] [32m[restartedMain][0;39m [31mWARN [0;39m org.springframework.security.config.annotation.web.builders.WebSecurity.performBuild :You are asking Spring Security to ignore Ant [pattern='/webjars/**']. This is not recommended -- please use permitAll via HttpSecurity#authorizeHttpRequests instead.
[2023-02-01 18:46:11:415225] [32m[restartedMain][0;39m [31mWARN [0;39m org.springframework.security.config.annotation.web.builders.WebSecurity.performBuild :You are asking Spring Security to ignore Ant [pattern='/swagger/**']. This is not recommended -- please use permitAll via HttpSecurity#authorizeHttpRequests instead.
[2023-02-01 18:46:11:415225] [32m[restartedMain][0;39m [31mWARN [0;39m org.springframework.security.config.annotation.web.builders.WebSecurity.performBuild :You are asking Spring Security to ignore Ant [pattern='/sign-api/exception']. This is not recommended -- please use permitAll via HttpSecurity#authorizeHttpRequests instead.
[2023-02-01 18:46:11:415225] [32m[restartedMain][0;39m [31mWARN [0;39m org.springframework.security.config.annotation.web.builders.WebSecurity.performBuild :You are asking Spring Security to ignore Ant [pattern='/v3/api-docs/**']. This is not recommended -- please use permitAll via HttpSecurity#authorizeHttpRequests instead.
[2023-02-01 18:46:11:415225] [32m[restartedMain][0;39m [31mWARN [0;39m org.springframework.security.config.annotation.web.builders.WebSecurity.performBuild :You are asking Spring Security to ignore Ant [pattern='/swagger-ui/**']. This is not recommended -- please use permitAll via HttpSecurity#authorizeHttpRequests instead.
[2023-02-01 18:46:11:415309] [32m[restartedMain][0;39m [31mWARN [0;39m springfox.documentation.swagger.readers.operation.OperationImplicitParameterReader.modelSpecification :Unable to interpret the implicit parameter configuration with dataType: String, dataTypeClass: class java.lang.Void
[2023-02-01 18:46:11:415310] [32m[restartedMain][0;39m [31mWARN [0;39m springfox.documentation.swagger.readers.operation.OperationImplicitParameterReader.modelSpecification :Unable to interpret the implicit parameter configuration with dataType: String, dataTypeClass: class java.lang.Void
[2023-02-01 18:46:11:415318] [32m[restartedMain][0;39m [31mWARN [0;39m springfox.documentation.swagger.readers.operation.OperationImplicitParameterReader.modelSpecification :Unable to interpret the implicit parameter configuration with dataType: String, dataTypeClass: class java.lang.Void
[2023-02-01 18:46:11:415320] [32m[restartedMain][0;39m [31mWARN [0;39m springfox.documentation.swagger.readers.operation.OperationImplicitParameterReader.modelSpecification :Unable to interpret the implicit parameter configuration with dataType: String, dataTypeClass: class java.lang.Void
[2023-02-01 18:46:11:415335] [32m[restartedMain][0;39m [31mWARN [0;39m springfox.documentation.swagger.readers.operation.OperationImplicitParameterReader.modelSpecification :Unable to interpret the implicit parameter configuration with dataType: String, dataTypeClass: class java.lang.Void
[2023-02-01 18:46:11:415339] [32m[restartedMain][0;39m [31mWARN [0;39m springfox.documentation.swagger.readers.operation.OperationImplicitParameterReader.modelSpecification :Unable to interpret the implicit parameter configuration with dataType: String, dataTypeClass: class java.lang.Void
[2023-02-01 18:46:11:415341] [32m[restartedMain][0;39m [31mWARN [0;39m springfox.documentation.swagger.readers.operation.OperationImplicitParameterReader.modelSpecification :Unable to interpret the implicit parameter configuration with dataType: String, dataTypeClass: class java.lang.Void
[2023-02-01 18:46:11:415381] [32m[restartedMain][0;39m [31mWARN [0;39m springfox.documentation.swagger.readers.operation.OperationImplicitParameterReader.modelSpecification :Unable to interpret the implicit parameter configuration with dataType: String, dataTypeClass: class java.lang.Void
[2023-02-01 18:46:11:415386] [32m[restartedMain][0;39m [31mWARN [0;39m springfox.documentation.swagger.readers.operation.OperationImplicitParameterReader.modelSpecification :Unable to interpret the implicit parameter configuration with dataType: String, dataTypeClass: class java.lang.Void
[2023-02-01 18:46:11:415388] [32m[restartedMain][0;39m [31mWARN [0;39m springfox.documentation.swagger.readers.operation.OperationImplicitParameterReader.modelSpecification :Unable to interpret the implicit parameter configuration with dataType: String, dataTypeClass: class java.lang.Void
[2023-02-01 18:46:11:415390] [32m[restartedMain][0;39m [31mWARN [0;39m springfox.documentation.swagger.readers.operation.OperationImplicitParameterReader.modelSpecification :Unable to interpret the implicit parameter configuration with dataType: String, dataTypeClass: class java.lang.Void
[2023-02-01 18:46:11:415391] [32m[restartedMain][0;39m [31mWARN [0;39m springfox.documentation.swagger.readers.operation.OperationImplicitParameterReader.modelSpecification :Unable to interpret the implicit parameter configuration with dataType: String, dataTypeClass: class java.lang.Void
[2023-02-01 18:46:11:415395] [32m[restartedMain][0;39m [31mWARN [0;39m springfox.documentation.swagger.readers.operation.OperationImplicitParameterReader.modelSpecification :Unable to interpret the implicit parameter configuration with dataType: String, dataTypeClass: class java.lang.Void
[2023-02-01 18:46:28:431966] [32m[Thread-23][0;39m [31mWARN [0;39m ?.? :The web application [ROOT] appears to have started a thread named [HikariPool-3 housekeeper] but has failed to stop it. This is very likely to create a memory leak. Stack trace of thread:
 java.base@11.0.18/jdk.internal.misc.Unsafe.park(Native Method)
 java.base@11.0.18/java.util.concurrent.locks.LockSupport.parkNanos(LockSupport.java:234)
 java.base@11.0.18/java.util.concurrent.locks.AbstractQueuedSynchronizer$ConditionObject.awaitNanos(AbstractQueuedSynchronizer.java:2123)
 java.base@11.0.18/java.util.concurrent.ScheduledThreadPoolExecutor$DelayedWorkQueue.take(ScheduledThreadPoolExecutor.java:1182)
 java.base@11.0.18/java.util.concurrent.ScheduledThreadPoolExecutor$DelayedWorkQueue.take(ScheduledThreadPoolExecutor.java:899)
 java.base@11.0.18/java.util.concurrent.ThreadPoolExecutor.getTask(ThreadPoolExecutor.java:1054)
 java.base@11.0.18/java.util.concurrent.ThreadPoolExecutor.runWorker(ThreadPoolExecutor.java:1114)
 java.base@11.0.18/java.util.concurrent.ThreadPoolExecutor$Worker.run(ThreadPoolExecutor.java:628)
 java.base@11.0.18/java.lang.Thread.run(Thread.java:829)
[2023-02-01 18:46:29:432846] [32m[restartedMain][0;39m [31mWARN [0;39m org.springframework.boot.autoconfigure.security.servlet.UserDetailsServiceAutoConfiguration.getOrDeducePassword :

Using generated security password: 0c1f20c9-56b3-45fe-9fd9-ea9ba9971a6f

This generated password is for development use only. Your security configuration must be updated before running your application in production.

[2023-02-01 18:46:29:433084] [32m[restartedMain][0;39m [31mWARN [0;39m org.springframework.security.config.annotation.web.builders.WebSecurity.performBuild :You are asking Spring Security to ignore Ant [pattern='/v2/api-docs']. This is not recommended -- please use permitAll via HttpSecurity#authorizeHttpRequests instead.
[2023-02-01 18:46:29:433084] [32m[restartedMain][0;39m [31mWARN [0;39m org.springframework.security.config.annotation.web.builders.WebSecurity.performBuild :You are asking Spring Security to ignore Ant [pattern='/swagger-resources/**']. This is not recommended -- please use permitAll via HttpSecurity#authorizeHttpRequests instead.
[2023-02-01 18:46:29:433085] [32m[restartedMain][0;39m [31mWARN [0;39m org.springframework.security.config.annotation.web.builders.WebSecurity.performBuild :You are asking Spring Security to ignore Ant [pattern='/swagger-ui.html']. This is not recommended -- please use permitAll via HttpSecurity#authorizeHttpRequests instead.
[2023-02-01 18:46:29:433085] [32m[restartedMain][0;39m [31mWARN [0;39m org.springframework.security.config.annotation.web.builders.WebSecurity.performBuild :You are asking Spring Security to ignore Ant [pattern='/webjars/**']. This is not recommended -- please use permitAll via HttpSecurity#authorizeHttpRequests instead.
[2023-02-01 18:46:29:433085] [32m[restartedMain][0;39m [31mWARN [0;39m org.springframework.security.config.annotation.web.builders.WebSecurity.performBuild :You are asking Spring Security to ignore Ant [pattern='/swagger/**']. This is not recommended -- please use permitAll via HttpSecurity#authorizeHttpRequests instead.
[2023-02-01 18:46:29:433085] [32m[restartedMain][0;39m [31mWARN [0;39m org.springframework.security.config.annotation.web.builders.WebSecurity.performBuild :You are asking Spring Security to ignore Ant [pattern='/sign-api/exception']. This is not recommended -- please use permitAll via HttpSecurity#authorizeHttpRequests instead.
[2023-02-01 18:46:29:433085] [32m[restartedMain][0;39m [31mWARN [0;39m org.springframework.security.config.annotation.web.builders.WebSecurity.performBuild :You are asking Spring Security to ignore Ant [pattern='/v3/api-docs/**']. This is not recommended -- please use permitAll via HttpSecurity#authorizeHttpRequests instead.
[2023-02-01 18:46:29:433086] [32m[restartedMain][0;39m [31mWARN [0;39m org.springframework.security.config.annotation.web.builders.WebSecurity.performBuild :You are asking Spring Security to ignore Ant [pattern='/swagger-ui/**']. This is not recommended -- please use permitAll via HttpSecurity#authorizeHttpRequests instead.
[2023-02-01 18:46:29:433169] [32m[restartedMain][0;39m [31mWARN [0;39m springfox.documentation.swagger.readers.operation.OperationImplicitParameterReader.modelSpecification :Unable to interpret the implicit parameter configuration with dataType: String, dataTypeClass: class java.lang.Void
[2023-02-01 18:46:29:433171] [32m[restartedMain][0;39m [31mWARN [0;39m springfox.documentation.swagger.readers.operation.OperationImplicitParameterReader.modelSpecification :Unable to interpret the implicit parameter configuration with dataType: String, dataTypeClass: class java.lang.Void
[2023-02-01 18:46:29:433176] [32m[restartedMain][0;39m [31mWARN [0;39m springfox.documentation.swagger.readers.operation.OperationImplicitParameterReader.modelSpecification :Unable to interpret the implicit parameter configuration with dataType: String, dataTypeClass: class java.lang.Void
[2023-02-01 18:46:29:433179] [32m[restartedMain][0;39m [31mWARN [0;39m springfox.documentation.swagger.readers.operation.OperationImplicitParameterReader.modelSpecification :Unable to interpret the implicit parameter configuration with dataType: String, dataTypeClass: class java.lang.Void
[2023-02-01 18:46:29:433196] [32m[restartedMain][0;39m [31mWARN [0;39m springfox.documentation.swagger.readers.operation.OperationImplicitParameterReader.modelSpecification :Unable to interpret the implicit parameter configuration with dataType: String, dataTypeClass: class java.lang.Void
[2023-02-01 18:46:29:433202] [32m[restartedMain][0;39m [31mWARN [0;39m springfox.documentation.swagger.readers.operation.OperationImplicitParameterReader.modelSpecification :Unable to interpret the implicit parameter configuration with dataType: String, dataTypeClass: class java.lang.Void
[2023-02-01 18:46:29:433204] [32m[restartedMain][0;39m [31mWARN [0;39m springfox.documentation.swagger.readers.operation.OperationImplicitParameterReader.modelSpecification :Unable to interpret the implicit parameter configuration with dataType: String, dataTypeClass: class java.lang.Void
[2023-02-01 18:46:29:433242] [32m[restartedMain][0;39m [31mWARN [0;39m springfox.documentation.swagger.readers.operation.OperationImplicitParameterReader.modelSpecification :Unable to interpret the implicit parameter configuration with dataType: String, dataTypeClass: class java.lang.Void
[2023-02-01 18:46:29:433246] [32m[restartedMain][0;39m [31mWARN [0;39m springfox.documentation.swagger.readers.operation.OperationImplicitParameterReader.modelSpecification :Unable to interpret the implicit parameter configuration with dataType: String, dataTypeClass: class java.lang.Void
[2023-02-01 18:46:29:433248] [32m[restartedMain][0;39m [31mWARN [0;39m springfox.documentation.swagger.readers.operation.OperationImplicitParameterReader.modelSpecification :Unable to interpret the implicit parameter configuration with dataType: String, dataTypeClass: class java.lang.Void
[2023-02-01 18:46:29:433249] [32m[restartedMain][0;39m [31mWARN [0;39m springfox.documentation.swagger.readers.operation.OperationImplicitParameterReader.modelSpecification :Unable to interpret the implicit parameter configuration with dataType: String, dataTypeClass: class java.lang.Void
[2023-02-01 18:46:29:433251] [32m[restartedMain][0;39m [31mWARN [0;39m springfox.documentation.swagger.readers.operation.OperationImplicitParameterReader.modelSpecification :Unable to interpret the implicit parameter configuration with dataType: String, dataTypeClass: class java.lang.Void
[2023-02-01 18:46:29:433256] [32m[restartedMain][0;39m [31mWARN [0;39m springfox.documentation.swagger.readers.operation.OperationImplicitParameterReader.modelSpecification :Unable to interpret the implicit parameter configuration with dataType: String, dataTypeClass: class java.lang.Void
[2023-02-01 18:46:50:454548] [32m[restartedMain][0;39m [31mWARN [0;39m org.springframework.boot.autoconfigure.security.servlet.UserDetailsServiceAutoConfiguration.getOrDeducePassword :

Using generated security password: 5cb4681f-aa18-4de8-8cbd-e30ce11f9195

This generated password is for development use only. Your security configuration must be updated before running your application in production.

[2023-02-01 18:46:51:454797] [32m[restartedMain][0;39m [31mWARN [0;39m org.springframework.security.config.annotation.web.builders.WebSecurity.performBuild :You are asking Spring Security to ignore Ant [pattern='/v2/api-docs']. This is not recommended -- please use permitAll via HttpSecurity#authorizeHttpRequests instead.
[2023-02-01 18:46:51:454798] [32m[restartedMain][0;39m [31mWARN [0;39m org.springframework.security.config.annotation.web.builders.WebSecurity.performBuild :You are asking Spring Security to ignore Ant [pattern='/swagger-resources/**']. This is not recommended -- please use permitAll via HttpSecurity#authorizeHttpRequests instead.
[2023-02-01 18:46:51:454799] [32m[restartedMain][0;39m [31mWARN [0;39m org.springframework.security.config.annotation.web.builders.WebSecurity.performBuild :You are asking Spring Security to ignore Ant [pattern='/swagger-ui.html']. This is not recommended -- please use permitAll via HttpSecurity#authorizeHttpRequests instead.
[2023-02-01 18:46:51:454799] [32m[restartedMain][0;39m [31mWARN [0;39m org.springframework.security.config.annotation.web.builders.WebSecurity.performBuild :You are asking Spring Security to ignore Ant [pattern='/webjars/**']. This is not recommended -- please use permitAll via HttpSecurity#authorizeHttpRequests instead.
[2023-02-01 18:46:51:454799] [32m[restartedMain][0;39m [31mWARN [0;39m org.springframework.security.config.annotation.web.builders.WebSecurity.performBuild :You are asking Spring Security to ignore Ant [pattern='/swagger/**']. This is not recommended -- please use permitAll via HttpSecurity#authorizeHttpRequests instead.
[2023-02-01 18:46:51:454800] [32m[restartedMain][0;39m [31mWARN [0;39m org.springframework.security.config.annotation.web.builders.WebSecurity.performBuild :You are asking Spring Security to ignore Ant [pattern='/sign-api/exception']. This is not recommended -- please use permitAll via HttpSecurity#authorizeHttpRequests instead.
[2023-02-01 18:46:51:454800] [32m[restartedMain][0;39m [31mWARN [0;39m org.springframework.security.config.annotation.web.builders.WebSecurity.performBuild :You are asking Spring Security to ignore Ant [pattern='/v3/api-docs/**']. This is not recommended -- please use permitAll via HttpSecurity#authorizeHttpRequests instead.
[2023-02-01 18:46:51:454800] [32m[restartedMain][0;39m [31mWARN [0;39m org.springframework.security.config.annotation.web.builders.WebSecurity.performBuild :You are asking Spring Security to ignore Ant [pattern='/swagger-ui/**']. This is not recommended -- please use permitAll via HttpSecurity#authorizeHttpRequests instead.
[2023-02-01 18:46:51:454874] [32m[restartedMain][0;39m [31mWARN [0;39m springfox.documentation.swagger.readers.operation.OperationImplicitParameterReader.modelSpecification :Unable to interpret the implicit parameter configuration with dataType: String, dataTypeClass: class java.lang.Void
[2023-02-01 18:46:51:454875] [32m[restartedMain][0;39m [31mWARN [0;39m springfox.documentation.swagger.readers.operation.OperationImplicitParameterReader.modelSpecification :Unable to interpret the implicit parameter configuration with dataType: String, dataTypeClass: class java.lang.Void
[2023-02-01 18:46:51:454879] [32m[restartedMain][0;39m [31mWARN [0;39m springfox.documentation.swagger.readers.operation.OperationImplicitParameterReader.modelSpecification :Unable to interpret the implicit parameter configuration with dataType: String, dataTypeClass: class java.lang.Void
[2023-02-01 18:46:51:454881] [32m[restartedMain][0;39m [31mWARN [0;39m springfox.documentation.swagger.readers.operation.OperationImplicitParameterReader.modelSpecification :Unable to interpret the implicit parameter configuration with dataType: String, dataTypeClass: class java.lang.Void
[2023-02-01 18:46:51:454891] [32m[restartedMain][0;39m [31mWARN [0;39m springfox.documentation.swagger.readers.operation.OperationImplicitParameterReader.modelSpecification :Unable to interpret the implicit parameter configuration with dataType: String, dataTypeClass: class java.lang.Void
[2023-02-01 18:46:51:454895] [32m[restartedMain][0;39m [31mWARN [0;39m springfox.documentation.swagger.readers.operation.OperationImplicitParameterReader.modelSpecification :Unable to interpret the implicit parameter configuration with dataType: String, dataTypeClass: class java.lang.Void
[2023-02-01 18:46:51:454897] [32m[restartedMain][0;39m [31mWARN [0;39m springfox.documentation.swagger.readers.operation.OperationImplicitParameterReader.modelSpecification :Unable to interpret the implicit parameter configuration with dataType: String, dataTypeClass: class java.lang.Void
[2023-02-01 18:46:51:454931] [32m[restartedMain][0;39m [31mWARN [0;39m springfox.documentation.swagger.readers.operation.OperationImplicitParameterReader.modelSpecification :Unable to interpret the implicit parameter configuration with dataType: String, dataTypeClass: class java.lang.Void
[2023-02-01 18:46:51:454935] [32m[restartedMain][0;39m [31mWARN [0;39m springfox.documentation.swagger.readers.operation.OperationImplicitParameterReader.modelSpecification :Unable to interpret the implicit parameter configuration with dataType: String, dataTypeClass: class java.lang.Void
[2023-02-01 18:46:51:454938] [32m[restartedMain][0;39m [31mWARN [0;39m springfox.documentation.swagger.readers.operation.OperationImplicitParameterReader.modelSpecification :Unable to interpret the implicit parameter configuration with dataType: String, dataTypeClass: class java.lang.Void
[2023-02-01 18:46:51:454939] [32m[restartedMain][0;39m [31mWARN [0;39m springfox.documentation.swagger.readers.operation.OperationImplicitParameterReader.modelSpecification :Unable to interpret the implicit parameter configuration with dataType: String, dataTypeClass: class java.lang.Void
[2023-02-01 18:46:51:454941] [32m[restartedMain][0;39m [31mWARN [0;39m springfox.documentation.swagger.readers.operation.OperationImplicitParameterReader.modelSpecification :Unable to interpret the implicit parameter configuration with dataType: String, dataTypeClass: class java.lang.Void
[2023-02-01 18:46:51:454945] [32m[restartedMain][0;39m [31mWARN [0;39m springfox.documentation.swagger.readers.operation.OperationImplicitParameterReader.modelSpecification :Unable to interpret the implicit parameter configuration with dataType: String, dataTypeClass: class java.lang.Void
[2023-02-01 18:47:34:498176] [32m[Thread-39][0;39m [31mWARN [0;39m ?.? :The web application [ROOT] appears to have started a thread named [HikariPool-4 housekeeper] but has failed to stop it. This is very likely to create a memory leak. Stack trace of thread:
 java.base@11.0.18/jdk.internal.misc.Unsafe.park(Native Method)
 java.base@11.0.18/java.util.concurrent.locks.LockSupport.parkNanos(LockSupport.java:234)
 java.base@11.0.18/java.util.concurrent.locks.AbstractQueuedSynchronizer$ConditionObject.awaitNanos(AbstractQueuedSynchronizer.java:2123)
 java.base@11.0.18/java.util.concurrent.ScheduledThreadPoolExecutor$DelayedWorkQueue.take(ScheduledThreadPoolExecutor.java:1182)
 java.base@11.0.18/java.util.concurrent.ScheduledThreadPoolExecutor$DelayedWorkQueue.take(ScheduledThreadPoolExecutor.java:899)
 java.base@11.0.18/java.util.concurrent.ThreadPoolExecutor.getTask(ThreadPoolExecutor.java:1054)
 java.base@11.0.18/java.util.concurrent.ThreadPoolExecutor.runWorker(ThreadPoolExecutor.java:1114)
 java.base@11.0.18/java.util.concurrent.ThreadPoolExecutor$Worker.run(ThreadPoolExecutor.java:628)
 java.base@11.0.18/java.lang.Thread.run(Thread.java:829)
[2023-02-01 18:47:35:498991] [32m[restartedMain][0;39m [31mWARN [0;39m org.springframework.boot.autoconfigure.security.servlet.UserDetailsServiceAutoConfiguration.getOrDeducePassword :

Using generated security password: f14f5a0a-1f2d-42ef-bfec-c3a913d791ad

This generated password is for development use only. Your security configuration must be updated before running your application in production.

[2023-02-01 18:47:35:499240] [32m[restartedMain][0;39m [31mWARN [0;39m org.springframework.security.config.annotation.web.builders.WebSecurity.performBuild :You are asking Spring Security to ignore Ant [pattern='/v2/api-docs']. This is not recommended -- please use permitAll via HttpSecurity#authorizeHttpRequests instead.
[2023-02-01 18:47:35:499240] [32m[restartedMain][0;39m [31mWARN [0;39m org.springframework.security.config.annotation.web.builders.WebSecurity.performBuild :You are asking Spring Security to ignore Ant [pattern='/swagger-resources/**']. This is not recommended -- please use permitAll via HttpSecurity#authorizeHttpRequests instead.
[2023-02-01 18:47:35:499240] [32m[restartedMain][0;39m [31mWARN [0;39m org.springframework.security.config.annotation.web.builders.WebSecurity.performBuild :You are asking Spring Security to ignore Ant [pattern='/swagger-ui.html']. This is not recommended -- please use permitAll via HttpSecurity#authorizeHttpRequests instead.
[2023-02-01 18:47:35:499241] [32m[restartedMain][0;39m [31mWARN [0;39m org.springframework.security.config.annotation.web.builders.WebSecurity.performBuild :You are asking Spring Security to ignore Ant [pattern='/webjars/**']. This is not recommended -- please use permitAll via HttpSecurity#authorizeHttpRequests instead.
[2023-02-01 18:47:35:499241] [32m[restartedMain][0;39m [31mWARN [0;39m org.springframework.security.config.annotation.web.builders.WebSecurity.performBuild :You are asking Spring Security to ignore Ant [pattern='/swagger/**']. This is not recommended -- please use permitAll via HttpSecurity#authorizeHttpRequests instead.
[2023-02-01 18:47:35:499241] [32m[restartedMain][0;39m [31mWARN [0;39m org.springframework.security.config.annotation.web.builders.WebSecurity.performBuild :You are asking Spring Security to ignore Ant [pattern='/sign-api/exception']. This is not recommended -- please use permitAll via HttpSecurity#authorizeHttpRequests instead.
[2023-02-01 18:47:35:499241] [32m[restartedMain][0;39m [31mWARN [0;39m org.springframework.security.config.annotation.web.builders.WebSecurity.performBuild :You are asking Spring Security to ignore Ant [pattern='/v3/api-docs/**']. This is not recommended -- please use permitAll via HttpSecurity#authorizeHttpRequests instead.
[2023-02-01 18:47:35:499241] [32m[restartedMain][0;39m [31mWARN [0;39m org.springframework.security.config.annotation.web.builders.WebSecurity.performBuild :You are asking Spring Security to ignore Ant [pattern='/swagger-ui/**']. This is not recommended -- please use permitAll via HttpSecurity#authorizeHttpRequests instead.
[2023-02-01 18:47:35:499312] [32m[restartedMain][0;39m [31mWARN [0;39m springfox.documentation.swagger.readers.operation.OperationImplicitParameterReader.modelSpecification :Unable to interpret the implicit parameter configuration with dataType: String, dataTypeClass: class java.lang.Void
[2023-02-01 18:47:35:499314] [32m[restartedMain][0;39m [31mWARN [0;39m springfox.documentation.swagger.readers.operation.OperationImplicitParameterReader.modelSpecification :Unable to interpret the implicit parameter configuration with dataType: String, dataTypeClass: class java.lang.Void
[2023-02-01 18:47:35:499318] [32m[restartedMain][0;39m [31mWARN [0;39m springfox.documentation.swagger.readers.operation.OperationImplicitParameterReader.modelSpecification :Unable to interpret the implicit parameter configuration with dataType: String, dataTypeClass: class java.lang.Void
[2023-02-01 18:47:35:499320] [32m[restartedMain][0;39m [31mWARN [0;39m springfox.documentation.swagger.readers.operation.OperationImplicitParameterReader.modelSpecification :Unable to interpret the implicit parameter configuration with dataType: String, dataTypeClass: class java.lang.Void
[2023-02-01 18:47:35:499333] [32m[restartedMain][0;39m [31mWARN [0;39m springfox.documentation.swagger.readers.operation.OperationImplicitParameterReader.modelSpecification :Unable to interpret the implicit parameter configuration with dataType: String, dataTypeClass: class java.lang.Void
[2023-02-01 18:47:35:499337] [32m[restartedMain][0;39m [31mWARN [0;39m springfox.documentation.swagger.readers.operation.OperationImplicitParameterReader.modelSpecification :Unable to interpret the implicit parameter configuration with dataType: String, dataTypeClass: class java.lang.Void
[2023-02-01 18:47:35:499338] [32m[restartedMain][0;39m [31mWARN [0;39m springfox.documentation.swagger.readers.operation.OperationImplicitParameterReader.modelSpecification :Unable to interpret the implicit parameter configuration with dataType: String, dataTypeClass: class java.lang.Void
[2023-02-01 18:47:35:499363] [32m[restartedMain][0;39m [31mWARN [0;39m springfox.documentation.swagger.readers.operation.OperationImplicitParameterReader.modelSpecification :Unable to interpret the implicit parameter configuration with dataType: String, dataTypeClass: class java.lang.Void
[2023-02-01 18:47:35:499368] [32m[restartedMain][0;39m [31mWARN [0;39m springfox.documentation.swagger.readers.operation.OperationImplicitParameterReader.modelSpecification :Unable to interpret the implicit parameter configuration with dataType: String, dataTypeClass: class java.lang.Void
[2023-02-01 18:47:35:499370] [32m[restartedMain][0;39m [31mWARN [0;39m springfox.documentation.swagger.readers.operation.OperationImplicitParameterReader.modelSpecification :Unable to interpret the implicit parameter configuration with dataType: String, dataTypeClass: class java.lang.Void
[2023-02-01 18:47:35:499371] [32m[restartedMain][0;39m [31mWARN [0;39m springfox.documentation.swagger.readers.operation.OperationImplicitParameterReader.modelSpecification :Unable to interpret the implicit parameter configuration with dataType: String, dataTypeClass: class java.lang.Void
[2023-02-01 18:47:35:499377] [32m[restartedMain][0;39m [31mWARN [0;39m springfox.documentation.swagger.readers.operation.OperationImplicitParameterReader.modelSpecification :Unable to interpret the implicit parameter configuration with dataType: String, dataTypeClass: class java.lang.Void
[2023-02-01 18:47:35:499381] [32m[restartedMain][0;39m [31mWARN [0;39m springfox.documentation.swagger.readers.operation.OperationImplicitParameterReader.modelSpecification :Unable to interpret the implicit parameter configuration with dataType: String, dataTypeClass: class java.lang.Void
[2023-02-01 19:40:24:3667753] [32m[RMI TCP Connection(90)-127.0.0.1][0;39m [31mWARN [0;39m ?.? :The web application [ROOT] appears to have started a thread named [HikariPool-5 housekeeper] but has failed to stop it. This is very likely to create a memory leak. Stack trace of thread:
 java.base@11.0.18/jdk.internal.misc.Unsafe.park(Native Method)
 java.base@11.0.18/java.util.concurrent.locks.LockSupport.parkNanos(LockSupport.java:234)
 java.base@11.0.18/java.util.concurrent.locks.AbstractQueuedSynchronizer$ConditionObject.awaitNanos(AbstractQueuedSynchronizer.java:2123)
 java.base@11.0.18/java.util.concurrent.ScheduledThreadPoolExecutor$DelayedWorkQueue.take(ScheduledThreadPoolExecutor.java:1182)
 java.base@11.0.18/java.util.concurrent.ScheduledThreadPoolExecutor$DelayedWorkQueue.take(ScheduledThreadPoolExecutor.java:899)
 java.base@11.0.18/java.util.concurrent.ThreadPoolExecutor.getTask(ThreadPoolExecutor.java:1054)
 java.base@11.0.18/java.util.concurrent.ThreadPoolExecutor.runWorker(ThreadPoolExecutor.java:1114)
 java.base@11.0.18/java.util.concurrent.ThreadPoolExecutor$Worker.run(ThreadPoolExecutor.java:628)
 java.base@11.0.18/java.lang.Thread.run(Thread.java:829)
