[2023-02-07 21:51:31:2820] [32m[restartedMain][0;39m [31mWARN [0;39m org.springframework.boot.autoconfigure.security.servlet.UserDetailsServiceAutoConfiguration.getOrDeducePassword :

Using generated security password: cad7bdd4-85d0-49af-9d4e-914ae76a8fba

This generated password is for development use only. Your security configuration must be updated before running your application in production.

[2023-02-07 21:51:33:4010] [32m[restartedMain][0;39m [31mWARN [0;39m org.springframework.security.config.annotation.web.builders.WebSecurity.performBuild :You are asking Spring Security to ignore Ant [pattern='/v2/api-docs']. This is not recommended -- please use permitAll via HttpSecurity#authorizeHttpRequests instead.
[2023-02-07 21:51:33:4051] [32m[restartedMain][0;39m [31mWARN [0;39m org.springframework.security.config.annotation.web.builders.WebSecurity.performBuild :You are asking Spring Security to ignore Ant [pattern='/swagger-resources/**']. This is not recommended -- please use permitAll via HttpSecurity#authorizeHttpRequests instead.
[2023-02-07 21:51:33:4051] [32m[restartedMain][0;39m [31mWARN [0;39m org.springframework.security.config.annotation.web.builders.WebSecurity.performBuild :You are asking Spring Security to ignore Ant [pattern='/swagger-ui.html']. This is not recommended -- please use permitAll via HttpSecurity#authorizeHttpRequests instead.
[2023-02-07 21:51:33:4052] [32m[restartedMain][0;39m [31mWARN [0;39m org.springframework.security.config.annotation.web.builders.WebSecurity.performBuild :You are asking Spring Security to ignore Ant [pattern='/webjars/**']. This is not recommended -- please use permitAll via HttpSecurity#authorizeHttpRequests instead.
[2023-02-07 21:51:33:4052] [32m[restartedMain][0;39m [31mWARN [0;39m org.springframework.security.config.annotation.web.builders.WebSecurity.performBuild :You are asking Spring Security to ignore Ant [pattern='/swagger/**']. This is not recommended -- please use permitAll via HttpSecurity#authorizeHttpRequests instead.
[2023-02-07 21:51:33:4052] [32m[restartedMain][0;39m [31mWARN [0;39m org.springframework.security.config.annotation.web.builders.WebSecurity.performBuild :You are asking Spring Security to ignore Ant [pattern='/sign-api/exception']. This is not recommended -- please use permitAll via HttpSecurity#authorizeHttpRequests instead.
[2023-02-07 21:51:33:4054] [32m[restartedMain][0;39m [31mWARN [0;39m org.springframework.security.config.annotation.web.builders.WebSecurity.performBuild :You are asking Spring Security to ignore Ant [pattern='/v3/api-docs/**']. This is not recommended -- please use permitAll via HttpSecurity#authorizeHttpRequests instead.
[2023-02-07 21:51:33:4054] [32m[restartedMain][0;39m [31mWARN [0;39m org.springframework.security.config.annotation.web.builders.WebSecurity.performBuild :You are asking Spring Security to ignore Ant [pattern='/swagger-ui/**']. This is not recommended -- please use permitAll via HttpSecurity#authorizeHttpRequests instead.
[2023-02-07 21:51:33:4381] [32m[restartedMain][0;39m [31mWARN [0;39m springfox.documentation.swagger.readers.operation.OperationImplicitParameterReader.modelSpecification :Unable to interpret the implicit parameter configuration with dataType: String, dataTypeClass: class java.lang.Void
[2023-02-07 21:51:33:4455] [32m[restartedMain][0;39m [31mWARN [0;39m springfox.documentation.swagger.readers.operation.OperationImplicitParameterReader.modelSpecification :Unable to interpret the implicit parameter configuration with dataType: String, dataTypeClass: class java.lang.Void
[2023-02-07 21:51:33:4473] [32m[restartedMain][0;39m [31mWARN [0;39m springfox.documentation.swagger.readers.operation.OperationImplicitParameterReader.modelSpecification :Unable to interpret the implicit parameter configuration with dataType: String, dataTypeClass: class java.lang.Void
[2023-02-07 21:51:33:4483] [32m[restartedMain][0;39m [31mWARN [0;39m springfox.documentation.swagger.readers.operation.OperationImplicitParameterReader.modelSpecification :Unable to interpret the implicit parameter configuration with dataType: String, dataTypeClass: class java.lang.Void
[2023-02-07 21:51:33:4486] [32m[restartedMain][0;39m [31mWARN [0;39m springfox.documentation.swagger.readers.operation.OperationImplicitParameterReader.modelSpecification :Unable to interpret the implicit parameter configuration with dataType: String, dataTypeClass: class java.lang.Void
[2023-02-07 21:51:33:4489] [32m[restartedMain][0;39m [31mWARN [0;39m springfox.documentation.swagger.readers.operation.OperationImplicitParameterReader.modelSpecification :Unable to interpret the implicit parameter configuration with dataType: String, dataTypeClass: class java.lang.Void
[2023-02-07 21:51:33:4496] [32m[restartedMain][0;39m [31mWARN [0;39m springfox.documentation.swagger.readers.operation.OperationImplicitParameterReader.modelSpecification :Unable to interpret the implicit parameter configuration with dataType: String, dataTypeClass: class java.lang.Void
[2023-02-07 21:51:33:4510] [32m[restartedMain][0;39m [31mWARN [0;39m springfox.documentation.swagger.readers.operation.OperationImplicitParameterReader.modelSpecification :Unable to interpret the implicit parameter configuration with dataType: String, dataTypeClass: class java.lang.Void
[2023-02-07 21:51:33:4525] [32m[restartedMain][0;39m [31mWARN [0;39m springfox.documentation.swagger.readers.operation.OperationImplicitParameterReader.modelSpecification :Unable to interpret the implicit parameter configuration with dataType: String, dataTypeClass: class java.lang.Void
[2023-02-07 21:51:33:4626] [32m[restartedMain][0;39m [31mWARN [0;39m springfox.documentation.swagger.readers.operation.OperationImplicitParameterReader.modelSpecification :Unable to interpret the implicit parameter configuration with dataType: String, dataTypeClass: class java.lang.Void
[2023-02-07 21:51:33:4630] [32m[restartedMain][0;39m [31mWARN [0;39m springfox.documentation.swagger.readers.operation.OperationImplicitParameterReader.modelSpecification :Unable to interpret the implicit parameter configuration with dataType: String, dataTypeClass: class java.lang.Void
[2023-02-07 21:51:33:4642] [32m[restartedMain][0;39m [31mWARN [0;39m springfox.documentation.swagger.readers.operation.OperationImplicitParameterReader.modelSpecification :Unable to interpret the implicit parameter configuration with dataType: String, dataTypeClass: class java.lang.Void
[2023-02-07 21:51:33:4645] [32m[restartedMain][0;39m [31mWARN [0;39m springfox.documentation.swagger.readers.operation.OperationImplicitParameterReader.modelSpecification :Unable to interpret the implicit parameter configuration with dataType: String, dataTypeClass: class java.lang.Void
[2023-02-07 21:51:33:4648] [32m[restartedMain][0;39m [31mWARN [0;39m springfox.documentation.swagger.readers.operation.OperationImplicitParameterReader.modelSpecification :Unable to interpret the implicit parameter configuration with dataType: String, dataTypeClass: class java.lang.Void
[2023-02-07 21:51:33:4670] [32m[restartedMain][0;39m [31mWARN [0;39m springfox.documentation.swagger.readers.operation.OperationImplicitParameterReader.modelSpecification :Unable to interpret the implicit parameter configuration with dataType: String, dataTypeClass: class java.lang.Void
[2023-02-07 21:51:33:4677] [32m[restartedMain][0;39m [31mWARN [0;39m springfox.documentation.swagger.readers.operation.OperationImplicitParameterReader.modelSpecification :Unable to interpret the implicit parameter configuration with dataType: String, dataTypeClass: class java.lang.Void
[2023-02-07 21:51:33:4680] [32m[restartedMain][0;39m [31mWARN [0;39m springfox.documentation.swagger.readers.operation.OperationImplicitParameterReader.modelSpecification :Unable to interpret the implicit parameter configuration with dataType: String, dataTypeClass: class java.lang.Void
[2023-02-07 21:51:33:4729] [32m[restartedMain][0;39m [31mWARN [0;39m springfox.documentation.swagger.readers.operation.OperationImplicitParameterReader.modelSpecification :Unable to interpret the implicit parameter configuration with dataType: String, dataTypeClass: class java.lang.Void
[2023-02-07 21:51:33:4735] [32m[restartedMain][0;39m [31mWARN [0;39m springfox.documentation.swagger.readers.operation.OperationImplicitParameterReader.modelSpecification :Unable to interpret the implicit parameter configuration with dataType: String, dataTypeClass: class java.lang.Void
[2023-02-07 21:51:33:4737] [32m[restartedMain][0;39m [31mWARN [0;39m springfox.documentation.swagger.readers.operation.OperationImplicitParameterReader.modelSpecification :Unable to interpret the implicit parameter configuration with dataType: String, dataTypeClass: class java.lang.Void
[2023-02-07 21:51:33:4740] [32m[restartedMain][0;39m [31mWARN [0;39m springfox.documentation.swagger.readers.operation.OperationImplicitParameterReader.modelSpecification :Unable to interpret the implicit parameter configuration with dataType: String, dataTypeClass: class java.lang.Void
[2023-02-07 21:51:33:4743] [32m[restartedMain][0;39m [31mWARN [0;39m springfox.documentation.swagger.readers.operation.OperationImplicitParameterReader.modelSpecification :Unable to interpret the implicit parameter configuration with dataType: String, dataTypeClass: class java.lang.Void
[2023-02-07 21:51:33:4750] [32m[restartedMain][0;39m [31mWARN [0;39m springfox.documentation.swagger.readers.operation.OperationImplicitParameterReader.modelSpecification :Unable to interpret the implicit parameter configuration with dataType: String, dataTypeClass: class java.lang.Void
[2023-02-07 21:51:49:20641] [32m[restartedMain][0;39m [31mWARN [0;39m org.springframework.boot.autoconfigure.security.servlet.UserDetailsServiceAutoConfiguration.getOrDeducePassword :

Using generated security password: 55184e00-b94e-43ca-a817-2ff68768bf0d

This generated password is for development use only. Your security configuration must be updated before running your application in production.

[2023-02-07 21:51:49:20951] [32m[restartedMain][0;39m [31mWARN [0;39m org.springframework.security.config.annotation.web.builders.WebSecurity.performBuild :You are asking Spring Security to ignore Ant [pattern='/v2/api-docs']. This is not recommended -- please use permitAll via HttpSecurity#authorizeHttpRequests instead.
[2023-02-07 21:51:49:20951] [32m[restartedMain][0;39m [31mWARN [0;39m org.springframework.security.config.annotation.web.builders.WebSecurity.performBuild :You are asking Spring Security to ignore Ant [pattern='/swagger-resources/**']. This is not recommended -- please use permitAll via HttpSecurity#authorizeHttpRequests instead.
[2023-02-07 21:51:49:20952] [32m[restartedMain][0;39m [31mWARN [0;39m org.springframework.security.config.annotation.web.builders.WebSecurity.performBuild :You are asking Spring Security to ignore Ant [pattern='/swagger-ui.html']. This is not recommended -- please use permitAll via HttpSecurity#authorizeHttpRequests instead.
[2023-02-07 21:51:49:20952] [32m[restartedMain][0;39m [31mWARN [0;39m org.springframework.security.config.annotation.web.builders.WebSecurity.performBuild :You are asking Spring Security to ignore Ant [pattern='/webjars/**']. This is not recommended -- please use permitAll via HttpSecurity#authorizeHttpRequests instead.
[2023-02-07 21:51:49:20953] [32m[restartedMain][0;39m [31mWARN [0;39m org.springframework.security.config.annotation.web.builders.WebSecurity.performBuild :You are asking Spring Security to ignore Ant [pattern='/swagger/**']. This is not recommended -- please use permitAll via HttpSecurity#authorizeHttpRequests instead.
[2023-02-07 21:51:49:20953] [32m[restartedMain][0;39m [31mWARN [0;39m org.springframework.security.config.annotation.web.builders.WebSecurity.performBuild :You are asking Spring Security to ignore Ant [pattern='/sign-api/exception']. This is not recommended -- please use permitAll via HttpSecurity#authorizeHttpRequests instead.
[2023-02-07 21:51:49:20953] [32m[restartedMain][0;39m [31mWARN [0;39m org.springframework.security.config.annotation.web.builders.WebSecurity.performBuild :You are asking Spring Security to ignore Ant [pattern='/v3/api-docs/**']. This is not recommended -- please use permitAll via HttpSecurity#authorizeHttpRequests instead.
[2023-02-07 21:51:49:20954] [32m[restartedMain][0;39m [31mWARN [0;39m org.springframework.security.config.annotation.web.builders.WebSecurity.performBuild :You are asking Spring Security to ignore Ant [pattern='/swagger-ui/**']. This is not recommended -- please use permitAll via HttpSecurity#authorizeHttpRequests instead.
[2023-02-07 21:51:50:21031] [32m[restartedMain][0;39m [31mWARN [0;39m springfox.documentation.swagger.readers.operation.OperationImplicitParameterReader.modelSpecification :Unable to interpret the implicit parameter configuration with dataType: String, dataTypeClass: class java.lang.Void
[2023-02-07 21:51:50:21043] [32m[restartedMain][0;39m [31mWARN [0;39m springfox.documentation.swagger.readers.operation.OperationImplicitParameterReader.modelSpecification :Unable to interpret the implicit parameter configuration with dataType: String, dataTypeClass: class java.lang.Void
[2023-02-07 21:51:50:21045] [32m[restartedMain][0;39m [31mWARN [0;39m springfox.documentation.swagger.readers.operation.OperationImplicitParameterReader.modelSpecification :Unable to interpret the implicit parameter configuration with dataType: String, dataTypeClass: class java.lang.Void
[2023-02-07 21:51:50:21050] [32m[restartedMain][0;39m [31mWARN [0;39m springfox.documentation.swagger.readers.operation.OperationImplicitParameterReader.modelSpecification :Unable to interpret the implicit parameter configuration with dataType: String, dataTypeClass: class java.lang.Void
[2023-02-07 21:51:50:21052] [32m[restartedMain][0;39m [31mWARN [0;39m springfox.documentation.swagger.readers.operation.OperationImplicitParameterReader.modelSpecification :Unable to interpret the implicit parameter configuration with dataType: String, dataTypeClass: class java.lang.Void
[2023-02-07 21:51:50:21053] [32m[restartedMain][0;39m [31mWARN [0;39m springfox.documentation.swagger.readers.operation.OperationImplicitParameterReader.modelSpecification :Unable to interpret the implicit parameter configuration with dataType: String, dataTypeClass: class java.lang.Void
[2023-02-07 21:51:50:21056] [32m[restartedMain][0;39m [31mWARN [0;39m springfox.documentation.swagger.readers.operation.OperationImplicitParameterReader.modelSpecification :Unable to interpret the implicit parameter configuration with dataType: String, dataTypeClass: class java.lang.Void
[2023-02-07 21:51:50:21062] [32m[restartedMain][0;39m [31mWARN [0;39m springfox.documentation.swagger.readers.operation.OperationImplicitParameterReader.modelSpecification :Unable to interpret the implicit parameter configuration with dataType: String, dataTypeClass: class java.lang.Void
[2023-02-07 21:51:50:21069] [32m[restartedMain][0;39m [31mWARN [0;39m springfox.documentation.swagger.readers.operation.OperationImplicitParameterReader.modelSpecification :Unable to interpret the implicit parameter configuration with dataType: String, dataTypeClass: class java.lang.Void
[2023-02-07 21:51:50:21099] [32m[restartedMain][0;39m [31mWARN [0;39m springfox.documentation.swagger.readers.operation.OperationImplicitParameterReader.modelSpecification :Unable to interpret the implicit parameter configuration with dataType: String, dataTypeClass: class java.lang.Void
[2023-02-07 21:51:50:21101] [32m[restartedMain][0;39m [31mWARN [0;39m springfox.documentation.swagger.readers.operation.OperationImplicitParameterReader.modelSpecification :Unable to interpret the implicit parameter configuration with dataType: String, dataTypeClass: class java.lang.Void
[2023-02-07 21:51:50:21106] [32m[restartedMain][0;39m [31mWARN [0;39m springfox.documentation.swagger.readers.operation.OperationImplicitParameterReader.modelSpecification :Unable to interpret the implicit parameter configuration with dataType: String, dataTypeClass: class java.lang.Void
[2023-02-07 21:51:50:21108] [32m[restartedMain][0;39m [31mWARN [0;39m springfox.documentation.swagger.readers.operation.OperationImplicitParameterReader.modelSpecification :Unable to interpret the implicit parameter configuration with dataType: String, dataTypeClass: class java.lang.Void
[2023-02-07 21:51:50:21110] [32m[restartedMain][0;39m [31mWARN [0;39m springfox.documentation.swagger.readers.operation.OperationImplicitParameterReader.modelSpecification :Unable to interpret the implicit parameter configuration with dataType: String, dataTypeClass: class java.lang.Void
[2023-02-07 21:51:50:21123] [32m[restartedMain][0;39m [31mWARN [0;39m springfox.documentation.swagger.readers.operation.OperationImplicitParameterReader.modelSpecification :Unable to interpret the implicit parameter configuration with dataType: String, dataTypeClass: class java.lang.Void
[2023-02-07 21:51:50:21130] [32m[restartedMain][0;39m [31mWARN [0;39m springfox.documentation.swagger.readers.operation.OperationImplicitParameterReader.modelSpecification :Unable to interpret the implicit parameter configuration with dataType: String, dataTypeClass: class java.lang.Void
[2023-02-07 21:51:50:21133] [32m[restartedMain][0;39m [31mWARN [0;39m springfox.documentation.swagger.readers.operation.OperationImplicitParameterReader.modelSpecification :Unable to interpret the implicit parameter configuration with dataType: String, dataTypeClass: class java.lang.Void
[2023-02-07 21:51:50:21186] [32m[restartedMain][0;39m [31mWARN [0;39m springfox.documentation.swagger.readers.operation.OperationImplicitParameterReader.modelSpecification :Unable to interpret the implicit parameter configuration with dataType: String, dataTypeClass: class java.lang.Void
[2023-02-07 21:51:50:21190] [32m[restartedMain][0;39m [31mWARN [0;39m springfox.documentation.swagger.readers.operation.OperationImplicitParameterReader.modelSpecification :Unable to interpret the implicit parameter configuration with dataType: String, dataTypeClass: class java.lang.Void
[2023-02-07 21:51:50:21193] [32m[restartedMain][0;39m [31mWARN [0;39m springfox.documentation.swagger.readers.operation.OperationImplicitParameterReader.modelSpecification :Unable to interpret the implicit parameter configuration with dataType: String, dataTypeClass: class java.lang.Void
[2023-02-07 21:51:50:21195] [32m[restartedMain][0;39m [31mWARN [0;39m springfox.documentation.swagger.readers.operation.OperationImplicitParameterReader.modelSpecification :Unable to interpret the implicit parameter configuration with dataType: String, dataTypeClass: class java.lang.Void
[2023-02-07 21:51:50:21197] [32m[restartedMain][0;39m [31mWARN [0;39m springfox.documentation.swagger.readers.operation.OperationImplicitParameterReader.modelSpecification :Unable to interpret the implicit parameter configuration with dataType: String, dataTypeClass: class java.lang.Void
[2023-02-07 21:51:50:21201] [32m[restartedMain][0;39m [31mWARN [0;39m springfox.documentation.swagger.readers.operation.OperationImplicitParameterReader.modelSpecification :Unable to interpret the implicit parameter configuration with dataType: String, dataTypeClass: class java.lang.Void
[2023-02-07 21:52:47:78769] [32m[restartedMain][0;39m [31mWARN [0;39m org.springframework.boot.autoconfigure.security.servlet.UserDetailsServiceAutoConfiguration.getOrDeducePassword :

Using generated security password: 58ceae3c-7134-44c9-85d9-deb2f65f49dc

This generated password is for development use only. Your security configuration must be updated before running your application in production.

[2023-02-07 21:52:48:79086] [32m[restartedMain][0;39m [31mWARN [0;39m org.springframework.security.config.annotation.web.builders.WebSecurity.performBuild :You are asking Spring Security to ignore Ant [pattern='/v2/api-docs']. This is not recommended -- please use permitAll via HttpSecurity#authorizeHttpRequests instead.
[2023-02-07 21:52:48:79086] [32m[restartedMain][0;39m [31mWARN [0;39m org.springframework.security.config.annotation.web.builders.WebSecurity.performBuild :You are asking Spring Security to ignore Ant [pattern='/swagger-resources/**']. This is not recommended -- please use permitAll via HttpSecurity#authorizeHttpRequests instead.
[2023-02-07 21:52:48:79086] [32m[restartedMain][0;39m [31mWARN [0;39m org.springframework.security.config.annotation.web.builders.WebSecurity.performBuild :You are asking Spring Security to ignore Ant [pattern='/swagger-ui.html']. This is not recommended -- please use permitAll via HttpSecurity#authorizeHttpRequests instead.
[2023-02-07 21:52:48:79087] [32m[restartedMain][0;39m [31mWARN [0;39m org.springframework.security.config.annotation.web.builders.WebSecurity.performBuild :You are asking Spring Security to ignore Ant [pattern='/webjars/**']. This is not recommended -- please use permitAll via HttpSecurity#authorizeHttpRequests instead.
[2023-02-07 21:52:48:79087] [32m[restartedMain][0;39m [31mWARN [0;39m org.springframework.security.config.annotation.web.builders.WebSecurity.performBuild :You are asking Spring Security to ignore Ant [pattern='/swagger/**']. This is not recommended -- please use permitAll via HttpSecurity#authorizeHttpRequests instead.
[2023-02-07 21:52:48:79087] [32m[restartedMain][0;39m [31mWARN [0;39m org.springframework.security.config.annotation.web.builders.WebSecurity.performBuild :You are asking Spring Security to ignore Ant [pattern='/sign-api/exception']. This is not recommended -- please use permitAll via HttpSecurity#authorizeHttpRequests instead.
[2023-02-07 21:52:48:79088] [32m[restartedMain][0;39m [31mWARN [0;39m org.springframework.security.config.annotation.web.builders.WebSecurity.performBuild :You are asking Spring Security to ignore Ant [pattern='/v3/api-docs/**']. This is not recommended -- please use permitAll via HttpSecurity#authorizeHttpRequests instead.
[2023-02-07 21:52:48:79088] [32m[restartedMain][0;39m [31mWARN [0;39m org.springframework.security.config.annotation.web.builders.WebSecurity.performBuild :You are asking Spring Security to ignore Ant [pattern='/swagger-ui/**']. This is not recommended -- please use permitAll via HttpSecurity#authorizeHttpRequests instead.
[2023-02-07 21:52:48:79146] [32m[restartedMain][0;39m [31mWARN [0;39m springfox.documentation.swagger.readers.operation.OperationImplicitParameterReader.modelSpecification :Unable to interpret the implicit parameter configuration with dataType: String, dataTypeClass: class java.lang.Void
[2023-02-07 21:52:48:79158] [32m[restartedMain][0;39m [31mWARN [0;39m springfox.documentation.swagger.readers.operation.OperationImplicitParameterReader.modelSpecification :Unable to interpret the implicit parameter configuration with dataType: String, dataTypeClass: class java.lang.Void
[2023-02-07 21:52:48:79159] [32m[restartedMain][0;39m [31mWARN [0;39m springfox.documentation.swagger.readers.operation.OperationImplicitParameterReader.modelSpecification :Unable to interpret the implicit parameter configuration with dataType: String, dataTypeClass: class java.lang.Void
[2023-02-07 21:52:48:79163] [32m[restartedMain][0;39m [31mWARN [0;39m springfox.documentation.swagger.readers.operation.OperationImplicitParameterReader.modelSpecification :Unable to interpret the implicit parameter configuration with dataType: String, dataTypeClass: class java.lang.Void
[2023-02-07 21:52:48:79165] [32m[restartedMain][0;39m [31mWARN [0;39m springfox.documentation.swagger.readers.operation.OperationImplicitParameterReader.modelSpecification :Unable to interpret the implicit parameter configuration with dataType: String, dataTypeClass: class java.lang.Void
[2023-02-07 21:52:48:79167] [32m[restartedMain][0;39m [31mWARN [0;39m springfox.documentation.swagger.readers.operation.OperationImplicitParameterReader.modelSpecification :Unable to interpret the implicit parameter configuration with dataType: String, dataTypeClass: class java.lang.Void
[2023-02-07 21:52:48:79171] [32m[restartedMain][0;39m [31mWARN [0;39m springfox.documentation.swagger.readers.operation.OperationImplicitParameterReader.modelSpecification :Unable to interpret the implicit parameter configuration with dataType: String, dataTypeClass: class java.lang.Void
[2023-02-07 21:52:48:79175] [32m[restartedMain][0;39m [31mWARN [0;39m springfox.documentation.swagger.readers.operation.OperationImplicitParameterReader.modelSpecification :Unable to interpret the implicit parameter configuration with dataType: String, dataTypeClass: class java.lang.Void
[2023-02-07 21:52:48:79181] [32m[restartedMain][0;39m [31mWARN [0;39m springfox.documentation.swagger.readers.operation.OperationImplicitParameterReader.modelSpecification :Unable to interpret the implicit parameter configuration with dataType: String, dataTypeClass: class java.lang.Void
[2023-02-07 21:52:48:79215] [32m[restartedMain][0;39m [31mWARN [0;39m springfox.documentation.swagger.readers.operation.OperationImplicitParameterReader.modelSpecification :Unable to interpret the implicit parameter configuration with dataType: String, dataTypeClass: class java.lang.Void
[2023-02-07 21:52:48:79217] [32m[restartedMain][0;39m [31mWARN [0;39m springfox.documentation.swagger.readers.operation.OperationImplicitParameterReader.modelSpecification :Unable to interpret the implicit parameter configuration with dataType: String, dataTypeClass: class java.lang.Void
[2023-02-07 21:52:48:79220] [32m[restartedMain][0;39m [31mWARN [0;39m springfox.documentation.swagger.readers.operation.OperationImplicitParameterReader.modelSpecification :Unable to interpret the implicit parameter configuration with dataType: String, dataTypeClass: class java.lang.Void
[2023-02-07 21:52:48:79222] [32m[restartedMain][0;39m [31mWARN [0;39m springfox.documentation.swagger.readers.operation.OperationImplicitParameterReader.modelSpecification :Unable to interpret the implicit parameter configuration with dataType: String, dataTypeClass: class java.lang.Void
[2023-02-07 21:52:48:79223] [32m[restartedMain][0;39m [31mWARN [0;39m springfox.documentation.swagger.readers.operation.OperationImplicitParameterReader.modelSpecification :Unable to interpret the implicit parameter configuration with dataType: String, dataTypeClass: class java.lang.Void
[2023-02-07 21:52:48:79237] [32m[restartedMain][0;39m [31mWARN [0;39m springfox.documentation.swagger.readers.operation.OperationImplicitParameterReader.modelSpecification :Unable to interpret the implicit parameter configuration with dataType: String, dataTypeClass: class java.lang.Void
[2023-02-07 21:52:48:79242] [32m[restartedMain][0;39m [31mWARN [0;39m springfox.documentation.swagger.readers.operation.OperationImplicitParameterReader.modelSpecification :Unable to interpret the implicit parameter configuration with dataType: String, dataTypeClass: class java.lang.Void
[2023-02-07 21:52:48:79245] [32m[restartedMain][0;39m [31mWARN [0;39m springfox.documentation.swagger.readers.operation.OperationImplicitParameterReader.modelSpecification :Unable to interpret the implicit parameter configuration with dataType: String, dataTypeClass: class java.lang.Void
[2023-02-07 21:52:48:79286] [32m[restartedMain][0;39m [31mWARN [0;39m springfox.documentation.swagger.readers.operation.OperationImplicitParameterReader.modelSpecification :Unable to interpret the implicit parameter configuration with dataType: String, dataTypeClass: class java.lang.Void
[2023-02-07 21:52:48:79290] [32m[restartedMain][0;39m [31mWARN [0;39m springfox.documentation.swagger.readers.operation.OperationImplicitParameterReader.modelSpecification :Unable to interpret the implicit parameter configuration with dataType: String, dataTypeClass: class java.lang.Void
[2023-02-07 21:52:48:79293] [32m[restartedMain][0;39m [31mWARN [0;39m springfox.documentation.swagger.readers.operation.OperationImplicitParameterReader.modelSpecification :Unable to interpret the implicit parameter configuration with dataType: String, dataTypeClass: class java.lang.Void
[2023-02-07 21:52:48:79295] [32m[restartedMain][0;39m [31mWARN [0;39m springfox.documentation.swagger.readers.operation.OperationImplicitParameterReader.modelSpecification :Unable to interpret the implicit parameter configuration with dataType: String, dataTypeClass: class java.lang.Void
[2023-02-07 21:52:48:79297] [32m[restartedMain][0;39m [31mWARN [0;39m springfox.documentation.swagger.readers.operation.OperationImplicitParameterReader.modelSpecification :Unable to interpret the implicit parameter configuration with dataType: String, dataTypeClass: class java.lang.Void
[2023-02-07 21:52:48:79302] [32m[restartedMain][0;39m [31mWARN [0;39m springfox.documentation.swagger.readers.operation.OperationImplicitParameterReader.modelSpecification :Unable to interpret the implicit parameter configuration with dataType: String, dataTypeClass: class java.lang.Void
[2023-02-07 21:52:52:83294] [32m[restartedMain][0;39m [31mWARN [0;39m org.springframework.boot.autoconfigure.security.servlet.UserDetailsServiceAutoConfiguration.getOrDeducePassword :

Using generated security password: 9ff63c05-8396-4256-8ac8-ceecd8f3353f

This generated password is for development use only. Your security configuration must be updated before running your application in production.

[2023-02-07 21:52:52:83704] [32m[restartedMain][0;39m [31mWARN [0;39m org.springframework.security.config.annotation.web.builders.WebSecurity.performBuild :You are asking Spring Security to ignore Ant [pattern='/v2/api-docs']. This is not recommended -- please use permitAll via HttpSecurity#authorizeHttpRequests instead.
[2023-02-07 21:52:52:83704] [32m[restartedMain][0;39m [31mWARN [0;39m org.springframework.security.config.annotation.web.builders.WebSecurity.performBuild :You are asking Spring Security to ignore Ant [pattern='/swagger-resources/**']. This is not recommended -- please use permitAll via HttpSecurity#authorizeHttpRequests instead.
[2023-02-07 21:52:52:83705] [32m[restartedMain][0;39m [31mWARN [0;39m org.springframework.security.config.annotation.web.builders.WebSecurity.performBuild :You are asking Spring Security to ignore Ant [pattern='/swagger-ui.html']. This is not recommended -- please use permitAll via HttpSecurity#authorizeHttpRequests instead.
[2023-02-07 21:52:52:83705] [32m[restartedMain][0;39m [31mWARN [0;39m org.springframework.security.config.annotation.web.builders.WebSecurity.performBuild :You are asking Spring Security to ignore Ant [pattern='/webjars/**']. This is not recommended -- please use permitAll via HttpSecurity#authorizeHttpRequests instead.
[2023-02-07 21:52:52:83706] [32m[restartedMain][0;39m [31mWARN [0;39m org.springframework.security.config.annotation.web.builders.WebSecurity.performBuild :You are asking Spring Security to ignore Ant [pattern='/swagger/**']. This is not recommended -- please use permitAll via HttpSecurity#authorizeHttpRequests instead.
[2023-02-07 21:52:52:83706] [32m[restartedMain][0;39m [31mWARN [0;39m org.springframework.security.config.annotation.web.builders.WebSecurity.performBuild :You are asking Spring Security to ignore Ant [pattern='/sign-api/exception']. This is not recommended -- please use permitAll via HttpSecurity#authorizeHttpRequests instead.
[2023-02-07 21:52:52:83707] [32m[restartedMain][0;39m [31mWARN [0;39m org.springframework.security.config.annotation.web.builders.WebSecurity.performBuild :You are asking Spring Security to ignore Ant [pattern='/v3/api-docs/**']. This is not recommended -- please use permitAll via HttpSecurity#authorizeHttpRequests instead.
[2023-02-07 21:52:52:83707] [32m[restartedMain][0;39m [31mWARN [0;39m org.springframework.security.config.annotation.web.builders.WebSecurity.performBuild :You are asking Spring Security to ignore Ant [pattern='/swagger-ui/**']. This is not recommended -- please use permitAll via HttpSecurity#authorizeHttpRequests instead.
[2023-02-07 21:52:52:83844] [32m[restartedMain][0;39m [31mWARN [0;39m springfox.documentation.swagger.readers.operation.OperationImplicitParameterReader.modelSpecification :Unable to interpret the implicit parameter configuration with dataType: String, dataTypeClass: class java.lang.Void
[2023-02-07 21:52:52:83867] [32m[restartedMain][0;39m [31mWARN [0;39m springfox.documentation.swagger.readers.operation.OperationImplicitParameterReader.modelSpecification :Unable to interpret the implicit parameter configuration with dataType: String, dataTypeClass: class java.lang.Void
[2023-02-07 21:52:52:83869] [32m[restartedMain][0;39m [31mWARN [0;39m springfox.documentation.swagger.readers.operation.OperationImplicitParameterReader.modelSpecification :Unable to interpret the implicit parameter configuration with dataType: String, dataTypeClass: class java.lang.Void
[2023-02-07 21:52:52:83892] [32m[restartedMain][0;39m [31mWARN [0;39m springfox.documentation.swagger.readers.operation.OperationImplicitParameterReader.modelSpecification :Unable to interpret the implicit parameter configuration with dataType: String, dataTypeClass: class java.lang.Void
[2023-02-07 21:52:52:83895] [32m[restartedMain][0;39m [31mWARN [0;39m springfox.documentation.swagger.readers.operation.OperationImplicitParameterReader.modelSpecification :Unable to interpret the implicit parameter configuration with dataType: String, dataTypeClass: class java.lang.Void
[2023-02-07 21:52:52:83900] [32m[restartedMain][0;39m [31mWARN [0;39m springfox.documentation.swagger.readers.operation.OperationImplicitParameterReader.modelSpecification :Unable to interpret the implicit parameter configuration with dataType: String, dataTypeClass: class java.lang.Void
[2023-02-07 21:52:52:83909] [32m[restartedMain][0;39m [31mWARN [0;39m springfox.documentation.swagger.readers.operation.OperationImplicitParameterReader.modelSpecification :Unable to interpret the implicit parameter configuration with dataType: String, dataTypeClass: class java.lang.Void
[2023-02-07 21:52:52:83922] [32m[restartedMain][0;39m [31mWARN [0;39m springfox.documentation.swagger.readers.operation.OperationImplicitParameterReader.modelSpecification :Unable to interpret the implicit parameter configuration with dataType: String, dataTypeClass: class java.lang.Void
[2023-02-07 21:52:52:83940] [32m[restartedMain][0;39m [31mWARN [0;39m springfox.documentation.swagger.readers.operation.OperationImplicitParameterReader.modelSpecification :Unable to interpret the implicit parameter configuration with dataType: String, dataTypeClass: class java.lang.Void
[2023-02-07 21:52:53:84005] [32m[restartedMain][0;39m [31mWARN [0;39m springfox.documentation.swagger.readers.operation.OperationImplicitParameterReader.modelSpecification :Unable to interpret the implicit parameter configuration with dataType: String, dataTypeClass: class java.lang.Void
[2023-02-07 21:52:53:84008] [32m[restartedMain][0;39m [31mWARN [0;39m springfox.documentation.swagger.readers.operation.OperationImplicitParameterReader.modelSpecification :Unable to interpret the implicit parameter configuration with dataType: String, dataTypeClass: class java.lang.Void
[2023-02-07 21:52:53:84015] [32m[restartedMain][0;39m [31mWARN [0;39m springfox.documentation.swagger.readers.operation.OperationImplicitParameterReader.modelSpecification :Unable to interpret the implicit parameter configuration with dataType: String, dataTypeClass: class java.lang.Void
[2023-02-07 21:52:53:84018] [32m[restartedMain][0;39m [31mWARN [0;39m springfox.documentation.swagger.readers.operation.OperationImplicitParameterReader.modelSpecification :Unable to interpret the implicit parameter configuration with dataType: String, dataTypeClass: class java.lang.Void
[2023-02-07 21:52:53:84021] [32m[restartedMain][0;39m [31mWARN [0;39m springfox.documentation.swagger.readers.operation.OperationImplicitParameterReader.modelSpecification :Unable to interpret the implicit parameter configuration with dataType: String, dataTypeClass: class java.lang.Void
[2023-02-07 21:52:53:84046] [32m[restartedMain][0;39m [31mWARN [0;39m springfox.documentation.swagger.readers.operation.OperationImplicitParameterReader.modelSpecification :Unable to interpret the implicit parameter configuration with dataType: String, dataTypeClass: class java.lang.Void
[2023-02-07 21:52:53:84056] [32m[restartedMain][0;39m [31mWARN [0;39m springfox.documentation.swagger.readers.operation.OperationImplicitParameterReader.modelSpecification :Unable to interpret the implicit parameter configuration with dataType: String, dataTypeClass: class java.lang.Void
[2023-02-07 21:52:53:84059] [32m[restartedMain][0;39m [31mWARN [0;39m springfox.documentation.swagger.readers.operation.OperationImplicitParameterReader.modelSpecification :Unable to interpret the implicit parameter configuration with dataType: String, dataTypeClass: class java.lang.Void
[2023-02-07 21:52:53:84118] [32m[restartedMain][0;39m [31mWARN [0;39m springfox.documentation.swagger.readers.operation.OperationImplicitParameterReader.modelSpecification :Unable to interpret the implicit parameter configuration with dataType: String, dataTypeClass: class java.lang.Void
[2023-02-07 21:52:53:84127] [32m[restartedMain][0;39m [31mWARN [0;39m springfox.documentation.swagger.readers.operation.OperationImplicitParameterReader.modelSpecification :Unable to interpret the implicit parameter configuration with dataType: String, dataTypeClass: class java.lang.Void
[2023-02-07 21:52:53:84131] [32m[restartedMain][0;39m [31mWARN [0;39m springfox.documentation.swagger.readers.operation.OperationImplicitParameterReader.modelSpecification :Unable to interpret the implicit parameter configuration with dataType: String, dataTypeClass: class java.lang.Void
[2023-02-07 21:52:53:84133] [32m[restartedMain][0;39m [31mWARN [0;39m springfox.documentation.swagger.readers.operation.OperationImplicitParameterReader.modelSpecification :Unable to interpret the implicit parameter configuration with dataType: String, dataTypeClass: class java.lang.Void
[2023-02-07 21:52:53:84137] [32m[restartedMain][0;39m [31mWARN [0;39m springfox.documentation.swagger.readers.operation.OperationImplicitParameterReader.modelSpecification :Unable to interpret the implicit parameter configuration with dataType: String, dataTypeClass: class java.lang.Void
[2023-02-07 21:52:53:84147] [32m[restartedMain][0;39m [31mWARN [0;39m springfox.documentation.swagger.readers.operation.OperationImplicitParameterReader.modelSpecification :Unable to interpret the implicit parameter configuration with dataType: String, dataTypeClass: class java.lang.Void
[2023-02-07 21:53:10:101196] [32m[restartedMain][0;39m [31mWARN [0;39m org.springframework.boot.autoconfigure.security.servlet.UserDetailsServiceAutoConfiguration.getOrDeducePassword :

Using generated security password: e681cc3f-6a28-49ea-ba6f-4e10669d7642

This generated password is for development use only. Your security configuration must be updated before running your application in production.

[2023-02-07 21:53:10:101475] [32m[restartedMain][0;39m [31mWARN [0;39m org.springframework.security.config.annotation.web.builders.WebSecurity.performBuild :You are asking Spring Security to ignore Ant [pattern='/v2/api-docs']. This is not recommended -- please use permitAll via HttpSecurity#authorizeHttpRequests instead.
[2023-02-07 21:53:10:101476] [32m[restartedMain][0;39m [31mWARN [0;39m org.springframework.security.config.annotation.web.builders.WebSecurity.performBuild :You are asking Spring Security to ignore Ant [pattern='/swagger-resources/**']. This is not recommended -- please use permitAll via HttpSecurity#authorizeHttpRequests instead.
[2023-02-07 21:53:10:101476] [32m[restartedMain][0;39m [31mWARN [0;39m org.springframework.security.config.annotation.web.builders.WebSecurity.performBuild :You are asking Spring Security to ignore Ant [pattern='/swagger-ui.html']. This is not recommended -- please use permitAll via HttpSecurity#authorizeHttpRequests instead.
[2023-02-07 21:53:10:101476] [32m[restartedMain][0;39m [31mWARN [0;39m org.springframework.security.config.annotation.web.builders.WebSecurity.performBuild :You are asking Spring Security to ignore Ant [pattern='/webjars/**']. This is not recommended -- please use permitAll via HttpSecurity#authorizeHttpRequests instead.
[2023-02-07 21:53:10:101477] [32m[restartedMain][0;39m [31mWARN [0;39m org.springframework.security.config.annotation.web.builders.WebSecurity.performBuild :You are asking Spring Security to ignore Ant [pattern='/swagger/**']. This is not recommended -- please use permitAll via HttpSecurity#authorizeHttpRequests instead.
[2023-02-07 21:53:10:101477] [32m[restartedMain][0;39m [31mWARN [0;39m org.springframework.security.config.annotation.web.builders.WebSecurity.performBuild :You are asking Spring Security to ignore Ant [pattern='/sign-api/exception']. This is not recommended -- please use permitAll via HttpSecurity#authorizeHttpRequests instead.
[2023-02-07 21:53:10:101477] [32m[restartedMain][0;39m [31mWARN [0;39m org.springframework.security.config.annotation.web.builders.WebSecurity.performBuild :You are asking Spring Security to ignore Ant [pattern='/v3/api-docs/**']. This is not recommended -- please use permitAll via HttpSecurity#authorizeHttpRequests instead.
[2023-02-07 21:53:10:101477] [32m[restartedMain][0;39m [31mWARN [0;39m org.springframework.security.config.annotation.web.builders.WebSecurity.performBuild :You are asking Spring Security to ignore Ant [pattern='/swagger-ui/**']. This is not recommended -- please use permitAll via HttpSecurity#authorizeHttpRequests instead.
[2023-02-07 21:53:10:101536] [32m[restartedMain][0;39m [31mWARN [0;39m springfox.documentation.swagger.readers.operation.OperationImplicitParameterReader.modelSpecification :Unable to interpret the implicit parameter configuration with dataType: String, dataTypeClass: class java.lang.Void
[2023-02-07 21:53:10:101546] [32m[restartedMain][0;39m [31mWARN [0;39m springfox.documentation.swagger.readers.operation.OperationImplicitParameterReader.modelSpecification :Unable to interpret the implicit parameter configuration with dataType: String, dataTypeClass: class java.lang.Void
[2023-02-07 21:53:10:101547] [32m[restartedMain][0;39m [31mWARN [0;39m springfox.documentation.swagger.readers.operation.OperationImplicitParameterReader.modelSpecification :Unable to interpret the implicit parameter configuration with dataType: String, dataTypeClass: class java.lang.Void
[2023-02-07 21:53:10:101551] [32m[restartedMain][0;39m [31mWARN [0;39m springfox.documentation.swagger.readers.operation.OperationImplicitParameterReader.modelSpecification :Unable to interpret the implicit parameter configuration with dataType: String, dataTypeClass: class java.lang.Void
[2023-02-07 21:53:10:101552] [32m[restartedMain][0;39m [31mWARN [0;39m springfox.documentation.swagger.readers.operation.OperationImplicitParameterReader.modelSpecification :Unable to interpret the implicit parameter configuration with dataType: String, dataTypeClass: class java.lang.Void
[2023-02-07 21:53:10:101554] [32m[restartedMain][0;39m [31mWARN [0;39m springfox.documentation.swagger.readers.operation.OperationImplicitParameterReader.modelSpecification :Unable to interpret the implicit parameter configuration with dataType: String, dataTypeClass: class java.lang.Void
[2023-02-07 21:53:10:101556] [32m[restartedMain][0;39m [31mWARN [0;39m springfox.documentation.swagger.readers.operation.OperationImplicitParameterReader.modelSpecification :Unable to interpret the implicit parameter configuration with dataType: String, dataTypeClass: class java.lang.Void
[2023-02-07 21:53:10:101565] [32m[restartedMain][0;39m [31mWARN [0;39m springfox.documentation.swagger.readers.operation.OperationImplicitParameterReader.modelSpecification :Unable to interpret the implicit parameter configuration with dataType: String, dataTypeClass: class java.lang.Void
[2023-02-07 21:53:10:101571] [32m[restartedMain][0;39m [31mWARN [0;39m springfox.documentation.swagger.readers.operation.OperationImplicitParameterReader.modelSpecification :Unable to interpret the implicit parameter configuration with dataType: String, dataTypeClass: class java.lang.Void
[2023-02-07 21:53:10:101599] [32m[restartedMain][0;39m [31mWARN [0;39m springfox.documentation.swagger.readers.operation.OperationImplicitParameterReader.modelSpecification :Unable to interpret the implicit parameter configuration with dataType: String, dataTypeClass: class java.lang.Void
[2023-02-07 21:53:10:101600] [32m[restartedMain][0;39m [31mWARN [0;39m springfox.documentation.swagger.readers.operation.OperationImplicitParameterReader.modelSpecification :Unable to interpret the implicit parameter configuration with dataType: String, dataTypeClass: class java.lang.Void
[2023-02-07 21:53:10:101604] [32m[restartedMain][0;39m [31mWARN [0;39m springfox.documentation.swagger.readers.operation.OperationImplicitParameterReader.modelSpecification :Unable to interpret the implicit parameter configuration with dataType: String, dataTypeClass: class java.lang.Void
[2023-02-07 21:53:10:101606] [32m[restartedMain][0;39m [31mWARN [0;39m springfox.documentation.swagger.readers.operation.OperationImplicitParameterReader.modelSpecification :Unable to interpret the implicit parameter configuration with dataType: String, dataTypeClass: class java.lang.Void
[2023-02-07 21:53:10:101608] [32m[restartedMain][0;39m [31mWARN [0;39m springfox.documentation.swagger.readers.operation.OperationImplicitParameterReader.modelSpecification :Unable to interpret the implicit parameter configuration with dataType: String, dataTypeClass: class java.lang.Void
[2023-02-07 21:53:10:101623] [32m[restartedMain][0;39m [31mWARN [0;39m springfox.documentation.swagger.readers.operation.OperationImplicitParameterReader.modelSpecification :Unable to interpret the implicit parameter configuration with dataType: String, dataTypeClass: class java.lang.Void
[2023-02-07 21:53:10:101628] [32m[restartedMain][0;39m [31mWARN [0;39m springfox.documentation.swagger.readers.operation.OperationImplicitParameterReader.modelSpecification :Unable to interpret the implicit parameter configuration with dataType: String, dataTypeClass: class java.lang.Void
[2023-02-07 21:53:10:101629] [32m[restartedMain][0;39m [31mWARN [0;39m springfox.documentation.swagger.readers.operation.OperationImplicitParameterReader.modelSpecification :Unable to interpret the implicit parameter configuration with dataType: String, dataTypeClass: class java.lang.Void
[2023-02-07 21:53:10:101664] [32m[restartedMain][0;39m [31mWARN [0;39m springfox.documentation.swagger.readers.operation.OperationImplicitParameterReader.modelSpecification :Unable to interpret the implicit parameter configuration with dataType: String, dataTypeClass: class java.lang.Void
[2023-02-07 21:53:10:101667] [32m[restartedMain][0;39m [31mWARN [0;39m springfox.documentation.swagger.readers.operation.OperationImplicitParameterReader.modelSpecification :Unable to interpret the implicit parameter configuration with dataType: String, dataTypeClass: class java.lang.Void
[2023-02-07 21:53:10:101669] [32m[restartedMain][0;39m [31mWARN [0;39m springfox.documentation.swagger.readers.operation.OperationImplicitParameterReader.modelSpecification :Unable to interpret the implicit parameter configuration with dataType: String, dataTypeClass: class java.lang.Void
[2023-02-07 21:53:10:101670] [32m[restartedMain][0;39m [31mWARN [0;39m springfox.documentation.swagger.readers.operation.OperationImplicitParameterReader.modelSpecification :Unable to interpret the implicit parameter configuration with dataType: String, dataTypeClass: class java.lang.Void
[2023-02-07 21:53:10:101673] [32m[restartedMain][0;39m [31mWARN [0;39m springfox.documentation.swagger.readers.operation.OperationImplicitParameterReader.modelSpecification :Unable to interpret the implicit parameter configuration with dataType: String, dataTypeClass: class java.lang.Void
[2023-02-07 21:53:10:101677] [32m[restartedMain][0;39m [31mWARN [0;39m springfox.documentation.swagger.readers.operation.OperationImplicitParameterReader.modelSpecification :Unable to interpret the implicit parameter configuration with dataType: String, dataTypeClass: class java.lang.Void
[2023-02-07 21:55:20:231915] [32m[restartedMain][0;39m [31mWARN [0;39m org.springframework.boot.autoconfigure.security.servlet.UserDetailsServiceAutoConfiguration.getOrDeducePassword :

Using generated security password: 5410eefc-e1dd-4e06-8674-ff891b577a5b

This generated password is for development use only. Your security configuration must be updated before running your application in production.

[2023-02-07 21:55:21:232216] [32m[restartedMain][0;39m [31mWARN [0;39m org.springframework.security.config.annotation.web.builders.WebSecurity.performBuild :You are asking Spring Security to ignore Ant [pattern='/v2/api-docs']. This is not recommended -- please use permitAll via HttpSecurity#authorizeHttpRequests instead.
[2023-02-07 21:55:21:232216] [32m[restartedMain][0;39m [31mWARN [0;39m org.springframework.security.config.annotation.web.builders.WebSecurity.performBuild :You are asking Spring Security to ignore Ant [pattern='/swagger-resources/**']. This is not recommended -- please use permitAll via HttpSecurity#authorizeHttpRequests instead.
[2023-02-07 21:55:21:232217] [32m[restartedMain][0;39m [31mWARN [0;39m org.springframework.security.config.annotation.web.builders.WebSecurity.performBuild :You are asking Spring Security to ignore Ant [pattern='/swagger-ui.html']. This is not recommended -- please use permitAll via HttpSecurity#authorizeHttpRequests instead.
[2023-02-07 21:55:21:232217] [32m[restartedMain][0;39m [31mWARN [0;39m org.springframework.security.config.annotation.web.builders.WebSecurity.performBuild :You are asking Spring Security to ignore Ant [pattern='/webjars/**']. This is not recommended -- please use permitAll via HttpSecurity#authorizeHttpRequests instead.
[2023-02-07 21:55:21:232217] [32m[restartedMain][0;39m [31mWARN [0;39m org.springframework.security.config.annotation.web.builders.WebSecurity.performBuild :You are asking Spring Security to ignore Ant [pattern='/swagger/**']. This is not recommended -- please use permitAll via HttpSecurity#authorizeHttpRequests instead.
[2023-02-07 21:55:21:232217] [32m[restartedMain][0;39m [31mWARN [0;39m org.springframework.security.config.annotation.web.builders.WebSecurity.performBuild :You are asking Spring Security to ignore Ant [pattern='/sign-api/exception']. This is not recommended -- please use permitAll via HttpSecurity#authorizeHttpRequests instead.
[2023-02-07 21:55:21:232218] [32m[restartedMain][0;39m [31mWARN [0;39m org.springframework.security.config.annotation.web.builders.WebSecurity.performBuild :You are asking Spring Security to ignore Ant [pattern='/v3/api-docs/**']. This is not recommended -- please use permitAll via HttpSecurity#authorizeHttpRequests instead.
[2023-02-07 21:55:21:232218] [32m[restartedMain][0;39m [31mWARN [0;39m org.springframework.security.config.annotation.web.builders.WebSecurity.performBuild :You are asking Spring Security to ignore Ant [pattern='/swagger-ui/**']. This is not recommended -- please use permitAll via HttpSecurity#authorizeHttpRequests instead.
[2023-02-07 21:55:21:232307] [32m[restartedMain][0;39m [31mWARN [0;39m springfox.documentation.swagger.readers.operation.OperationImplicitParameterReader.modelSpecification :Unable to interpret the implicit parameter configuration with dataType: String, dataTypeClass: class java.lang.Void
[2023-02-07 21:55:21:232321] [32m[restartedMain][0;39m [31mWARN [0;39m springfox.documentation.swagger.readers.operation.OperationImplicitParameterReader.modelSpecification :Unable to interpret the implicit parameter configuration with dataType: String, dataTypeClass: class java.lang.Void
[2023-02-07 21:55:21:232323] [32m[restartedMain][0;39m [31mWARN [0;39m springfox.documentation.swagger.readers.operation.OperationImplicitParameterReader.modelSpecification :Unable to interpret the implicit parameter configuration with dataType: String, dataTypeClass: class java.lang.Void
[2023-02-07 21:55:21:232328] [32m[restartedMain][0;39m [31mWARN [0;39m springfox.documentation.swagger.readers.operation.OperationImplicitParameterReader.modelSpecification :Unable to interpret the implicit parameter configuration with dataType: String, dataTypeClass: class java.lang.Void
[2023-02-07 21:55:21:232330] [32m[restartedMain][0;39m [31mWARN [0;39m springfox.documentation.swagger.readers.operation.OperationImplicitParameterReader.modelSpecification :Unable to interpret the implicit parameter configuration with dataType: String, dataTypeClass: class java.lang.Void
[2023-02-07 21:55:21:232332] [32m[restartedMain][0;39m [31mWARN [0;39m springfox.documentation.swagger.readers.operation.OperationImplicitParameterReader.modelSpecification :Unable to interpret the implicit parameter configuration with dataType: String, dataTypeClass: class java.lang.Void
[2023-02-07 21:55:21:232335] [32m[restartedMain][0;39m [31mWARN [0;39m springfox.documentation.swagger.readers.operation.OperationImplicitParameterReader.modelSpecification :Unable to interpret the implicit parameter configuration with dataType: String, dataTypeClass: class java.lang.Void
[2023-02-07 21:55:21:232342] [32m[restartedMain][0;39m [31mWARN [0;39m springfox.documentation.swagger.readers.operation.OperationImplicitParameterReader.modelSpecification :Unable to interpret the implicit parameter configuration with dataType: String, dataTypeClass: class java.lang.Void
[2023-02-07 21:55:21:232352] [32m[restartedMain][0;39m [31mWARN [0;39m springfox.documentation.swagger.readers.operation.OperationImplicitParameterReader.modelSpecification :Unable to interpret the implicit parameter configuration with dataType: String, dataTypeClass: class java.lang.Void
[2023-02-07 21:55:21:232389] [32m[restartedMain][0;39m [31mWARN [0;39m springfox.documentation.swagger.readers.operation.OperationImplicitParameterReader.modelSpecification :Unable to interpret the implicit parameter configuration with dataType: String, dataTypeClass: class java.lang.Void
[2023-02-07 21:55:21:232390] [32m[restartedMain][0;39m [31mWARN [0;39m springfox.documentation.swagger.readers.operation.OperationImplicitParameterReader.modelSpecification :Unable to interpret the implicit parameter configuration with dataType: String, dataTypeClass: class java.lang.Void
[2023-02-07 21:55:21:232394] [32m[restartedMain][0;39m [31mWARN [0;39m springfox.documentation.swagger.readers.operation.OperationImplicitParameterReader.modelSpecification :Unable to interpret the implicit parameter configuration with dataType: String, dataTypeClass: class java.lang.Void
[2023-02-07 21:55:21:232397] [32m[restartedMain][0;39m [31mWARN [0;39m springfox.documentation.swagger.readers.operation.OperationImplicitParameterReader.modelSpecification :Unable to interpret the implicit parameter configuration with dataType: String, dataTypeClass: class java.lang.Void
[2023-02-07 21:55:21:232400] [32m[restartedMain][0;39m [31mWARN [0;39m springfox.documentation.swagger.readers.operation.OperationImplicitParameterReader.modelSpecification :Unable to interpret the implicit parameter configuration with dataType: String, dataTypeClass: class java.lang.Void
[2023-02-07 21:55:21:232410] [32m[restartedMain][0;39m [31mWARN [0;39m springfox.documentation.swagger.readers.operation.OperationImplicitParameterReader.modelSpecification :Unable to interpret the implicit parameter configuration with dataType: String, dataTypeClass: class java.lang.Void
[2023-02-07 21:55:21:232414] [32m[restartedMain][0;39m [31mWARN [0;39m springfox.documentation.swagger.readers.operation.OperationImplicitParameterReader.modelSpecification :Unable to interpret the implicit parameter configuration with dataType: String, dataTypeClass: class java.lang.Void
[2023-02-07 21:55:21:232416] [32m[restartedMain][0;39m [31mWARN [0;39m springfox.documentation.swagger.readers.operation.OperationImplicitParameterReader.modelSpecification :Unable to interpret the implicit parameter configuration with dataType: String, dataTypeClass: class java.lang.Void
[2023-02-07 21:55:21:232453] [32m[restartedMain][0;39m [31mWARN [0;39m springfox.documentation.swagger.readers.operation.OperationImplicitParameterReader.modelSpecification :Unable to interpret the implicit parameter configuration with dataType: String, dataTypeClass: class java.lang.Void
[2023-02-07 21:55:21:232456] [32m[restartedMain][0;39m [31mWARN [0;39m springfox.documentation.swagger.readers.operation.OperationImplicitParameterReader.modelSpecification :Unable to interpret the implicit parameter configuration with dataType: String, dataTypeClass: class java.lang.Void
[2023-02-07 21:55:21:232458] [32m[restartedMain][0;39m [31mWARN [0;39m springfox.documentation.swagger.readers.operation.OperationImplicitParameterReader.modelSpecification :Unable to interpret the implicit parameter configuration with dataType: String, dataTypeClass: class java.lang.Void
[2023-02-07 21:55:21:232459] [32m[restartedMain][0;39m [31mWARN [0;39m springfox.documentation.swagger.readers.operation.OperationImplicitParameterReader.modelSpecification :Unable to interpret the implicit parameter configuration with dataType: String, dataTypeClass: class java.lang.Void
[2023-02-07 21:55:21:232460] [32m[restartedMain][0;39m [31mWARN [0;39m springfox.documentation.swagger.readers.operation.OperationImplicitParameterReader.modelSpecification :Unable to interpret the implicit parameter configuration with dataType: String, dataTypeClass: class java.lang.Void
[2023-02-07 21:55:21:232463] [32m[restartedMain][0;39m [31mWARN [0;39m springfox.documentation.swagger.readers.operation.OperationImplicitParameterReader.modelSpecification :Unable to interpret the implicit parameter configuration with dataType: String, dataTypeClass: class java.lang.Void
[2023-02-07 21:56:57:328703] [32m[Thread-47][0;39m [31mWARN [0;39m ?.? :The web application [ROOT] appears to have started a thread named [HikariPool-1 housekeeper] but has failed to stop it. This is very likely to create a memory leak. Stack trace of thread:
 java.base@11.0.18/jdk.internal.misc.Unsafe.park(Native Method)
 java.base@11.0.18/java.util.concurrent.locks.LockSupport.parkNanos(LockSupport.java:234)
 java.base@11.0.18/java.util.concurrent.locks.AbstractQueuedSynchronizer$ConditionObject.awaitNanos(AbstractQueuedSynchronizer.java:2123)
 java.base@11.0.18/java.util.concurrent.ScheduledThreadPoolExecutor$DelayedWorkQueue.take(ScheduledThreadPoolExecutor.java:1182)
 java.base@11.0.18/java.util.concurrent.ScheduledThreadPoolExecutor$DelayedWorkQueue.take(ScheduledThreadPoolExecutor.java:899)
 java.base@11.0.18/java.util.concurrent.ThreadPoolExecutor.getTask(ThreadPoolExecutor.java:1054)
 java.base@11.0.18/java.util.concurrent.ThreadPoolExecutor.runWorker(ThreadPoolExecutor.java:1114)
 java.base@11.0.18/java.util.concurrent.ThreadPoolExecutor$Worker.run(ThreadPoolExecutor.java:628)
 java.base@11.0.18/java.lang.Thread.run(Thread.java:829)
[2023-02-07 21:56:58:329606] [32m[restartedMain][0;39m [31mWARN [0;39m org.springframework.boot.autoconfigure.security.servlet.UserDetailsServiceAutoConfiguration.getOrDeducePassword :

Using generated security password: dcbe1453-14a0-498f-820f-fb5fc0c9df4b

This generated password is for development use only. Your security configuration must be updated before running your application in production.

[2023-02-07 21:56:58:329904] [32m[restartedMain][0;39m [31mWARN [0;39m org.springframework.security.config.annotation.web.builders.WebSecurity.performBuild :You are asking Spring Security to ignore Ant [pattern='/v2/api-docs']. This is not recommended -- please use permitAll via HttpSecurity#authorizeHttpRequests instead.
[2023-02-07 21:56:58:329904] [32m[restartedMain][0;39m [31mWARN [0;39m org.springframework.security.config.annotation.web.builders.WebSecurity.performBuild :You are asking Spring Security to ignore Ant [pattern='/swagger-resources/**']. This is not recommended -- please use permitAll via HttpSecurity#authorizeHttpRequests instead.
[2023-02-07 21:56:58:329905] [32m[restartedMain][0;39m [31mWARN [0;39m org.springframework.security.config.annotation.web.builders.WebSecurity.performBuild :You are asking Spring Security to ignore Ant [pattern='/swagger-ui.html']. This is not recommended -- please use permitAll via HttpSecurity#authorizeHttpRequests instead.
[2023-02-07 21:56:58:329905] [32m[restartedMain][0;39m [31mWARN [0;39m org.springframework.security.config.annotation.web.builders.WebSecurity.performBuild :You are asking Spring Security to ignore Ant [pattern='/webjars/**']. This is not recommended -- please use permitAll via HttpSecurity#authorizeHttpRequests instead.
[2023-02-07 21:56:58:329905] [32m[restartedMain][0;39m [31mWARN [0;39m org.springframework.security.config.annotation.web.builders.WebSecurity.performBuild :You are asking Spring Security to ignore Ant [pattern='/swagger/**']. This is not recommended -- please use permitAll via HttpSecurity#authorizeHttpRequests instead.
[2023-02-07 21:56:58:329906] [32m[restartedMain][0;39m [31mWARN [0;39m org.springframework.security.config.annotation.web.builders.WebSecurity.performBuild :You are asking Spring Security to ignore Ant [pattern='/sign-api/exception']. This is not recommended -- please use permitAll via HttpSecurity#authorizeHttpRequests instead.
[2023-02-07 21:56:58:329906] [32m[restartedMain][0;39m [31mWARN [0;39m org.springframework.security.config.annotation.web.builders.WebSecurity.performBuild :You are asking Spring Security to ignore Ant [pattern='/v3/api-docs/**']. This is not recommended -- please use permitAll via HttpSecurity#authorizeHttpRequests instead.
[2023-02-07 21:56:58:329906] [32m[restartedMain][0;39m [31mWARN [0;39m org.springframework.security.config.annotation.web.builders.WebSecurity.performBuild :You are asking Spring Security to ignore Ant [pattern='/swagger-ui/**']. This is not recommended -- please use permitAll via HttpSecurity#authorizeHttpRequests instead.
[2023-02-07 21:56:58:329969] [32m[restartedMain][0;39m [31mWARN [0;39m springfox.documentation.swagger.readers.operation.OperationImplicitParameterReader.modelSpecification :Unable to interpret the implicit parameter configuration with dataType: String, dataTypeClass: class java.lang.Void
[2023-02-07 21:56:59:329984] [32m[restartedMain][0;39m [31mWARN [0;39m springfox.documentation.swagger.readers.operation.OperationImplicitParameterReader.modelSpecification :Unable to interpret the implicit parameter configuration with dataType: String, dataTypeClass: class java.lang.Void
[2023-02-07 21:56:59:329985] [32m[restartedMain][0;39m [31mWARN [0;39m springfox.documentation.swagger.readers.operation.OperationImplicitParameterReader.modelSpecification :Unable to interpret the implicit parameter configuration with dataType: String, dataTypeClass: class java.lang.Void
[2023-02-07 21:56:59:329990] [32m[restartedMain][0;39m [31mWARN [0;39m springfox.documentation.swagger.readers.operation.OperationImplicitParameterReader.modelSpecification :Unable to interpret the implicit parameter configuration with dataType: String, dataTypeClass: class java.lang.Void
[2023-02-07 21:56:59:329992] [32m[restartedMain][0;39m [31mWARN [0;39m springfox.documentation.swagger.readers.operation.OperationImplicitParameterReader.modelSpecification :Unable to interpret the implicit parameter configuration with dataType: String, dataTypeClass: class java.lang.Void
[2023-02-07 21:56:59:329994] [32m[restartedMain][0;39m [31mWARN [0;39m springfox.documentation.swagger.readers.operation.OperationImplicitParameterReader.modelSpecification :Unable to interpret the implicit parameter configuration with dataType: String, dataTypeClass: class java.lang.Void
[2023-02-07 21:56:59:329995] [32m[restartedMain][0;39m [31mWARN [0;39m springfox.documentation.swagger.readers.operation.OperationImplicitParameterReader.modelSpecification :Unable to interpret the implicit parameter configuration with dataType: String, dataTypeClass: class java.lang.Void
[2023-02-07 21:56:59:329999] [32m[restartedMain][0;39m [31mWARN [0;39m springfox.documentation.swagger.readers.operation.OperationImplicitParameterReader.modelSpecification :Unable to interpret the implicit parameter configuration with dataType: String, dataTypeClass: class java.lang.Void
[2023-02-07 21:56:59:330005] [32m[restartedMain][0;39m [31mWARN [0;39m springfox.documentation.swagger.readers.operation.OperationImplicitParameterReader.modelSpecification :Unable to interpret the implicit parameter configuration with dataType: String, dataTypeClass: class java.lang.Void
[2023-02-07 21:56:59:330037] [32m[restartedMain][0;39m [31mWARN [0;39m springfox.documentation.swagger.readers.operation.OperationImplicitParameterReader.modelSpecification :Unable to interpret the implicit parameter configuration with dataType: String, dataTypeClass: class java.lang.Void
[2023-02-07 21:56:59:330039] [32m[restartedMain][0;39m [31mWARN [0;39m springfox.documentation.swagger.readers.operation.OperationImplicitParameterReader.modelSpecification :Unable to interpret the implicit parameter configuration with dataType: String, dataTypeClass: class java.lang.Void
[2023-02-07 21:56:59:330044] [32m[restartedMain][0;39m [31mWARN [0;39m springfox.documentation.swagger.readers.operation.OperationImplicitParameterReader.modelSpecification :Unable to interpret the implicit parameter configuration with dataType: String, dataTypeClass: class java.lang.Void
[2023-02-07 21:56:59:330046] [32m[restartedMain][0;39m [31mWARN [0;39m springfox.documentation.swagger.readers.operation.OperationImplicitParameterReader.modelSpecification :Unable to interpret the implicit parameter configuration with dataType: String, dataTypeClass: class java.lang.Void
[2023-02-07 21:56:59:330049] [32m[restartedMain][0;39m [31mWARN [0;39m springfox.documentation.swagger.readers.operation.OperationImplicitParameterReader.modelSpecification :Unable to interpret the implicit parameter configuration with dataType: String, dataTypeClass: class java.lang.Void
[2023-02-07 21:56:59:330060] [32m[restartedMain][0;39m [31mWARN [0;39m springfox.documentation.swagger.readers.operation.OperationImplicitParameterReader.modelSpecification :Unable to interpret the implicit parameter configuration with dataType: String, dataTypeClass: class java.lang.Void
[2023-02-07 21:56:59:330064] [32m[restartedMain][0;39m [31mWARN [0;39m springfox.documentation.swagger.readers.operation.OperationImplicitParameterReader.modelSpecification :Unable to interpret the implicit parameter configuration with dataType: String, dataTypeClass: class java.lang.Void
[2023-02-07 21:56:59:330066] [32m[restartedMain][0;39m [31mWARN [0;39m springfox.documentation.swagger.readers.operation.OperationImplicitParameterReader.modelSpecification :Unable to interpret the implicit parameter configuration with dataType: String, dataTypeClass: class java.lang.Void
[2023-02-07 21:56:59:330098] [32m[restartedMain][0;39m [31mWARN [0;39m springfox.documentation.swagger.readers.operation.OperationImplicitParameterReader.modelSpecification :Unable to interpret the implicit parameter configuration with dataType: String, dataTypeClass: class java.lang.Void
[2023-02-07 21:56:59:330101] [32m[restartedMain][0;39m [31mWARN [0;39m springfox.documentation.swagger.readers.operation.OperationImplicitParameterReader.modelSpecification :Unable to interpret the implicit parameter configuration with dataType: String, dataTypeClass: class java.lang.Void
[2023-02-07 21:56:59:330102] [32m[restartedMain][0;39m [31mWARN [0;39m springfox.documentation.swagger.readers.operation.OperationImplicitParameterReader.modelSpecification :Unable to interpret the implicit parameter configuration with dataType: String, dataTypeClass: class java.lang.Void
[2023-02-07 21:56:59:330103] [32m[restartedMain][0;39m [31mWARN [0;39m springfox.documentation.swagger.readers.operation.OperationImplicitParameterReader.modelSpecification :Unable to interpret the implicit parameter configuration with dataType: String, dataTypeClass: class java.lang.Void
[2023-02-07 21:56:59:330104] [32m[restartedMain][0;39m [31mWARN [0;39m springfox.documentation.swagger.readers.operation.OperationImplicitParameterReader.modelSpecification :Unable to interpret the implicit parameter configuration with dataType: String, dataTypeClass: class java.lang.Void
[2023-02-07 21:56:59:330107] [32m[restartedMain][0;39m [31mWARN [0;39m springfox.documentation.swagger.readers.operation.OperationImplicitParameterReader.modelSpecification :Unable to interpret the implicit parameter configuration with dataType: String, dataTypeClass: class java.lang.Void
[2023-02-07 21:57:38:369545] [32m[Thread-55][0;39m [31mWARN [0;39m ?.? :The web application [ROOT] appears to have started a thread named [HikariPool-2 housekeeper] but has failed to stop it. This is very likely to create a memory leak. Stack trace of thread:
 java.base@11.0.18/jdk.internal.misc.Unsafe.park(Native Method)
 java.base@11.0.18/java.util.concurrent.locks.LockSupport.parkNanos(LockSupport.java:234)
 java.base@11.0.18/java.util.concurrent.locks.AbstractQueuedSynchronizer$ConditionObject.awaitNanos(AbstractQueuedSynchronizer.java:2123)
 java.base@11.0.18/java.util.concurrent.ScheduledThreadPoolExecutor$DelayedWorkQueue.take(ScheduledThreadPoolExecutor.java:1182)
 java.base@11.0.18/java.util.concurrent.ScheduledThreadPoolExecutor$DelayedWorkQueue.take(ScheduledThreadPoolExecutor.java:899)
 java.base@11.0.18/java.util.concurrent.ThreadPoolExecutor.getTask(ThreadPoolExecutor.java:1054)
 java.base@11.0.18/java.util.concurrent.ThreadPoolExecutor.runWorker(ThreadPoolExecutor.java:1114)
 java.base@11.0.18/java.util.concurrent.ThreadPoolExecutor$Worker.run(ThreadPoolExecutor.java:628)
 java.base@11.0.18/java.lang.Thread.run(Thread.java:829)
[2023-02-07 21:57:39:370488] [32m[restartedMain][0;39m [31mWARN [0;39m org.springframework.boot.autoconfigure.security.servlet.UserDetailsServiceAutoConfiguration.getOrDeducePassword :

Using generated security password: dff829b4-c551-4d56-8b51-9af5665f27bf

This generated password is for development use only. Your security configuration must be updated before running your application in production.

[2023-02-07 21:57:39:370791] [32m[restartedMain][0;39m [31mWARN [0;39m org.springframework.security.config.annotation.web.builders.WebSecurity.performBuild :You are asking Spring Security to ignore Ant [pattern='/v2/api-docs']. This is not recommended -- please use permitAll via HttpSecurity#authorizeHttpRequests instead.
[2023-02-07 21:57:39:370791] [32m[restartedMain][0;39m [31mWARN [0;39m org.springframework.security.config.annotation.web.builders.WebSecurity.performBuild :You are asking Spring Security to ignore Ant [pattern='/swagger-resources/**']. This is not recommended -- please use permitAll via HttpSecurity#authorizeHttpRequests instead.
[2023-02-07 21:57:39:370791] [32m[restartedMain][0;39m [31mWARN [0;39m org.springframework.security.config.annotation.web.builders.WebSecurity.performBuild :You are asking Spring Security to ignore Ant [pattern='/swagger-ui.html']. This is not recommended -- please use permitAll via HttpSecurity#authorizeHttpRequests instead.
[2023-02-07 21:57:39:370792] [32m[restartedMain][0;39m [31mWARN [0;39m org.springframework.security.config.annotation.web.builders.WebSecurity.performBuild :You are asking Spring Security to ignore Ant [pattern='/webjars/**']. This is not recommended -- please use permitAll via HttpSecurity#authorizeHttpRequests instead.
[2023-02-07 21:57:39:370792] [32m[restartedMain][0;39m [31mWARN [0;39m org.springframework.security.config.annotation.web.builders.WebSecurity.performBuild :You are asking Spring Security to ignore Ant [pattern='/swagger/**']. This is not recommended -- please use permitAll via HttpSecurity#authorizeHttpRequests instead.
[2023-02-07 21:57:39:370792] [32m[restartedMain][0;39m [31mWARN [0;39m org.springframework.security.config.annotation.web.builders.WebSecurity.performBuild :You are asking Spring Security to ignore Ant [pattern='/sign-api/exception']. This is not recommended -- please use permitAll via HttpSecurity#authorizeHttpRequests instead.
[2023-02-07 21:57:39:370793] [32m[restartedMain][0;39m [31mWARN [0;39m org.springframework.security.config.annotation.web.builders.WebSecurity.performBuild :You are asking Spring Security to ignore Ant [pattern='/v3/api-docs/**']. This is not recommended -- please use permitAll via HttpSecurity#authorizeHttpRequests instead.
[2023-02-07 21:57:39:370793] [32m[restartedMain][0;39m [31mWARN [0;39m org.springframework.security.config.annotation.web.builders.WebSecurity.performBuild :You are asking Spring Security to ignore Ant [pattern='/swagger-ui/**']. This is not recommended -- please use permitAll via HttpSecurity#authorizeHttpRequests instead.
[2023-02-07 21:57:39:370914] [32m[restartedMain][0;39m [31mWARN [0;39m springfox.documentation.swagger.readers.operation.OperationImplicitParameterReader.modelSpecification :Unable to interpret the implicit parameter configuration with dataType: String, dataTypeClass: class java.lang.Void
[2023-02-07 21:57:39:370935] [32m[restartedMain][0;39m [31mWARN [0;39m springfox.documentation.swagger.readers.operation.OperationImplicitParameterReader.modelSpecification :Unable to interpret the implicit parameter configuration with dataType: String, dataTypeClass: class java.lang.Void
[2023-02-07 21:57:39:370937] [32m[restartedMain][0;39m [31mWARN [0;39m springfox.documentation.swagger.readers.operation.OperationImplicitParameterReader.modelSpecification :Unable to interpret the implicit parameter configuration with dataType: String, dataTypeClass: class java.lang.Void
[2023-02-07 21:57:39:370945] [32m[restartedMain][0;39m [31mWARN [0;39m springfox.documentation.swagger.readers.operation.OperationImplicitParameterReader.modelSpecification :Unable to interpret the implicit parameter configuration with dataType: String, dataTypeClass: class java.lang.Void
[2023-02-07 21:57:39:370948] [32m[restartedMain][0;39m [31mWARN [0;39m springfox.documentation.swagger.readers.operation.OperationImplicitParameterReader.modelSpecification :Unable to interpret the implicit parameter configuration with dataType: String, dataTypeClass: class java.lang.Void
[2023-02-07 21:57:39:370951] [32m[restartedMain][0;39m [31mWARN [0;39m springfox.documentation.swagger.readers.operation.OperationImplicitParameterReader.modelSpecification :Unable to interpret the implicit parameter configuration with dataType: String, dataTypeClass: class java.lang.Void
[2023-02-07 21:57:39:370956] [32m[restartedMain][0;39m [31mWARN [0;39m springfox.documentation.swagger.readers.operation.OperationImplicitParameterReader.modelSpecification :Unable to interpret the implicit parameter configuration with dataType: String, dataTypeClass: class java.lang.Void
[2023-02-07 21:57:39:370966] [32m[restartedMain][0;39m [31mWARN [0;39m springfox.documentation.swagger.readers.operation.OperationImplicitParameterReader.modelSpecification :Unable to interpret the implicit parameter configuration with dataType: String, dataTypeClass: class java.lang.Void
[2023-02-07 21:57:39:370978] [32m[restartedMain][0;39m [31mWARN [0;39m springfox.documentation.swagger.readers.operation.OperationImplicitParameterReader.modelSpecification :Unable to interpret the implicit parameter configuration with dataType: String, dataTypeClass: class java.lang.Void
[2023-02-07 21:57:40:371039] [32m[restartedMain][0;39m [31mWARN [0;39m springfox.documentation.swagger.readers.operation.OperationImplicitParameterReader.modelSpecification :Unable to interpret the implicit parameter configuration with dataType: String, dataTypeClass: class java.lang.Void
[2023-02-07 21:57:40:371042] [32m[restartedMain][0;39m [31mWARN [0;39m springfox.documentation.swagger.readers.operation.OperationImplicitParameterReader.modelSpecification :Unable to interpret the implicit parameter configuration with dataType: String, dataTypeClass: class java.lang.Void
[2023-02-07 21:57:40:371052] [32m[restartedMain][0;39m [31mWARN [0;39m springfox.documentation.swagger.readers.operation.OperationImplicitParameterReader.modelSpecification :Unable to interpret the implicit parameter configuration with dataType: String, dataTypeClass: class java.lang.Void
[2023-02-07 21:57:40:371055] [32m[restartedMain][0;39m [31mWARN [0;39m springfox.documentation.swagger.readers.operation.OperationImplicitParameterReader.modelSpecification :Unable to interpret the implicit parameter configuration with dataType: String, dataTypeClass: class java.lang.Void
[2023-02-07 21:57:40:371060] [32m[restartedMain][0;39m [31mWARN [0;39m springfox.documentation.swagger.readers.operation.OperationImplicitParameterReader.modelSpecification :Unable to interpret the implicit parameter configuration with dataType: String, dataTypeClass: class java.lang.Void
[2023-02-07 21:57:40:371088] [32m[restartedMain][0;39m [31mWARN [0;39m springfox.documentation.swagger.readers.operation.OperationImplicitParameterReader.modelSpecification :Unable to interpret the implicit parameter configuration with dataType: String, dataTypeClass: class java.lang.Void
[2023-02-07 21:57:40:371100] [32m[restartedMain][0;39m [31mWARN [0;39m springfox.documentation.swagger.readers.operation.OperationImplicitParameterReader.modelSpecification :Unable to interpret the implicit parameter configuration with dataType: String, dataTypeClass: class java.lang.Void
[2023-02-07 21:57:40:371104] [32m[restartedMain][0;39m [31mWARN [0;39m springfox.documentation.swagger.readers.operation.OperationImplicitParameterReader.modelSpecification :Unable to interpret the implicit parameter configuration with dataType: String, dataTypeClass: class java.lang.Void
[2023-02-07 21:57:40:371163] [32m[restartedMain][0;39m [31mWARN [0;39m springfox.documentation.swagger.readers.operation.OperationImplicitParameterReader.modelSpecification :Unable to interpret the implicit parameter configuration with dataType: String, dataTypeClass: class java.lang.Void
[2023-02-07 21:57:40:371170] [32m[restartedMain][0;39m [31mWARN [0;39m springfox.documentation.swagger.readers.operation.OperationImplicitParameterReader.modelSpecification :Unable to interpret the implicit parameter configuration with dataType: String, dataTypeClass: class java.lang.Void
[2023-02-07 21:57:40:371173] [32m[restartedMain][0;39m [31mWARN [0;39m springfox.documentation.swagger.readers.operation.OperationImplicitParameterReader.modelSpecification :Unable to interpret the implicit parameter configuration with dataType: String, dataTypeClass: class java.lang.Void
[2023-02-07 21:57:40:371175] [32m[restartedMain][0;39m [31mWARN [0;39m springfox.documentation.swagger.readers.operation.OperationImplicitParameterReader.modelSpecification :Unable to interpret the implicit parameter configuration with dataType: String, dataTypeClass: class java.lang.Void
[2023-02-07 21:57:40:371177] [32m[restartedMain][0;39m [31mWARN [0;39m springfox.documentation.swagger.readers.operation.OperationImplicitParameterReader.modelSpecification :Unable to interpret the implicit parameter configuration with dataType: String, dataTypeClass: class java.lang.Void
[2023-02-07 21:57:40:371186] [32m[restartedMain][0;39m [31mWARN [0;39m springfox.documentation.swagger.readers.operation.OperationImplicitParameterReader.modelSpecification :Unable to interpret the implicit parameter configuration with dataType: String, dataTypeClass: class java.lang.Void
[2023-02-07 22:03:05:696290] [32m[RMI TCP Connection(31)-127.0.0.1][0;39m [31mWARN [0;39m ?.? :The web application [ROOT] appears to have started a thread named [HikariPool-3 housekeeper] but has failed to stop it. This is very likely to create a memory leak. Stack trace of thread:
 java.base@11.0.18/jdk.internal.misc.Unsafe.park(Native Method)
 java.base@11.0.18/java.util.concurrent.locks.LockSupport.parkNanos(LockSupport.java:234)
 java.base@11.0.18/java.util.concurrent.locks.AbstractQueuedSynchronizer$ConditionObject.awaitNanos(AbstractQueuedSynchronizer.java:2123)
 java.base@11.0.18/java.util.concurrent.ScheduledThreadPoolExecutor$DelayedWorkQueue.take(ScheduledThreadPoolExecutor.java:1182)
 java.base@11.0.18/java.util.concurrent.ScheduledThreadPoolExecutor$DelayedWorkQueue.take(ScheduledThreadPoolExecutor.java:899)
 java.base@11.0.18/java.util.concurrent.ThreadPoolExecutor.getTask(ThreadPoolExecutor.java:1054)
 java.base@11.0.18/java.util.concurrent.ThreadPoolExecutor.runWorker(ThreadPoolExecutor.java:1114)
 java.base@11.0.18/java.util.concurrent.ThreadPoolExecutor$Worker.run(ThreadPoolExecutor.java:628)
 java.base@11.0.18/java.lang.Thread.run(Thread.java:829)
