[2023-02-06 00:00:02:6462044] [32m[restartedMain][0;39m [31mWARN [0;39m org.springframework.boot.autoconfigure.security.servlet.UserDetailsServiceAutoConfiguration.getOrDeducePassword :

Using generated security password: 04ca1ff8-1753-4ded-947b-20c5987a3d4d

This generated password is for development use only. Your security configuration must be updated before running your application in production.

[2023-02-06 00:00:03:6462399] [32m[restartedMain][0;39m [31mWARN [0;39m org.springframework.security.config.annotation.web.builders.WebSecurity.performBuild :You are asking Spring Security to ignore Ant [pattern='/v2/api-docs']. This is not recommended -- please use permitAll via HttpSecurity#authorizeHttpRequests instead.
[2023-02-06 00:00:03:6462400] [32m[restartedMain][0;39m [31mWARN [0;39m org.springframework.security.config.annotation.web.builders.WebSecurity.performBuild :You are asking Spring Security to ignore Ant [pattern='/swagger-resources/**']. This is not recommended -- please use permitAll via HttpSecurity#authorizeHttpRequests instead.
[2023-02-06 00:00:03:6462400] [32m[restartedMain][0;39m [31mWARN [0;39m org.springframework.security.config.annotation.web.builders.WebSecurity.performBuild :You are asking Spring Security to ignore Ant [pattern='/swagger-ui.html']. This is not recommended -- please use permitAll via HttpSecurity#authorizeHttpRequests instead.
[2023-02-06 00:00:03:6462400] [32m[restartedMain][0;39m [31mWARN [0;39m org.springframework.security.config.annotation.web.builders.WebSecurity.performBuild :You are asking Spring Security to ignore Ant [pattern='/webjars/**']. This is not recommended -- please use permitAll via HttpSecurity#authorizeHttpRequests instead.
[2023-02-06 00:00:03:6462400] [32m[restartedMain][0;39m [31mWARN [0;39m org.springframework.security.config.annotation.web.builders.WebSecurity.performBuild :You are asking Spring Security to ignore Ant [pattern='/swagger/**']. This is not recommended -- please use permitAll via HttpSecurity#authorizeHttpRequests instead.
[2023-02-06 00:00:03:6462401] [32m[restartedMain][0;39m [31mWARN [0;39m org.springframework.security.config.annotation.web.builders.WebSecurity.performBuild :You are asking Spring Security to ignore Ant [pattern='/sign-api/exception']. This is not recommended -- please use permitAll via HttpSecurity#authorizeHttpRequests instead.
[2023-02-06 00:00:03:6462401] [32m[restartedMain][0;39m [31mWARN [0;39m org.springframework.security.config.annotation.web.builders.WebSecurity.performBuild :You are asking Spring Security to ignore Ant [pattern='/v3/api-docs/**']. This is not recommended -- please use permitAll via HttpSecurity#authorizeHttpRequests instead.
[2023-02-06 00:00:03:6462401] [32m[restartedMain][0;39m [31mWARN [0;39m org.springframework.security.config.annotation.web.builders.WebSecurity.performBuild :You are asking Spring Security to ignore Ant [pattern='/swagger-ui/**']. This is not recommended -- please use permitAll via HttpSecurity#authorizeHttpRequests instead.
[2023-02-06 00:00:03:6462451] [32m[restartedMain][0;39m [31mWARN [0;39m springfox.documentation.swagger.readers.operation.OperationImplicitParameterReader.modelSpecification :Unable to interpret the implicit parameter configuration with dataType: String, dataTypeClass: class java.lang.Void
[2023-02-06 00:00:03:6462452] [32m[restartedMain][0;39m [31mWARN [0;39m springfox.documentation.swagger.readers.operation.OperationImplicitParameterReader.modelSpecification :Unable to interpret the implicit parameter configuration with dataType: String, dataTypeClass: class java.lang.Void
[2023-02-06 00:00:03:6462456] [32m[restartedMain][0;39m [31mWARN [0;39m springfox.documentation.swagger.readers.operation.OperationImplicitParameterReader.modelSpecification :Unable to interpret the implicit parameter configuration with dataType: String, dataTypeClass: class java.lang.Void
[2023-02-06 00:00:03:6462457] [32m[restartedMain][0;39m [31mWARN [0;39m springfox.documentation.swagger.readers.operation.OperationImplicitParameterReader.modelSpecification :Unable to interpret the implicit parameter configuration with dataType: String, dataTypeClass: class java.lang.Void
[2023-02-06 00:00:03:6462475] [32m[restartedMain][0;39m [31mWARN [0;39m springfox.documentation.swagger.readers.operation.OperationImplicitParameterReader.modelSpecification :Unable to interpret the implicit parameter configuration with dataType: String, dataTypeClass: class java.lang.Void
[2023-02-06 00:00:03:6462477] [32m[restartedMain][0;39m [31mWARN [0;39m springfox.documentation.swagger.readers.operation.OperationImplicitParameterReader.modelSpecification :Unable to interpret the implicit parameter configuration with dataType: String, dataTypeClass: class java.lang.Void
[2023-02-06 00:00:03:6462479] [32m[restartedMain][0;39m [31mWARN [0;39m springfox.documentation.swagger.readers.operation.OperationImplicitParameterReader.modelSpecification :Unable to interpret the implicit parameter configuration with dataType: String, dataTypeClass: class java.lang.Void
[2023-02-06 00:00:03:6462480] [32m[restartedMain][0;39m [31mWARN [0;39m springfox.documentation.swagger.readers.operation.OperationImplicitParameterReader.modelSpecification :Unable to interpret the implicit parameter configuration with dataType: String, dataTypeClass: class java.lang.Void
[2023-02-06 00:00:03:6462481] [32m[restartedMain][0;39m [31mWARN [0;39m springfox.documentation.swagger.readers.operation.OperationImplicitParameterReader.modelSpecification :Unable to interpret the implicit parameter configuration with dataType: String, dataTypeClass: class java.lang.Void
[2023-02-06 00:00:03:6462490] [32m[restartedMain][0;39m [31mWARN [0;39m springfox.documentation.swagger.readers.operation.OperationImplicitParameterReader.modelSpecification :Unable to interpret the implicit parameter configuration with dataType: String, dataTypeClass: class java.lang.Void
[2023-02-06 00:00:03:6462500] [32m[restartedMain][0;39m [31mWARN [0;39m springfox.documentation.swagger.readers.operation.OperationImplicitParameterReader.modelSpecification :Unable to interpret the implicit parameter configuration with dataType: String, dataTypeClass: class java.lang.Void
[2023-02-06 00:00:03:6462510] [32m[restartedMain][0;39m [31mWARN [0;39m springfox.documentation.swagger.readers.operation.OperationImplicitParameterReader.modelSpecification :Unable to interpret the implicit parameter configuration with dataType: String, dataTypeClass: class java.lang.Void
[2023-02-06 00:00:03:6462626] [32m[restartedMain][0;39m [31mWARN [0;39m springfox.documentation.swagger.readers.operation.OperationImplicitParameterReader.modelSpecification :Unable to interpret the implicit parameter configuration with dataType: String, dataTypeClass: class java.lang.Void
[2023-02-06 00:00:03:6462632] [32m[restartedMain][0;39m [31mWARN [0;39m springfox.documentation.swagger.readers.operation.OperationImplicitParameterReader.modelSpecification :Unable to interpret the implicit parameter configuration with dataType: String, dataTypeClass: class java.lang.Void
[2023-02-06 00:00:03:6462635] [32m[restartedMain][0;39m [31mWARN [0;39m springfox.documentation.swagger.readers.operation.OperationImplicitParameterReader.modelSpecification :Unable to interpret the implicit parameter configuration with dataType: String, dataTypeClass: class java.lang.Void
[2023-02-06 00:00:03:6462637] [32m[restartedMain][0;39m [31mWARN [0;39m springfox.documentation.swagger.readers.operation.OperationImplicitParameterReader.modelSpecification :Unable to interpret the implicit parameter configuration with dataType: String, dataTypeClass: class java.lang.Void
[2023-02-06 00:00:03:6462639] [32m[restartedMain][0;39m [31mWARN [0;39m springfox.documentation.swagger.readers.operation.OperationImplicitParameterReader.modelSpecification :Unable to interpret the implicit parameter configuration with dataType: String, dataTypeClass: class java.lang.Void
[2023-02-06 00:00:03:6462659] [32m[restartedMain][0;39m [31mWARN [0;39m springfox.documentation.swagger.readers.operation.OperationImplicitParameterReader.modelSpecification :Unable to interpret the implicit parameter configuration with dataType: String, dataTypeClass: class java.lang.Void
[2023-02-06 00:02:44:6623699] [32m[Thread-542][0;39m [31mWARN [0;39m ?.? :The web application [ROOT] appears to have started a thread named [HikariPool-12 housekeeper] but has failed to stop it. This is very likely to create a memory leak. Stack trace of thread:
 java.base@11.0.18/jdk.internal.misc.Unsafe.park(Native Method)
 java.base@11.0.18/java.util.concurrent.locks.LockSupport.parkNanos(LockSupport.java:234)
 java.base@11.0.18/java.util.concurrent.locks.AbstractQueuedSynchronizer$ConditionObject.awaitNanos(AbstractQueuedSynchronizer.java:2123)
 java.base@11.0.18/java.util.concurrent.ScheduledThreadPoolExecutor$DelayedWorkQueue.take(ScheduledThreadPoolExecutor.java:1182)
 java.base@11.0.18/java.util.concurrent.ScheduledThreadPoolExecutor$DelayedWorkQueue.take(ScheduledThreadPoolExecutor.java:899)
 java.base@11.0.18/java.util.concurrent.ThreadPoolExecutor.getTask(ThreadPoolExecutor.java:1054)
 java.base@11.0.18/java.util.concurrent.ThreadPoolExecutor.runWorker(ThreadPoolExecutor.java:1114)
 java.base@11.0.18/java.util.concurrent.ThreadPoolExecutor$Worker.run(ThreadPoolExecutor.java:628)
 java.base@11.0.18/java.lang.Thread.run(Thread.java:829)
[2023-02-06 00:02:45:6624588] [32m[restartedMain][0;39m [31mWARN [0;39m org.springframework.boot.autoconfigure.security.servlet.UserDetailsServiceAutoConfiguration.getOrDeducePassword :

Using generated security password: 9ba0b876-00d2-45a6-83fc-189800a709b9

This generated password is for development use only. Your security configuration must be updated before running your application in production.

[2023-02-06 00:02:45:6624713] [32m[restartedMain][0;39m [31mWARN [0;39m org.springframework.context.support.AbstractApplicationContext.refresh :Exception encountered during context initialization - cancelling refresh attempt: org.springframework.beans.factory.UnsatisfiedDependencyException: Error creating bean with name 'documentationPluginsBootstrapper' defined in URL [jar:file:/C:/Users/jinuk/.m2/repository/io/springfox/springfox-spring-web/3.0.0/springfox-spring-web-3.0.0.jar!/springfox/documentation/spring/web/plugins/DocumentationPluginsBootstrapper.class]: Unsatisfied dependency expressed through constructor parameter 1; nested exception is org.springframework.beans.factory.UnsatisfiedDependencyException: Error creating bean with name 'webMvcRequestHandlerProvider' defined in URL [jar:file:/C:/Users/jinuk/.m2/repository/io/springfox/springfox-spring-webmvc/3.0.0/springfox-spring-webmvc-3.0.0.jar!/springfox/documentation/spring/web/plugins/WebMvcRequestHandlerProvider.class]: Unsatisfied dependency expressed through constructor parameter 2; nested exception is org.springframework.beans.factory.BeanCreationException: Error creating bean with name 'requestMappingHandlerMapping' defined in class path resource [org/springframework/web/servlet/config/annotation/DelegatingWebMvcConfiguration.class]: Invocation of init method failed; nested exception is java.lang.IllegalStateException: Ambiguous mapping. Cannot map 'conferenceController' method 
com.hypeboy.codemeets.controller.ConferenceController#exitConference(HttpServletRequest, int)
to {POST [/conference/enter]}: There is already 'conferenceController' bean method
com.hypeboy.codemeets.controller.ConferenceController#enterConference(HttpServletRequest, String) mapped.
[2023-02-06 00:02:54:6633787] [32m[restartedMain][0;39m [31mWARN [0;39m org.springframework.boot.autoconfigure.security.servlet.UserDetailsServiceAutoConfiguration.getOrDeducePassword :

Using generated security password: f50b047f-c295-4e0e-83ac-d633f6560d89

This generated password is for development use only. Your security configuration must be updated before running your application in production.

[2023-02-06 00:02:54:6633954] [32m[restartedMain][0;39m [31mWARN [0;39m org.springframework.context.support.AbstractApplicationContext.refresh :Exception encountered during context initialization - cancelling refresh attempt: org.springframework.beans.factory.UnsatisfiedDependencyException: Error creating bean with name 'documentationPluginsBootstrapper' defined in URL [jar:file:/C:/Users/jinuk/.m2/repository/io/springfox/springfox-spring-web/3.0.0/springfox-spring-web-3.0.0.jar!/springfox/documentation/spring/web/plugins/DocumentationPluginsBootstrapper.class]: Unsatisfied dependency expressed through constructor parameter 1; nested exception is org.springframework.beans.factory.UnsatisfiedDependencyException: Error creating bean with name 'webMvcRequestHandlerProvider' defined in URL [jar:file:/C:/Users/jinuk/.m2/repository/io/springfox/springfox-spring-webmvc/3.0.0/springfox-spring-webmvc-3.0.0.jar!/springfox/documentation/spring/web/plugins/WebMvcRequestHandlerProvider.class]: Unsatisfied dependency expressed through constructor parameter 2; nested exception is org.springframework.beans.factory.BeanCreationException: Error creating bean with name 'requestMappingHandlerMapping' defined in class path resource [org/springframework/web/servlet/config/annotation/DelegatingWebMvcConfiguration.class]: Invocation of init method failed; nested exception is java.lang.IllegalStateException: Ambiguous mapping. Cannot map 'conferenceController' method 
com.hypeboy.codemeets.controller.ConferenceController#exitConference(HttpServletRequest, int)
to {POST [/conference/enter]}: There is already 'conferenceController' bean method
com.hypeboy.codemeets.controller.ConferenceController#enterConference(HttpServletRequest, String) mapped.
[2023-02-06 00:03:03:6643132] [32m[restartedMain][0;39m [31mWARN [0;39m org.springframework.boot.autoconfigure.security.servlet.UserDetailsServiceAutoConfiguration.getOrDeducePassword :

Using generated security password: 8eeef044-6981-4831-b644-9b192f4442ab

This generated password is for development use only. Your security configuration must be updated before running your application in production.

[2023-02-06 00:03:03:6643299] [32m[restartedMain][0;39m [31mWARN [0;39m ?.? :Exception encountered during context initialization - cancelling refresh attempt: org.springframework.beans.factory.UnsatisfiedDependencyException: Error creating bean with name 'documentationPluginsBootstrapper' defined in URL [jar:file:/C:/Users/jinuk/.m2/repository/io/springfox/springfox-spring-web/3.0.0/springfox-spring-web-3.0.0.jar!/springfox/documentation/spring/web/plugins/DocumentationPluginsBootstrapper.class]: Unsatisfied dependency expressed through constructor parameter 1; nested exception is org.springframework.beans.factory.UnsatisfiedDependencyException: Error creating bean with name 'webMvcRequestHandlerProvider' defined in URL [jar:file:/C:/Users/jinuk/.m2/repository/io/springfox/springfox-spring-webmvc/3.0.0/springfox-spring-webmvc-3.0.0.jar!/springfox/documentation/spring/web/plugins/WebMvcRequestHandlerProvider.class]: Unsatisfied dependency expressed through constructor parameter 2; nested exception is org.springframework.beans.factory.BeanCreationException: Error creating bean with name 'requestMappingHandlerMapping' defined in class path resource [org/springframework/web/servlet/config/annotation/DelegatingWebMvcConfiguration.class]: Invocation of init method failed; nested exception is java.lang.IllegalStateException: Ambiguous mapping. Cannot map 'conferenceController' method 
com.hypeboy.codemeets.controller.ConferenceController#exitConference(HttpServletRequest, int)
to {POST [/conference/enter]}: There is already 'conferenceController' bean method
com.hypeboy.codemeets.controller.ConferenceController#enterConference(HttpServletRequest, String) mapped.
[2023-02-06 00:03:18:6657963] [32m[restartedMain][0;39m [31mWARN [0;39m org.springframework.boot.autoconfigure.security.servlet.UserDetailsServiceAutoConfiguration.getOrDeducePassword :

Using generated security password: d32cceed-1047-4e53-aedd-edc3f7c661e2

This generated password is for development use only. Your security configuration must be updated before running your application in production.

[2023-02-06 00:03:18:6658202] [32m[restartedMain][0;39m [31mWARN [0;39m org.springframework.context.support.AbstractApplicationContext.refresh :Exception encountered during context initialization - cancelling refresh attempt: org.springframework.beans.factory.UnsatisfiedDependencyException: Error creating bean with name 'documentationPluginsBootstrapper' defined in URL [jar:file:/C:/Users/jinuk/.m2/repository/io/springfox/springfox-spring-web/3.0.0/springfox-spring-web-3.0.0.jar!/springfox/documentation/spring/web/plugins/DocumentationPluginsBootstrapper.class]: Unsatisfied dependency expressed through constructor parameter 1; nested exception is org.springframework.beans.factory.UnsatisfiedDependencyException: Error creating bean with name 'webMvcRequestHandlerProvider' defined in URL [jar:file:/C:/Users/jinuk/.m2/repository/io/springfox/springfox-spring-webmvc/3.0.0/springfox-spring-webmvc-3.0.0.jar!/springfox/documentation/spring/web/plugins/WebMvcRequestHandlerProvider.class]: Unsatisfied dependency expressed through constructor parameter 2; nested exception is org.springframework.beans.factory.BeanCreationException: Error creating bean with name 'requestMappingHandlerMapping' defined in class path resource [org/springframework/web/servlet/config/annotation/DelegatingWebMvcConfiguration.class]: Invocation of init method failed; nested exception is java.lang.IllegalStateException: Ambiguous mapping. Cannot map 'conferenceController' method 
com.hypeboy.codemeets.controller.ConferenceController#exitConference(HttpServletRequest, int)
to {POST [/conference/enter]}: There is already 'conferenceController' bean method
com.hypeboy.codemeets.controller.ConferenceController#enterConference(HttpServletRequest, String) mapped.
[2023-02-06 00:03:23:6662391] [32m[restartedMain][0;39m [31mWARN [0;39m org.springframework.boot.autoconfigure.security.servlet.UserDetailsServiceAutoConfiguration.getOrDeducePassword :

Using generated security password: 110103c8-c26c-4f66-ae5a-f75abe320e62

This generated password is for development use only. Your security configuration must be updated before running your application in production.

[2023-02-06 00:03:23:6662647] [32m[restartedMain][0;39m [31mWARN [0;39m org.springframework.context.support.AbstractApplicationContext.refresh :Exception encountered during context initialization - cancelling refresh attempt: org.springframework.beans.factory.UnsatisfiedDependencyException: Error creating bean with name 'documentationPluginsBootstrapper' defined in URL [jar:file:/C:/Users/jinuk/.m2/repository/io/springfox/springfox-spring-web/3.0.0/springfox-spring-web-3.0.0.jar!/springfox/documentation/spring/web/plugins/DocumentationPluginsBootstrapper.class]: Unsatisfied dependency expressed through constructor parameter 1; nested exception is org.springframework.beans.factory.UnsatisfiedDependencyException: Error creating bean with name 'webMvcRequestHandlerProvider' defined in URL [jar:file:/C:/Users/jinuk/.m2/repository/io/springfox/springfox-spring-webmvc/3.0.0/springfox-spring-webmvc-3.0.0.jar!/springfox/documentation/spring/web/plugins/WebMvcRequestHandlerProvider.class]: Unsatisfied dependency expressed through constructor parameter 2; nested exception is org.springframework.beans.factory.BeanCreationException: Error creating bean with name 'requestMappingHandlerMapping' defined in class path resource [org/springframework/web/servlet/config/annotation/DelegatingWebMvcConfiguration.class]: Invocation of init method failed; nested exception is java.lang.IllegalStateException: Ambiguous mapping. Cannot map 'conferenceController' method 
com.hypeboy.codemeets.controller.ConferenceController#exitConference(HttpServletRequest, int)
to {POST [/conference/enter]}: There is already 'conferenceController' bean method
com.hypeboy.codemeets.controller.ConferenceController#enterConference(HttpServletRequest, String) mapped.
[2023-02-06 00:03:26:6665681] [32m[restartedMain][0;39m [31mWARN [0;39m org.springframework.boot.autoconfigure.security.servlet.UserDetailsServiceAutoConfiguration.getOrDeducePassword :

Using generated security password: 0cbd2e21-cd0f-4bd0-afdb-d62855eed203

This generated password is for development use only. Your security configuration must be updated before running your application in production.

[2023-02-06 00:03:26:6665811] [32m[restartedMain][0;39m [31mWARN [0;39m org.springframework.context.support.AbstractApplicationContext.refresh :Exception encountered during context initialization - cancelling refresh attempt: org.springframework.beans.factory.UnsatisfiedDependencyException: Error creating bean with name 'documentationPluginsBootstrapper' defined in URL [jar:file:/C:/Users/jinuk/.m2/repository/io/springfox/springfox-spring-web/3.0.0/springfox-spring-web-3.0.0.jar!/springfox/documentation/spring/web/plugins/DocumentationPluginsBootstrapper.class]: Unsatisfied dependency expressed through constructor parameter 1; nested exception is org.springframework.beans.factory.UnsatisfiedDependencyException: Error creating bean with name 'webMvcRequestHandlerProvider' defined in URL [jar:file:/C:/Users/jinuk/.m2/repository/io/springfox/springfox-spring-webmvc/3.0.0/springfox-spring-webmvc-3.0.0.jar!/springfox/documentation/spring/web/plugins/WebMvcRequestHandlerProvider.class]: Unsatisfied dependency expressed through constructor parameter 2; nested exception is org.springframework.beans.factory.BeanCreationException: Error creating bean with name 'requestMappingHandlerMapping' defined in class path resource [org/springframework/web/servlet/config/annotation/DelegatingWebMvcConfiguration.class]: Invocation of init method failed; nested exception is java.lang.IllegalStateException: Ambiguous mapping. Cannot map 'conferenceController' method 
com.hypeboy.codemeets.controller.ConferenceController#exitConference(HttpServletRequest, int)
to {POST [/conference/enter]}: There is already 'conferenceController' bean method
com.hypeboy.codemeets.controller.ConferenceController#enterConference(HttpServletRequest, String) mapped.
[2023-02-06 00:03:29:6669211] [32m[restartedMain][0;39m [31mWARN [0;39m org.springframework.boot.autoconfigure.security.servlet.UserDetailsServiceAutoConfiguration.getOrDeducePassword :

Using generated security password: 64d7f0fa-5261-4e8e-b3ad-0c61721b3b5b

This generated password is for development use only. Your security configuration must be updated before running your application in production.

[2023-02-06 00:03:30:6669372] [32m[restartedMain][0;39m [31mWARN [0;39m org.springframework.context.support.AbstractApplicationContext.refresh :Exception encountered during context initialization - cancelling refresh attempt: org.springframework.beans.factory.UnsatisfiedDependencyException: Error creating bean with name 'documentationPluginsBootstrapper' defined in URL [jar:file:/C:/Users/jinuk/.m2/repository/io/springfox/springfox-spring-web/3.0.0/springfox-spring-web-3.0.0.jar!/springfox/documentation/spring/web/plugins/DocumentationPluginsBootstrapper.class]: Unsatisfied dependency expressed through constructor parameter 1; nested exception is org.springframework.beans.factory.UnsatisfiedDependencyException: Error creating bean with name 'webMvcRequestHandlerProvider' defined in URL [jar:file:/C:/Users/jinuk/.m2/repository/io/springfox/springfox-spring-webmvc/3.0.0/springfox-spring-webmvc-3.0.0.jar!/springfox/documentation/spring/web/plugins/WebMvcRequestHandlerProvider.class]: Unsatisfied dependency expressed through constructor parameter 2; nested exception is org.springframework.beans.factory.BeanCreationException: Error creating bean with name 'requestMappingHandlerMapping' defined in class path resource [org/springframework/web/servlet/config/annotation/DelegatingWebMvcConfiguration.class]: Invocation of init method failed; nested exception is java.lang.IllegalStateException: Ambiguous mapping. Cannot map 'conferenceController' method 
com.hypeboy.codemeets.controller.ConferenceController#exitConference(HttpServletRequest, int)
to {POST [/conference/enter]}: There is already 'conferenceController' bean method
com.hypeboy.codemeets.controller.ConferenceController#enterConference(HttpServletRequest, String) mapped.
[2023-02-06 00:03:38:6677569] [32m[restartedMain][0;39m [31mWARN [0;39m org.springframework.boot.autoconfigure.security.servlet.UserDetailsServiceAutoConfiguration.getOrDeducePassword :

Using generated security password: e90020b7-7fb0-4549-9a92-b96c99724c56

This generated password is for development use only. Your security configuration must be updated before running your application in production.

[2023-02-06 00:03:38:6677690] [32m[restartedMain][0;39m [31mWARN [0;39m org.springframework.context.support.AbstractApplicationContext.refresh :Exception encountered during context initialization - cancelling refresh attempt: org.springframework.beans.factory.UnsatisfiedDependencyException: Error creating bean with name 'documentationPluginsBootstrapper' defined in URL [jar:file:/C:/Users/jinuk/.m2/repository/io/springfox/springfox-spring-web/3.0.0/springfox-spring-web-3.0.0.jar!/springfox/documentation/spring/web/plugins/DocumentationPluginsBootstrapper.class]: Unsatisfied dependency expressed through constructor parameter 1; nested exception is org.springframework.beans.factory.UnsatisfiedDependencyException: Error creating bean with name 'webMvcRequestHandlerProvider' defined in URL [jar:file:/C:/Users/jinuk/.m2/repository/io/springfox/springfox-spring-webmvc/3.0.0/springfox-spring-webmvc-3.0.0.jar!/springfox/documentation/spring/web/plugins/WebMvcRequestHandlerProvider.class]: Unsatisfied dependency expressed through constructor parameter 2; nested exception is org.springframework.beans.factory.BeanCreationException: Error creating bean with name 'requestMappingHandlerMapping' defined in class path resource [org/springframework/web/servlet/config/annotation/DelegatingWebMvcConfiguration.class]: Invocation of init method failed; nested exception is java.lang.IllegalStateException: Ambiguous mapping. Cannot map 'conferenceController' method 
com.hypeboy.codemeets.controller.ConferenceController#exitConference(HttpServletRequest, int)
to {POST [/conference/enter]}: There is already 'conferenceController' bean method
com.hypeboy.codemeets.controller.ConferenceController#enterConference(HttpServletRequest, String) mapped.
[2023-02-06 00:06:36:6855975] [32m[restartedMain][0;39m [31mWARN [0;39m org.springframework.boot.autoconfigure.security.servlet.UserDetailsServiceAutoConfiguration.getOrDeducePassword :

Using generated security password: 93700899-7330-4054-be1a-35d289f4a646

This generated password is for development use only. Your security configuration must be updated before running your application in production.

[2023-02-06 00:06:36:6856208] [32m[restartedMain][0;39m [31mWARN [0;39m org.springframework.context.support.AbstractApplicationContext.refresh :Exception encountered during context initialization - cancelling refresh attempt: org.springframework.beans.factory.UnsatisfiedDependencyException: Error creating bean with name 'documentationPluginsBootstrapper' defined in URL [jar:file:/C:/Users/jinuk/.m2/repository/io/springfox/springfox-spring-web/3.0.0/springfox-spring-web-3.0.0.jar!/springfox/documentation/spring/web/plugins/DocumentationPluginsBootstrapper.class]: Unsatisfied dependency expressed through constructor parameter 1; nested exception is org.springframework.beans.factory.UnsatisfiedDependencyException: Error creating bean with name 'webMvcRequestHandlerProvider' defined in URL [jar:file:/C:/Users/jinuk/.m2/repository/io/springfox/springfox-spring-webmvc/3.0.0/springfox-spring-webmvc-3.0.0.jar!/springfox/documentation/spring/web/plugins/WebMvcRequestHandlerProvider.class]: Unsatisfied dependency expressed through constructor parameter 2; nested exception is org.springframework.beans.factory.BeanCreationException: Error creating bean with name 'requestMappingHandlerMapping' defined in class path resource [org/springframework/web/servlet/config/annotation/DelegatingWebMvcConfiguration.class]: Invocation of init method failed; nested exception is java.lang.IllegalStateException: Ambiguous mapping. Cannot map 'conferenceController' method 
com.hypeboy.codemeets.controller.ConferenceController#exitConference(HttpServletRequest, int)
to {POST [/conference/enter]}: There is already 'conferenceController' bean method
com.hypeboy.codemeets.controller.ConferenceController#enterConference(HttpServletRequest, String) mapped.
[2023-02-06 00:08:36:6976033] [32m[restartedMain][0;39m [31mWARN [0;39m org.springframework.boot.autoconfigure.security.servlet.UserDetailsServiceAutoConfiguration.getOrDeducePassword :

Using generated security password: 0b91b6a0-12c2-4523-b443-819498e464d3

This generated password is for development use only. Your security configuration must be updated before running your application in production.

[2023-02-06 00:08:36:6976261] [32m[restartedMain][0;39m [31mWARN [0;39m org.springframework.security.config.annotation.web.builders.WebSecurity.performBuild :You are asking Spring Security to ignore Ant [pattern='/v2/api-docs']. This is not recommended -- please use permitAll via HttpSecurity#authorizeHttpRequests instead.
[2023-02-06 00:08:36:6976262] [32m[restartedMain][0;39m [31mWARN [0;39m org.springframework.security.config.annotation.web.builders.WebSecurity.performBuild :You are asking Spring Security to ignore Ant [pattern='/swagger-resources/**']. This is not recommended -- please use permitAll via HttpSecurity#authorizeHttpRequests instead.
[2023-02-06 00:08:36:6976262] [32m[restartedMain][0;39m [31mWARN [0;39m org.springframework.security.config.annotation.web.builders.WebSecurity.performBuild :You are asking Spring Security to ignore Ant [pattern='/swagger-ui.html']. This is not recommended -- please use permitAll via HttpSecurity#authorizeHttpRequests instead.
[2023-02-06 00:08:36:6976262] [32m[restartedMain][0;39m [31mWARN [0;39m org.springframework.security.config.annotation.web.builders.WebSecurity.performBuild :You are asking Spring Security to ignore Ant [pattern='/webjars/**']. This is not recommended -- please use permitAll via HttpSecurity#authorizeHttpRequests instead.
[2023-02-06 00:08:36:6976262] [32m[restartedMain][0;39m [31mWARN [0;39m org.springframework.security.config.annotation.web.builders.WebSecurity.performBuild :You are asking Spring Security to ignore Ant [pattern='/swagger/**']. This is not recommended -- please use permitAll via HttpSecurity#authorizeHttpRequests instead.
[2023-02-06 00:08:36:6976263] [32m[restartedMain][0;39m [31mWARN [0;39m org.springframework.security.config.annotation.web.builders.WebSecurity.performBuild :You are asking Spring Security to ignore Ant [pattern='/sign-api/exception']. This is not recommended -- please use permitAll via HttpSecurity#authorizeHttpRequests instead.
[2023-02-06 00:08:36:6976263] [32m[restartedMain][0;39m [31mWARN [0;39m org.springframework.security.config.annotation.web.builders.WebSecurity.performBuild :You are asking Spring Security to ignore Ant [pattern='/v3/api-docs/**']. This is not recommended -- please use permitAll via HttpSecurity#authorizeHttpRequests instead.
[2023-02-06 00:08:36:6976263] [32m[restartedMain][0;39m [31mWARN [0;39m org.springframework.security.config.annotation.web.builders.WebSecurity.performBuild :You are asking Spring Security to ignore Ant [pattern='/swagger-ui/**']. This is not recommended -- please use permitAll via HttpSecurity#authorizeHttpRequests instead.
[2023-02-06 00:08:36:6976317] [32m[restartedMain][0;39m [31mWARN [0;39m springfox.documentation.swagger.readers.operation.OperationImplicitParameterReader.modelSpecification :Unable to interpret the implicit parameter configuration with dataType: String, dataTypeClass: class java.lang.Void
[2023-02-06 00:08:36:6976319] [32m[restartedMain][0;39m [31mWARN [0;39m springfox.documentation.swagger.readers.operation.OperationImplicitParameterReader.modelSpecification :Unable to interpret the implicit parameter configuration with dataType: String, dataTypeClass: class java.lang.Void
[2023-02-06 00:08:36:6976322] [32m[restartedMain][0;39m [31mWARN [0;39m springfox.documentation.swagger.readers.operation.OperationImplicitParameterReader.modelSpecification :Unable to interpret the implicit parameter configuration with dataType: String, dataTypeClass: class java.lang.Void
[2023-02-06 00:08:37:6976324] [32m[restartedMain][0;39m [31mWARN [0;39m springfox.documentation.swagger.readers.operation.OperationImplicitParameterReader.modelSpecification :Unable to interpret the implicit parameter configuration with dataType: String, dataTypeClass: class java.lang.Void
[2023-02-06 00:08:37:6976341] [32m[restartedMain][0;39m [31mWARN [0;39m springfox.documentation.swagger.readers.operation.OperationImplicitParameterReader.modelSpecification :Unable to interpret the implicit parameter configuration with dataType: String, dataTypeClass: class java.lang.Void
[2023-02-06 00:08:37:6976342] [32m[restartedMain][0;39m [31mWARN [0;39m springfox.documentation.swagger.readers.operation.OperationImplicitParameterReader.modelSpecification :Unable to interpret the implicit parameter configuration with dataType: String, dataTypeClass: class java.lang.Void
[2023-02-06 00:08:37:6976345] [32m[restartedMain][0;39m [31mWARN [0;39m springfox.documentation.swagger.readers.operation.OperationImplicitParameterReader.modelSpecification :Unable to interpret the implicit parameter configuration with dataType: String, dataTypeClass: class java.lang.Void
[2023-02-06 00:08:37:6976346] [32m[restartedMain][0;39m [31mWARN [0;39m springfox.documentation.swagger.readers.operation.OperationImplicitParameterReader.modelSpecification :Unable to interpret the implicit parameter configuration with dataType: String, dataTypeClass: class java.lang.Void
[2023-02-06 00:08:37:6976348] [32m[restartedMain][0;39m [31mWARN [0;39m springfox.documentation.swagger.readers.operation.OperationImplicitParameterReader.modelSpecification :Unable to interpret the implicit parameter configuration with dataType: String, dataTypeClass: class java.lang.Void
[2023-02-06 00:08:37:6976357] [32m[restartedMain][0;39m [31mWARN [0;39m springfox.documentation.swagger.readers.operation.OperationImplicitParameterReader.modelSpecification :Unable to interpret the implicit parameter configuration with dataType: String, dataTypeClass: class java.lang.Void
[2023-02-06 00:08:37:6976360] [32m[restartedMain][0;39m [31mWARN [0;39m springfox.documentation.swagger.readers.operation.OperationImplicitParameterReader.modelSpecification :Unable to interpret the implicit parameter configuration with dataType: String, dataTypeClass: class java.lang.Void
[2023-02-06 00:08:37:6976361] [32m[restartedMain][0;39m [31mWARN [0;39m springfox.documentation.swagger.readers.operation.OperationImplicitParameterReader.modelSpecification :Unable to interpret the implicit parameter configuration with dataType: String, dataTypeClass: class java.lang.Void
[2023-02-06 00:08:37:6976385] [32m[restartedMain][0;39m [31mWARN [0;39m springfox.documentation.swagger.readers.operation.OperationImplicitParameterReader.modelSpecification :Unable to interpret the implicit parameter configuration with dataType: String, dataTypeClass: class java.lang.Void
[2023-02-06 00:08:37:6976387] [32m[restartedMain][0;39m [31mWARN [0;39m springfox.documentation.swagger.readers.operation.OperationImplicitParameterReader.modelSpecification :Unable to interpret the implicit parameter configuration with dataType: String, dataTypeClass: class java.lang.Void
[2023-02-06 00:08:37:6976389] [32m[restartedMain][0;39m [31mWARN [0;39m springfox.documentation.swagger.readers.operation.OperationImplicitParameterReader.modelSpecification :Unable to interpret the implicit parameter configuration with dataType: String, dataTypeClass: class java.lang.Void
[2023-02-06 00:08:37:6976389] [32m[restartedMain][0;39m [31mWARN [0;39m springfox.documentation.swagger.readers.operation.OperationImplicitParameterReader.modelSpecification :Unable to interpret the implicit parameter configuration with dataType: String, dataTypeClass: class java.lang.Void
[2023-02-06 00:08:37:6976390] [32m[restartedMain][0;39m [31mWARN [0;39m springfox.documentation.swagger.readers.operation.OperationImplicitParameterReader.modelSpecification :Unable to interpret the implicit parameter configuration with dataType: String, dataTypeClass: class java.lang.Void
[2023-02-06 00:08:37:6976393] [32m[restartedMain][0;39m [31mWARN [0;39m springfox.documentation.swagger.readers.operation.OperationImplicitParameterReader.modelSpecification :Unable to interpret the implicit parameter configuration with dataType: String, dataTypeClass: class java.lang.Void
[2023-02-06 00:08:55:6994776] [32m[restartedMain][0;39m [31mWARN [0;39m org.springframework.boot.autoconfigure.security.servlet.UserDetailsServiceAutoConfiguration.getOrDeducePassword :

Using generated security password: eb8971a9-fade-44d5-9ca5-6a046e674c07

This generated password is for development use only. Your security configuration must be updated before running your application in production.

[2023-02-06 00:08:55:6994916] [32m[restartedMain][0;39m [31mWARN [0;39m org.springframework.context.support.AbstractApplicationContext.refresh :Exception encountered during context initialization - cancelling refresh attempt: org.springframework.beans.factory.UnsatisfiedDependencyException: Error creating bean with name 'documentationPluginsBootstrapper' defined in URL [jar:file:/C:/Users/jinuk/.m2/repository/io/springfox/springfox-spring-web/3.0.0/springfox-spring-web-3.0.0.jar!/springfox/documentation/spring/web/plugins/DocumentationPluginsBootstrapper.class]: Unsatisfied dependency expressed through constructor parameter 1; nested exception is org.springframework.beans.factory.UnsatisfiedDependencyException: Error creating bean with name 'webMvcRequestHandlerProvider' defined in URL [jar:file:/C:/Users/jinuk/.m2/repository/io/springfox/springfox-spring-webmvc/3.0.0/springfox-spring-webmvc-3.0.0.jar!/springfox/documentation/spring/web/plugins/WebMvcRequestHandlerProvider.class]: Unsatisfied dependency expressed through constructor parameter 2; nested exception is org.springframework.beans.factory.BeanCreationException: Error creating bean with name 'requestMappingHandlerMapping' defined in class path resource [org/springframework/web/servlet/config/annotation/DelegatingWebMvcConfiguration.class]: Invocation of init method failed; nested exception is java.lang.IllegalStateException: Ambiguous mapping. Cannot map 'conferenceController' method 
com.hypeboy.codemeets.controller.ConferenceController#enterConference(HttpServletRequest, String)
to {POST [/conference/enter]}: There is already 'conferenceController' bean method
com.hypeboy.codemeets.controller.ConferenceController#enterConference(HttpServletRequest, int) mapped.
[2023-02-06 00:09:04:7004110] [32m[restartedMain][0;39m [31mWARN [0;39m org.springframework.boot.autoconfigure.security.servlet.UserDetailsServiceAutoConfiguration.getOrDeducePassword :

Using generated security password: 9b5e6ba6-5dc3-4f62-9163-b8cba748c8da

This generated password is for development use only. Your security configuration must be updated before running your application in production.

[2023-02-06 00:09:04:7004271] [32m[restartedMain][0;39m [31mWARN [0;39m org.springframework.context.support.AbstractApplicationContext.refresh :Exception encountered during context initialization - cancelling refresh attempt: org.springframework.beans.factory.UnsatisfiedDependencyException: Error creating bean with name 'documentationPluginsBootstrapper' defined in URL [jar:file:/C:/Users/jinuk/.m2/repository/io/springfox/springfox-spring-web/3.0.0/springfox-spring-web-3.0.0.jar!/springfox/documentation/spring/web/plugins/DocumentationPluginsBootstrapper.class]: Unsatisfied dependency expressed through constructor parameter 1; nested exception is org.springframework.beans.factory.UnsatisfiedDependencyException: Error creating bean with name 'webMvcRequestHandlerProvider' defined in URL [jar:file:/C:/Users/jinuk/.m2/repository/io/springfox/springfox-spring-webmvc/3.0.0/springfox-spring-webmvc-3.0.0.jar!/springfox/documentation/spring/web/plugins/WebMvcRequestHandlerProvider.class]: Unsatisfied dependency expressed through constructor parameter 2; nested exception is org.springframework.beans.factory.BeanCreationException: Error creating bean with name 'requestMappingHandlerMapping' defined in class path resource [org/springframework/web/servlet/config/annotation/DelegatingWebMvcConfiguration.class]: Invocation of init method failed; nested exception is java.lang.IllegalStateException: Ambiguous mapping. Cannot map 'conferenceController' method 
com.hypeboy.codemeets.controller.ConferenceController#exitConference(HttpServletRequest, int)
to {POST [/conference/enter]}: There is already 'conferenceController' bean method
com.hypeboy.codemeets.controller.ConferenceController#enterConference(HttpServletRequest, String) mapped.
[2023-02-06 00:09:12:7011360] [32m[restartedMain][0;39m [31mWARN [0;39m org.springframework.boot.autoconfigure.security.servlet.UserDetailsServiceAutoConfiguration.getOrDeducePassword :

Using generated security password: ca5bc022-3a23-4c1b-8969-df9b846df42d

This generated password is for development use only. Your security configuration must be updated before running your application in production.

[2023-02-06 00:09:12:7011648] [32m[restartedMain][0;39m [31mWARN [0;39m org.springframework.security.config.annotation.web.builders.WebSecurity.performBuild :You are asking Spring Security to ignore Ant [pattern='/v2/api-docs']. This is not recommended -- please use permitAll via HttpSecurity#authorizeHttpRequests instead.
[2023-02-06 00:09:12:7011648] [32m[restartedMain][0;39m [31mWARN [0;39m org.springframework.security.config.annotation.web.builders.WebSecurity.performBuild :You are asking Spring Security to ignore Ant [pattern='/swagger-resources/**']. This is not recommended -- please use permitAll via HttpSecurity#authorizeHttpRequests instead.
[2023-02-06 00:09:12:7011648] [32m[restartedMain][0;39m [31mWARN [0;39m org.springframework.security.config.annotation.web.builders.WebSecurity.performBuild :You are asking Spring Security to ignore Ant [pattern='/swagger-ui.html']. This is not recommended -- please use permitAll via HttpSecurity#authorizeHttpRequests instead.
[2023-02-06 00:09:12:7011649] [32m[restartedMain][0;39m [31mWARN [0;39m org.springframework.security.config.annotation.web.builders.WebSecurity.performBuild :You are asking Spring Security to ignore Ant [pattern='/webjars/**']. This is not recommended -- please use permitAll via HttpSecurity#authorizeHttpRequests instead.
[2023-02-06 00:09:12:7011649] [32m[restartedMain][0;39m [31mWARN [0;39m org.springframework.security.config.annotation.web.builders.WebSecurity.performBuild :You are asking Spring Security to ignore Ant [pattern='/swagger/**']. This is not recommended -- please use permitAll via HttpSecurity#authorizeHttpRequests instead.
[2023-02-06 00:09:12:7011649] [32m[restartedMain][0;39m [31mWARN [0;39m org.springframework.security.config.annotation.web.builders.WebSecurity.performBuild :You are asking Spring Security to ignore Ant [pattern='/sign-api/exception']. This is not recommended -- please use permitAll via HttpSecurity#authorizeHttpRequests instead.
[2023-02-06 00:09:12:7011649] [32m[restartedMain][0;39m [31mWARN [0;39m org.springframework.security.config.annotation.web.builders.WebSecurity.performBuild :You are asking Spring Security to ignore Ant [pattern='/v3/api-docs/**']. This is not recommended -- please use permitAll via HttpSecurity#authorizeHttpRequests instead.
[2023-02-06 00:09:12:7011649] [32m[restartedMain][0;39m [31mWARN [0;39m org.springframework.security.config.annotation.web.builders.WebSecurity.performBuild :You are asking Spring Security to ignore Ant [pattern='/swagger-ui/**']. This is not recommended -- please use permitAll via HttpSecurity#authorizeHttpRequests instead.
[2023-02-06 00:09:12:7011704] [32m[restartedMain][0;39m [31mWARN [0;39m springfox.documentation.swagger.readers.operation.OperationImplicitParameterReader.modelSpecification :Unable to interpret the implicit parameter configuration with dataType: String, dataTypeClass: class java.lang.Void
[2023-02-06 00:09:12:7011706] [32m[restartedMain][0;39m [31mWARN [0;39m springfox.documentation.swagger.readers.operation.OperationImplicitParameterReader.modelSpecification :Unable to interpret the implicit parameter configuration with dataType: String, dataTypeClass: class java.lang.Void
[2023-02-06 00:09:12:7011710] [32m[restartedMain][0;39m [31mWARN [0;39m springfox.documentation.swagger.readers.operation.OperationImplicitParameterReader.modelSpecification :Unable to interpret the implicit parameter configuration with dataType: String, dataTypeClass: class java.lang.Void
[2023-02-06 00:09:12:7011711] [32m[restartedMain][0;39m [31mWARN [0;39m springfox.documentation.swagger.readers.operation.OperationImplicitParameterReader.modelSpecification :Unable to interpret the implicit parameter configuration with dataType: String, dataTypeClass: class java.lang.Void
[2023-02-06 00:09:12:7011712] [32m[restartedMain][0;39m [31mWARN [0;39m springfox.documentation.swagger.readers.operation.OperationImplicitParameterReader.modelSpecification :Unable to interpret the implicit parameter configuration with dataType: String, dataTypeClass: class java.lang.Void
[2023-02-06 00:09:12:7011731] [32m[restartedMain][0;39m [31mWARN [0;39m springfox.documentation.swagger.readers.operation.OperationImplicitParameterReader.modelSpecification :Unable to interpret the implicit parameter configuration with dataType: String, dataTypeClass: class java.lang.Void
[2023-02-06 00:09:12:7011732] [32m[restartedMain][0;39m [31mWARN [0;39m springfox.documentation.swagger.readers.operation.OperationImplicitParameterReader.modelSpecification :Unable to interpret the implicit parameter configuration with dataType: String, dataTypeClass: class java.lang.Void
[2023-02-06 00:09:12:7011735] [32m[restartedMain][0;39m [31mWARN [0;39m springfox.documentation.swagger.readers.operation.OperationImplicitParameterReader.modelSpecification :Unable to interpret the implicit parameter configuration with dataType: String, dataTypeClass: class java.lang.Void
[2023-02-06 00:09:12:7011737] [32m[restartedMain][0;39m [31mWARN [0;39m springfox.documentation.swagger.readers.operation.OperationImplicitParameterReader.modelSpecification :Unable to interpret the implicit parameter configuration with dataType: String, dataTypeClass: class java.lang.Void
[2023-02-06 00:09:12:7011738] [32m[restartedMain][0;39m [31mWARN [0;39m springfox.documentation.swagger.readers.operation.OperationImplicitParameterReader.modelSpecification :Unable to interpret the implicit parameter configuration with dataType: String, dataTypeClass: class java.lang.Void
[2023-02-06 00:09:12:7011747] [32m[restartedMain][0;39m [31mWARN [0;39m springfox.documentation.swagger.readers.operation.OperationImplicitParameterReader.modelSpecification :Unable to interpret the implicit parameter configuration with dataType: String, dataTypeClass: class java.lang.Void
[2023-02-06 00:09:12:7011750] [32m[restartedMain][0;39m [31mWARN [0;39m springfox.documentation.swagger.readers.operation.OperationImplicitParameterReader.modelSpecification :Unable to interpret the implicit parameter configuration with dataType: String, dataTypeClass: class java.lang.Void
[2023-02-06 00:09:12:7011752] [32m[restartedMain][0;39m [31mWARN [0;39m springfox.documentation.swagger.readers.operation.OperationImplicitParameterReader.modelSpecification :Unable to interpret the implicit parameter configuration with dataType: String, dataTypeClass: class java.lang.Void
[2023-02-06 00:09:12:7011776] [32m[restartedMain][0;39m [31mWARN [0;39m springfox.documentation.swagger.readers.operation.OperationImplicitParameterReader.modelSpecification :Unable to interpret the implicit parameter configuration with dataType: String, dataTypeClass: class java.lang.Void
[2023-02-06 00:09:12:7011779] [32m[restartedMain][0;39m [31mWARN [0;39m springfox.documentation.swagger.readers.operation.OperationImplicitParameterReader.modelSpecification :Unable to interpret the implicit parameter configuration with dataType: String, dataTypeClass: class java.lang.Void
[2023-02-06 00:09:12:7011781] [32m[restartedMain][0;39m [31mWARN [0;39m springfox.documentation.swagger.readers.operation.OperationImplicitParameterReader.modelSpecification :Unable to interpret the implicit parameter configuration with dataType: String, dataTypeClass: class java.lang.Void
[2023-02-06 00:09:12:7011782] [32m[restartedMain][0;39m [31mWARN [0;39m springfox.documentation.swagger.readers.operation.OperationImplicitParameterReader.modelSpecification :Unable to interpret the implicit parameter configuration with dataType: String, dataTypeClass: class java.lang.Void
[2023-02-06 00:09:12:7011783] [32m[restartedMain][0;39m [31mWARN [0;39m springfox.documentation.swagger.readers.operation.OperationImplicitParameterReader.modelSpecification :Unable to interpret the implicit parameter configuration with dataType: String, dataTypeClass: class java.lang.Void
[2023-02-06 00:09:12:7011786] [32m[restartedMain][0;39m [31mWARN [0;39m springfox.documentation.swagger.readers.operation.OperationImplicitParameterReader.modelSpecification :Unable to interpret the implicit parameter configuration with dataType: String, dataTypeClass: class java.lang.Void
[2023-02-06 00:09:24:7024114] [32m[restartedMain][0;39m [31mWARN [0;39m ?.? :

Using generated security password: 930c602a-6ebd-489c-bbec-b770fa0f114c

This generated password is for development use only. Your security configuration must be updated before running your application in production.

[2023-02-06 00:09:25:7024449] [32m[restartedMain][0;39m [31mWARN [0;39m org.springframework.security.config.annotation.web.builders.WebSecurity.performBuild :You are asking Spring Security to ignore Ant [pattern='/v2/api-docs']. This is not recommended -- please use permitAll via HttpSecurity#authorizeHttpRequests instead.
[2023-02-06 00:09:25:7024450] [32m[restartedMain][0;39m [31mWARN [0;39m org.springframework.security.config.annotation.web.builders.WebSecurity.performBuild :You are asking Spring Security to ignore Ant [pattern='/swagger-resources/**']. This is not recommended -- please use permitAll via HttpSecurity#authorizeHttpRequests instead.
[2023-02-06 00:09:25:7024450] [32m[restartedMain][0;39m [31mWARN [0;39m org.springframework.security.config.annotation.web.builders.WebSecurity.performBuild :You are asking Spring Security to ignore Ant [pattern='/swagger-ui.html']. This is not recommended -- please use permitAll via HttpSecurity#authorizeHttpRequests instead.
[2023-02-06 00:09:25:7024450] [32m[restartedMain][0;39m [31mWARN [0;39m org.springframework.security.config.annotation.web.builders.WebSecurity.performBuild :You are asking Spring Security to ignore Ant [pattern='/webjars/**']. This is not recommended -- please use permitAll via HttpSecurity#authorizeHttpRequests instead.
[2023-02-06 00:09:25:7024450] [32m[restartedMain][0;39m [31mWARN [0;39m org.springframework.security.config.annotation.web.builders.WebSecurity.performBuild :You are asking Spring Security to ignore Ant [pattern='/swagger/**']. This is not recommended -- please use permitAll via HttpSecurity#authorizeHttpRequests instead.
[2023-02-06 00:09:25:7024451] [32m[restartedMain][0;39m [31mWARN [0;39m org.springframework.security.config.annotation.web.builders.WebSecurity.performBuild :You are asking Spring Security to ignore Ant [pattern='/sign-api/exception']. This is not recommended -- please use permitAll via HttpSecurity#authorizeHttpRequests instead.
[2023-02-06 00:09:25:7024451] [32m[restartedMain][0;39m [31mWARN [0;39m org.springframework.security.config.annotation.web.builders.WebSecurity.performBuild :You are asking Spring Security to ignore Ant [pattern='/v3/api-docs/**']. This is not recommended -- please use permitAll via HttpSecurity#authorizeHttpRequests instead.
[2023-02-06 00:09:25:7024451] [32m[restartedMain][0;39m [31mWARN [0;39m org.springframework.security.config.annotation.web.builders.WebSecurity.performBuild :You are asking Spring Security to ignore Ant [pattern='/swagger-ui/**']. This is not recommended -- please use permitAll via HttpSecurity#authorizeHttpRequests instead.
[2023-02-06 00:09:25:7024511] [32m[restartedMain][0;39m [31mWARN [0;39m springfox.documentation.swagger.readers.operation.OperationImplicitParameterReader.modelSpecification :Unable to interpret the implicit parameter configuration with dataType: String, dataTypeClass: class java.lang.Void
[2023-02-06 00:09:25:7024514] [32m[restartedMain][0;39m [31mWARN [0;39m springfox.documentation.swagger.readers.operation.OperationImplicitParameterReader.modelSpecification :Unable to interpret the implicit parameter configuration with dataType: String, dataTypeClass: class java.lang.Void
[2023-02-06 00:09:25:7024518] [32m[restartedMain][0;39m [31mWARN [0;39m springfox.documentation.swagger.readers.operation.OperationImplicitParameterReader.modelSpecification :Unable to interpret the implicit parameter configuration with dataType: String, dataTypeClass: class java.lang.Void
[2023-02-06 00:09:25:7024519] [32m[restartedMain][0;39m [31mWARN [0;39m springfox.documentation.swagger.readers.operation.OperationImplicitParameterReader.modelSpecification :Unable to interpret the implicit parameter configuration with dataType: String, dataTypeClass: class java.lang.Void
[2023-02-06 00:09:25:7024521] [32m[restartedMain][0;39m [31mWARN [0;39m springfox.documentation.swagger.readers.operation.OperationImplicitParameterReader.modelSpecification :Unable to interpret the implicit parameter configuration with dataType: String, dataTypeClass: class java.lang.Void
[2023-02-06 00:09:25:7024546] [32m[restartedMain][0;39m [31mWARN [0;39m springfox.documentation.swagger.readers.operation.OperationImplicitParameterReader.modelSpecification :Unable to interpret the implicit parameter configuration with dataType: String, dataTypeClass: class java.lang.Void
[2023-02-06 00:09:25:7024547] [32m[restartedMain][0;39m [31mWARN [0;39m springfox.documentation.swagger.readers.operation.OperationImplicitParameterReader.modelSpecification :Unable to interpret the implicit parameter configuration with dataType: String, dataTypeClass: class java.lang.Void
[2023-02-06 00:09:25:7024549] [32m[restartedMain][0;39m [31mWARN [0;39m springfox.documentation.swagger.readers.operation.OperationImplicitParameterReader.modelSpecification :Unable to interpret the implicit parameter configuration with dataType: String, dataTypeClass: class java.lang.Void
[2023-02-06 00:09:25:7024551] [32m[restartedMain][0;39m [31mWARN [0;39m springfox.documentation.swagger.readers.operation.OperationImplicitParameterReader.modelSpecification :Unable to interpret the implicit parameter configuration with dataType: String, dataTypeClass: class java.lang.Void
[2023-02-06 00:09:25:7024553] [32m[restartedMain][0;39m [31mWARN [0;39m springfox.documentation.swagger.readers.operation.OperationImplicitParameterReader.modelSpecification :Unable to interpret the implicit parameter configuration with dataType: String, dataTypeClass: class java.lang.Void
[2023-02-06 00:09:25:7024563] [32m[restartedMain][0;39m [31mWARN [0;39m springfox.documentation.swagger.readers.operation.OperationImplicitParameterReader.modelSpecification :Unable to interpret the implicit parameter configuration with dataType: String, dataTypeClass: class java.lang.Void
[2023-02-06 00:09:25:7024566] [32m[restartedMain][0;39m [31mWARN [0;39m springfox.documentation.swagger.readers.operation.OperationImplicitParameterReader.modelSpecification :Unable to interpret the implicit parameter configuration with dataType: String, dataTypeClass: class java.lang.Void
[2023-02-06 00:09:25:7024567] [32m[restartedMain][0;39m [31mWARN [0;39m springfox.documentation.swagger.readers.operation.OperationImplicitParameterReader.modelSpecification :Unable to interpret the implicit parameter configuration with dataType: String, dataTypeClass: class java.lang.Void
[2023-02-06 00:09:25:7024589] [32m[restartedMain][0;39m [31mWARN [0;39m springfox.documentation.swagger.readers.operation.OperationImplicitParameterReader.modelSpecification :Unable to interpret the implicit parameter configuration with dataType: String, dataTypeClass: class java.lang.Void
[2023-02-06 00:09:25:7024592] [32m[restartedMain][0;39m [31mWARN [0;39m springfox.documentation.swagger.readers.operation.OperationImplicitParameterReader.modelSpecification :Unable to interpret the implicit parameter configuration with dataType: String, dataTypeClass: class java.lang.Void
[2023-02-06 00:09:25:7024593] [32m[restartedMain][0;39m [31mWARN [0;39m springfox.documentation.swagger.readers.operation.OperationImplicitParameterReader.modelSpecification :Unable to interpret the implicit parameter configuration with dataType: String, dataTypeClass: class java.lang.Void
[2023-02-06 00:09:25:7024594] [32m[restartedMain][0;39m [31mWARN [0;39m springfox.documentation.swagger.readers.operation.OperationImplicitParameterReader.modelSpecification :Unable to interpret the implicit parameter configuration with dataType: String, dataTypeClass: class java.lang.Void
[2023-02-06 00:09:25:7024595] [32m[restartedMain][0;39m [31mWARN [0;39m springfox.documentation.swagger.readers.operation.OperationImplicitParameterReader.modelSpecification :Unable to interpret the implicit parameter configuration with dataType: String, dataTypeClass: class java.lang.Void
[2023-02-06 00:09:25:7024598] [32m[restartedMain][0;39m [31mWARN [0;39m springfox.documentation.swagger.readers.operation.OperationImplicitParameterReader.modelSpecification :Unable to interpret the implicit parameter configuration with dataType: String, dataTypeClass: class java.lang.Void
